2024-07-24T23:19:26.950+0800 [DEBUG] [org.gradle.launcher.daemon.bootstrap.DaemonMain] Assuming the daemon was started with following jvm opts: [--add-opens=java.base/java.util=ALL-UNNAMED, --add-opens=java.base/java.lang=ALL-UNNAMED, --add-opens=java.base/java.lang.invoke=ALL-UNNAMED, --add-opens=java.prefs/java.util.prefs=ALL-UNNAMED, --add-opens=java.base/java.nio.charset=ALL-UNNAMED, --add-opens=java.base/java.net=ALL-UNNAMED, --add-opens=java.base/java.util.concurrent.atomic=ALL-UNNAMED, -Xmx3G, -Dfile.encoding=GBK, -Duser.country=CN, -Duser.language=zh, -Duser.variant]
2024-07-24T23:19:27.028+0800 [DEBUG] [org.gradle.internal.nativeintegration.services.NativeServices] Native-platform posix files integration is not available. Continuing with fallback.
2024-07-24T23:19:27.043+0800 [INFO] [org.gradle.launcher.daemon.server.Daemon] start() called on daemon - DefaultDaemonContext[uid=691f0693-29cc-4d81-951e-0a7b89f1487f,javaHome=E:\Plain Craft Launcher 2\MC模组开发\Java\jdk-17,daemonRegistryDir=E:\Plain Craft Launcher 2\MC模组开发\the_medical_devices\forge-1.20.1-47.3.0-mdk\DotGradle\daemon,pid=19732,idleTimeout=10800000,priority=NORMAL,applyInstrumentationAgent=true,daemonOpts=--add-opens=java.base/java.util=ALL-UNNAMED,--add-opens=java.base/java.lang=ALL-UNNAMED,--add-opens=java.base/java.lang.invoke=ALL-UNNAMED,--add-opens=java.prefs/java.util.prefs=ALL-UNNAMED,--add-opens=java.base/java.nio.charset=ALL-UNNAMED,--add-opens=java.base/java.net=ALL-UNNAMED,--add-opens=java.base/java.util.concurrent.atomic=ALL-UNNAMED,-Xmx3G,-Dfile.encoding=GBK,-Duser.country=CN,-Duser.language=zh,-Duser.variant]
2024-07-24T23:19:27.090+0800 [DEBUG] [org.gradle.internal.remote.internal.inet.InetAddresses] Adding IP addresses for network interface Software Loopback Interface 1
2024-07-24T23:19:27.092+0800 [DEBUG] [org.gradle.internal.remote.internal.inet.InetAddresses] Is this a loopback interface? true
2024-07-24T23:19:27.093+0800 [DEBUG] [org.gradle.internal.remote.internal.inet.InetAddresses] Adding loopback address /127.0.0.1
2024-07-24T23:19:27.093+0800 [DEBUG] [org.gradle.internal.remote.internal.inet.InetAddresses] Adding loopback address /0:0:0:0:0:0:0:1
2024-07-24T23:19:27.093+0800 [DEBUG] [org.gradle.internal.remote.internal.inet.InetAddresses] Adding IP addresses for network interface Microsoft 6to4 Adapter
2024-07-24T23:19:27.095+0800 [DEBUG] [org.gradle.internal.remote.internal.inet.InetAddresses] Is this a loopback interface? false
2024-07-24T23:19:27.095+0800 [DEBUG] [org.gradle.internal.remote.internal.inet.InetAddresses] Adding IP addresses for network interface VMware Virtual Ethernet Adapter for VMnet8
2024-07-24T23:19:27.097+0800 [DEBUG] [org.gradle.internal.remote.internal.inet.InetAddresses] Is this a loopback interface? false
2024-07-24T23:19:27.098+0800 [DEBUG] [org.gradle.internal.remote.internal.inet.InetAddresses] Adding remote address /192.168.116.1
2024-07-24T23:19:27.098+0800 [DEBUG] [org.gradle.internal.remote.internal.inet.InetAddresses] Adding remote address /fe80:0:0:0:1382:fb06:4c18:da26%eth0
2024-07-24T23:19:27.098+0800 [DEBUG] [org.gradle.internal.remote.internal.inet.InetAddresses] Adding IP addresses for network interface WAN Miniport (SSTP)
2024-07-24T23:19:27.100+0800 [DEBUG] [org.gradle.internal.remote.internal.inet.InetAddresses] Is this a loopback interface? false
2024-07-24T23:19:27.100+0800 [DEBUG] [org.gradle.internal.remote.internal.inet.InetAddresses] Adding IP addresses for network interface Famatech Radmin VPN Ethernet Adapter
2024-07-24T23:19:27.103+0800 [DEBUG] [org.gradle.internal.remote.internal.inet.InetAddresses] Is this a loopback interface? false
2024-07-24T23:19:27.103+0800 [DEBUG] [org.gradle.internal.remote.internal.inet.InetAddresses] Adding remote address /26.60.219.222
2024-07-24T23:19:27.103+0800 [DEBUG] [org.gradle.internal.remote.internal.inet.InetAddresses] Adding remote address /fdfd:0:0:0:0:0:1a3c:dbde
2024-07-24T23:19:27.103+0800 [DEBUG] [org.gradle.internal.remote.internal.inet.InetAddresses] Adding remote address /fe80:0:0:0:5146:540f:b1a7:2485%eth1
2024-07-24T23:19:27.103+0800 [DEBUG] [org.gradle.internal.remote.internal.inet.InetAddresses] Adding IP addresses for network interface WAN Miniport (PPTP)
2024-07-24T23:19:27.105+0800 [DEBUG] [org.gradle.internal.remote.internal.inet.InetAddresses] Is this a loopback interface? false
2024-07-24T23:19:27.105+0800 [DEBUG] [org.gradle.internal.remote.internal.inet.InetAddresses] Adding IP addresses for network interface VMware Virtual Ethernet Adapter for VMnet1
2024-07-24T23:19:27.108+0800 [DEBUG] [org.gradle.internal.remote.internal.inet.InetAddresses] Is this a loopback interface? false
2024-07-24T23:19:27.108+0800 [DEBUG] [org.gradle.internal.remote.internal.inet.InetAddresses] Adding remote address /192.168.70.1
2024-07-24T23:19:27.108+0800 [DEBUG] [org.gradle.internal.remote.internal.inet.InetAddresses] Adding remote address /fe80:0:0:0:20e7:a73b:4342:600f%eth2
2024-07-24T23:19:27.108+0800 [DEBUG] [org.gradle.internal.remote.internal.inet.InetAddresses] Adding IP addresses for network interface Realtek PCIe GbE Family Controller
2024-07-24T23:19:27.110+0800 [DEBUG] [org.gradle.internal.remote.internal.inet.InetAddresses] Is this a loopback interface? false
2024-07-24T23:19:27.110+0800 [DEBUG] [org.gradle.internal.remote.internal.inet.InetAddresses] Adding remote address /fe80:0:0:0:de47:e1c7:f2fd:c346%eth3
2024-07-24T23:19:27.110+0800 [DEBUG] [org.gradle.internal.remote.internal.inet.InetAddresses] Adding IP addresses for network interface Intel(R) Wi-Fi 6E AX211 160MHz
2024-07-24T23:19:27.113+0800 [DEBUG] [org.gradle.internal.remote.internal.inet.InetAddresses] Is this a loopback interface? false
2024-07-24T23:19:27.113+0800 [DEBUG] [org.gradle.internal.remote.internal.inet.InetAddresses] Adding remote address /192.168.101.20
2024-07-24T23:19:27.113+0800 [DEBUG] [org.gradle.internal.remote.internal.inet.InetAddresses] Adding remote address /fe80:0:0:0:3062:9914:c0c8:dff4%wlan0
2024-07-24T23:19:27.113+0800 [DEBUG] [org.gradle.internal.remote.internal.inet.InetAddresses] Adding IP addresses for network interface Microsoft IP-HTTPS Platform Adapter
2024-07-24T23:19:27.115+0800 [DEBUG] [org.gradle.internal.remote.internal.inet.InetAddresses] Is this a loopback interface? false
2024-07-24T23:19:27.116+0800 [DEBUG] [org.gradle.internal.remote.internal.inet.InetAddresses] Adding IP addresses for network interface WAN Miniport (Network Monitor)
2024-07-24T23:19:27.118+0800 [DEBUG] [org.gradle.internal.remote.internal.inet.InetAddresses] Is this a loopback interface? false
2024-07-24T23:19:27.118+0800 [DEBUG] [org.gradle.internal.remote.internal.inet.InetAddresses] Adding IP addresses for network interface WAN Miniport (PPPOE)
2024-07-24T23:19:27.120+0800 [DEBUG] [org.gradle.internal.remote.internal.inet.InetAddresses] Is this a loopback interface? false
2024-07-24T23:19:27.120+0800 [DEBUG] [org.gradle.internal.remote.internal.inet.InetAddresses] Adding IP addresses for network interface WAN Miniport (IPv6)
2024-07-24T23:19:27.122+0800 [DEBUG] [org.gradle.internal.remote.internal.inet.InetAddresses] Is this a loopback interface? false
2024-07-24T23:19:27.122+0800 [DEBUG] [org.gradle.internal.remote.internal.inet.InetAddresses] Adding IP addresses for network interface Microsoft Wi-Fi Direct Virtual Adapter
2024-07-24T23:19:27.124+0800 [DEBUG] [org.gradle.internal.remote.internal.inet.InetAddresses] Is this a loopback interface? false
2024-07-24T23:19:27.125+0800 [DEBUG] [org.gradle.internal.remote.internal.inet.InetAddresses] Adding remote address /fe80:0:0:0:48e6:a099:6793:d525%wlan1
2024-07-24T23:19:27.125+0800 [DEBUG] [org.gradle.internal.remote.internal.inet.InetAddresses] Adding IP addresses for network interface Microsoft Kernel Debug Network Adapter
2024-07-24T23:19:27.127+0800 [DEBUG] [org.gradle.internal.remote.internal.inet.InetAddresses] Is this a loopback interface? false
2024-07-24T23:19:27.127+0800 [DEBUG] [org.gradle.internal.remote.internal.inet.InetAddresses] Adding IP addresses for network interface WAN Miniport (IP)
2024-07-24T23:19:27.129+0800 [DEBUG] [org.gradle.internal.remote.internal.inet.InetAddresses] Is this a loopback interface? false
2024-07-24T23:19:27.129+0800 [DEBUG] [org.gradle.internal.remote.internal.inet.InetAddresses] Adding IP addresses for network interface Microsoft Teredo Tunneling Adapter
2024-07-24T23:19:27.131+0800 [DEBUG] [org.gradle.internal.remote.internal.inet.InetAddresses] Is this a loopback interface? false
2024-07-24T23:19:27.132+0800 [DEBUG] [org.gradle.internal.remote.internal.inet.InetAddresses] Adding IP addresses for network interface Microsoft Wi-Fi Direct Virtual Adapter #2
2024-07-24T23:19:27.134+0800 [DEBUG] [org.gradle.internal.remote.internal.inet.InetAddresses] Is this a loopback interface? false
2024-07-24T23:19:27.134+0800 [DEBUG] [org.gradle.internal.remote.internal.inet.InetAddresses] Adding remote address /fe80:0:0:0:184d:e0a6:ab6d:eb0c%wlan2
2024-07-24T23:19:27.134+0800 [DEBUG] [org.gradle.internal.remote.internal.inet.InetAddresses] Adding IP addresses for network interface WAN Miniport (L2TP)
2024-07-24T23:19:27.136+0800 [DEBUG] [org.gradle.internal.remote.internal.inet.InetAddresses] Is this a loopback interface? false
2024-07-24T23:19:27.136+0800 [DEBUG] [org.gradle.internal.remote.internal.inet.InetAddresses] Adding IP addresses for network interface Netease UU TAP-Win32 Adapter V9.21
2024-07-24T23:19:27.138+0800 [DEBUG] [org.gradle.internal.remote.internal.inet.InetAddresses] Is this a loopback interface? false
2024-07-24T23:19:27.138+0800 [DEBUG] [org.gradle.internal.remote.internal.inet.InetAddresses] Adding remote address /fe80:0:0:0:ee32:a2bc:bd5:6f14%eth8
2024-07-24T23:19:27.138+0800 [DEBUG] [org.gradle.internal.remote.internal.inet.InetAddresses] Adding IP addresses for network interface WAN Miniport (IKEv2)
2024-07-24T23:19:27.140+0800 [DEBUG] [org.gradle.internal.remote.internal.inet.InetAddresses] Is this a loopback interface? false
2024-07-24T23:19:27.140+0800 [DEBUG] [org.gradle.internal.remote.internal.inet.InetAddresses] Adding IP addresses for network interface Bluetooth Device (Personal Area Network)
2024-07-24T23:19:27.142+0800 [DEBUG] [org.gradle.internal.remote.internal.inet.InetAddresses] Is this a loopback interface? false
2024-07-24T23:19:27.142+0800 [DEBUG] [org.gradle.internal.remote.internal.inet.InetAddresses] Adding IP addresses for network interface Famatech Radmin VPN Ethernet Adapter-WFP Native MAC Layer LightWeight Filter-0000
2024-07-24T23:19:27.144+0800 [DEBUG] [org.gradle.internal.remote.internal.inet.InetAddresses] Is this a loopback interface? false
2024-07-24T23:19:27.144+0800 [DEBUG] [org.gradle.internal.remote.internal.inet.InetAddresses] Adding IP addresses for network interface Famatech Radmin VPN Ethernet Adapter-Npcap Packet Driver (NPCAP)-0000
2024-07-24T23:19:27.146+0800 [DEBUG] [org.gradle.internal.remote.internal.inet.InetAddresses] Is this a loopback interface? false
2024-07-24T23:19:27.146+0800 [DEBUG] [org.gradle.internal.remote.internal.inet.InetAddresses] Adding IP addresses for network interface Famatech Radmin VPN Ethernet Adapter-QoS Packet Scheduler-0000
2024-07-24T23:19:27.148+0800 [DEBUG] [org.gradle.internal.remote.internal.inet.InetAddresses] Is this a loopback interface? false
2024-07-24T23:19:27.148+0800 [DEBUG] [org.gradle.internal.remote.internal.inet.InetAddresses] Adding IP addresses for network interface Famatech Radmin VPN Ethernet Adapter-WFP 802.3 MAC Layer LightWeight Filter-0000
2024-07-24T23:19:27.150+0800 [DEBUG] [org.gradle.internal.remote.internal.inet.InetAddresses] Is this a loopback interface? false
2024-07-24T23:19:27.150+0800 [DEBUG] [org.gradle.internal.remote.internal.inet.InetAddresses] Adding IP addresses for network interface Netease UU TAP-Win32 Adapter V9.21-WFP Native MAC Layer LightWeight Filter-0000
2024-07-24T23:19:27.152+0800 [DEBUG] [org.gradle.internal.remote.internal.inet.InetAddresses] Is this a loopback interface? false
2024-07-24T23:19:27.153+0800 [DEBUG] [org.gradle.internal.remote.internal.inet.InetAddresses] Adding IP addresses for network interface Netease UU TAP-Win32 Adapter V9.21-Npcap Packet Driver (NPCAP)-0000
2024-07-24T23:19:27.155+0800 [DEBUG] [org.gradle.internal.remote.internal.inet.InetAddresses] Is this a loopback interface? false
2024-07-24T23:19:27.155+0800 [DEBUG] [org.gradle.internal.remote.internal.inet.InetAddresses] Adding IP addresses for network interface Netease UU TAP-Win32 Adapter V9.21-QoS Packet Scheduler-0000
2024-07-24T23:19:27.157+0800 [DEBUG] [org.gradle.internal.remote.internal.inet.InetAddresses] Is this a loopback interface? false
2024-07-24T23:19:27.157+0800 [DEBUG] [org.gradle.internal.remote.internal.inet.InetAddresses] Adding IP addresses for network interface Netease UU TAP-Win32 Adapter V9.21-WFP 802.3 MAC Layer LightWeight Filter-0000
2024-07-24T23:19:27.159+0800 [DEBUG] [org.gradle.internal.remote.internal.inet.InetAddresses] Is this a loopback interface? false
2024-07-24T23:19:27.159+0800 [DEBUG] [org.gradle.internal.remote.internal.inet.InetAddresses] Adding IP addresses for network interface VMware Virtual Ethernet Adapter for VMnet1-Npcap Packet Driver (NPCAP)-0000
2024-07-24T23:19:27.161+0800 [DEBUG] [org.gradle.internal.remote.internal.inet.InetAddresses] Is this a loopback interface? false
2024-07-24T23:19:27.161+0800 [DEBUG] [org.gradle.internal.remote.internal.inet.InetAddresses] Adding IP addresses for network interface VMware Virtual Ethernet Adapter for VMnet8-Npcap Packet Driver (NPCAP)-0000
2024-07-24T23:19:27.163+0800 [DEBUG] [org.gradle.internal.remote.internal.inet.InetAddresses] Is this a loopback interface? false
2024-07-24T23:19:27.163+0800 [DEBUG] [org.gradle.internal.remote.internal.inet.InetAddresses] Adding IP addresses for network interface Realtek PCIe GbE Family Controller-WFP Native MAC Layer LightWeight Filter-0000
2024-07-24T23:19:27.165+0800 [DEBUG] [org.gradle.internal.remote.internal.inet.InetAddresses] Is this a loopback interface? false
2024-07-24T23:19:27.165+0800 [DEBUG] [org.gradle.internal.remote.internal.inet.InetAddresses] Adding IP addresses for network interface Realtek PCIe GbE Family Controller-Npcap Packet Driver (NPCAP)-0000
2024-07-24T23:19:27.167+0800 [DEBUG] [org.gradle.internal.remote.internal.inet.InetAddresses] Is this a loopback interface? false
2024-07-24T23:19:27.167+0800 [DEBUG] [org.gradle.internal.remote.internal.inet.InetAddresses] Adding IP addresses for network interface Realtek PCIe GbE Family Controller-QoS Packet Scheduler-0000
2024-07-24T23:19:27.169+0800 [DEBUG] [org.gradle.internal.remote.internal.inet.InetAddresses] Is this a loopback interface? false
2024-07-24T23:19:27.169+0800 [DEBUG] [org.gradle.internal.remote.internal.inet.InetAddresses] Adding IP addresses for network interface Realtek PCIe GbE Family Controller-WFP 802.3 MAC Layer LightWeight Filter-0000
2024-07-24T23:19:27.172+0800 [DEBUG] [org.gradle.internal.remote.internal.inet.InetAddresses] Is this a loopback interface? false
2024-07-24T23:19:27.172+0800 [DEBUG] [org.gradle.internal.remote.internal.inet.InetAddresses] Adding IP addresses for network interface Intel(R) Wi-Fi 6E AX211 160MHz-WFP Native MAC Layer LightWeight Filter-0000
2024-07-24T23:19:27.174+0800 [DEBUG] [org.gradle.internal.remote.internal.inet.InetAddresses] Is this a loopback interface? false
2024-07-24T23:19:27.174+0800 [DEBUG] [org.gradle.internal.remote.internal.inet.InetAddresses] Adding IP addresses for network interface WAN Miniport (IP)-WFP Native MAC Layer LightWeight Filter-0000
2024-07-24T23:19:27.176+0800 [DEBUG] [org.gradle.internal.remote.internal.inet.InetAddresses] Is this a loopback interface? false
2024-07-24T23:19:27.176+0800 [DEBUG] [org.gradle.internal.remote.internal.inet.InetAddresses] Adding IP addresses for network interface WAN Miniport (IP)-Npcap Packet Driver (NPCAP)-0000
2024-07-24T23:19:27.178+0800 [DEBUG] [org.gradle.internal.remote.internal.inet.InetAddresses] Is this a loopback interface? false
2024-07-24T23:19:27.178+0800 [DEBUG] [org.gradle.internal.remote.internal.inet.InetAddresses] Adding IP addresses for network interface WAN Miniport (IP)-QoS Packet Scheduler-0000
2024-07-24T23:19:27.180+0800 [DEBUG] [org.gradle.internal.remote.internal.inet.InetAddresses] Is this a loopback interface? false
2024-07-24T23:19:27.180+0800 [DEBUG] [org.gradle.internal.remote.internal.inet.InetAddresses] Adding IP addresses for network interface WAN Miniport (IPv6)-WFP Native MAC Layer LightWeight Filter-0000
2024-07-24T23:19:27.182+0800 [DEBUG] [org.gradle.internal.remote.internal.inet.InetAddresses] Is this a loopback interface? false
2024-07-24T23:19:27.182+0800 [DEBUG] [org.gradle.internal.remote.internal.inet.InetAddresses] Adding IP addresses for network interface WAN Miniport (IPv6)-Npcap Packet Driver (NPCAP)-0000
2024-07-24T23:19:27.184+0800 [DEBUG] [org.gradle.internal.remote.internal.inet.InetAddresses] Is this a loopback interface? false
2024-07-24T23:19:27.184+0800 [DEBUG] [org.gradle.internal.remote.internal.inet.InetAddresses] Adding IP addresses for network interface WAN Miniport (IPv6)-QoS Packet Scheduler-0000
2024-07-24T23:19:27.186+0800 [DEBUG] [org.gradle.internal.remote.internal.inet.InetAddresses] Is this a loopback interface? false
2024-07-24T23:19:27.186+0800 [DEBUG] [org.gradle.internal.remote.internal.inet.InetAddresses] Adding IP addresses for network interface WAN Miniport (Network Monitor)-WFP Native MAC Layer LightWeight Filter-0000
2024-07-24T23:19:27.188+0800 [DEBUG] [org.gradle.internal.remote.internal.inet.InetAddresses] Is this a loopback interface? false
2024-07-24T23:19:27.188+0800 [DEBUG] [org.gradle.internal.remote.internal.inet.InetAddresses] Adding IP addresses for network interface WAN Miniport (Network Monitor)-Npcap Packet Driver (NPCAP)-0000
2024-07-24T23:19:27.190+0800 [DEBUG] [org.gradle.internal.remote.internal.inet.InetAddresses] Is this a loopback interface? false
2024-07-24T23:19:27.190+0800 [DEBUG] [org.gradle.internal.remote.internal.inet.InetAddresses] Adding IP addresses for network interface WAN Miniport (Network Monitor)-QoS Packet Scheduler-0000
2024-07-24T23:19:27.192+0800 [DEBUG] [org.gradle.internal.remote.internal.inet.InetAddresses] Is this a loopback interface? false
2024-07-24T23:19:27.192+0800 [DEBUG] [org.gradle.internal.remote.internal.inet.InetAddresses] Adding IP addresses for network interface Intel(R) Wi-Fi 6E AX211 160MHz-Virtual WiFi Filter Driver-0000
2024-07-24T23:19:27.194+0800 [DEBUG] [org.gradle.internal.remote.internal.inet.InetAddresses] Is this a loopback interface? false
2024-07-24T23:19:27.194+0800 [DEBUG] [org.gradle.internal.remote.internal.inet.InetAddresses] Adding IP addresses for network interface Intel(R) Wi-Fi 6E AX211 160MHz-Native WiFi Filter Driver-0000
2024-07-24T23:19:27.196+0800 [DEBUG] [org.gradle.internal.remote.internal.inet.InetAddresses] Is this a loopback interface? false
2024-07-24T23:19:27.197+0800 [DEBUG] [org.gradle.internal.remote.internal.inet.InetAddresses] Adding IP addresses for network interface Intel(R) Wi-Fi 6E AX211 160MHz-Npcap Packet Driver (NPCAP)-0000
2024-07-24T23:19:27.199+0800 [DEBUG] [org.gradle.internal.remote.internal.inet.InetAddresses] Is this a loopback interface? false
2024-07-24T23:19:27.199+0800 [DEBUG] [org.gradle.internal.remote.internal.inet.InetAddresses] Adding IP addresses for network interface Intel(R) Wi-Fi 6E AX211 160MHz-QoS Packet Scheduler-0000
2024-07-24T23:19:27.201+0800 [DEBUG] [org.gradle.internal.remote.internal.inet.InetAddresses] Is this a loopback interface? false
2024-07-24T23:19:27.201+0800 [DEBUG] [org.gradle.internal.remote.internal.inet.InetAddresses] Adding IP addresses for network interface Intel(R) Wi-Fi 6E AX211 160MHz-WFP 802.3 MAC Layer LightWeight Filter-0000
2024-07-24T23:19:27.203+0800 [DEBUG] [org.gradle.internal.remote.internal.inet.InetAddresses] Is this a loopback interface? false
2024-07-24T23:19:27.203+0800 [DEBUG] [org.gradle.internal.remote.internal.inet.InetAddresses] Adding IP addresses for network interface Microsoft Wi-Fi Direct Virtual Adapter-WFP Native MAC Layer LightWeight Filter-0000
2024-07-24T23:19:27.205+0800 [DEBUG] [org.gradle.internal.remote.internal.inet.InetAddresses] Is this a loopback interface? false
2024-07-24T23:19:27.205+0800 [DEBUG] [org.gradle.internal.remote.internal.inet.InetAddresses] Adding IP addresses for network interface Microsoft Wi-Fi Direct Virtual Adapter-Native WiFi Filter Driver-0000
2024-07-24T23:19:27.207+0800 [DEBUG] [org.gradle.internal.remote.internal.inet.InetAddresses] Is this a loopback interface? false
2024-07-24T23:19:27.207+0800 [DEBUG] [org.gradle.internal.remote.internal.inet.InetAddresses] Adding IP addresses for network interface Microsoft Wi-Fi Direct Virtual Adapter-Npcap Packet Driver (NPCAP)-0000
2024-07-24T23:19:27.209+0800 [DEBUG] [org.gradle.internal.remote.internal.inet.InetAddresses] Is this a loopback interface? false
2024-07-24T23:19:27.209+0800 [DEBUG] [org.gradle.internal.remote.internal.inet.InetAddresses] Adding IP addresses for network interface Microsoft Wi-Fi Direct Virtual Adapter-QoS Packet Scheduler-0000
2024-07-24T23:19:27.211+0800 [DEBUG] [org.gradle.internal.remote.internal.inet.InetAddresses] Is this a loopback interface? false
2024-07-24T23:19:27.212+0800 [DEBUG] [org.gradle.internal.remote.internal.inet.InetAddresses] Adding IP addresses for network interface Microsoft Wi-Fi Direct Virtual Adapter-WFP 802.3 MAC Layer LightWeight Filter-0000
2024-07-24T23:19:27.214+0800 [DEBUG] [org.gradle.internal.remote.internal.inet.InetAddresses] Is this a loopback interface? false
2024-07-24T23:19:27.214+0800 [DEBUG] [org.gradle.internal.remote.internal.inet.InetAddresses] Adding IP addresses for network interface Microsoft Wi-Fi Direct Virtual Adapter #2-WFP Native MAC Layer LightWeight Filter-0000
2024-07-24T23:19:27.216+0800 [DEBUG] [org.gradle.internal.remote.internal.inet.InetAddresses] Is this a loopback interface? false
2024-07-24T23:19:27.216+0800 [DEBUG] [org.gradle.internal.remote.internal.inet.InetAddresses] Adding IP addresses for network interface Microsoft Wi-Fi Direct Virtual Adapter #2-Native WiFi Filter Driver-0000
2024-07-24T23:19:27.218+0800 [DEBUG] [org.gradle.internal.remote.internal.inet.InetAddresses] Is this a loopback interface? false
2024-07-24T23:19:27.218+0800 [DEBUG] [org.gradle.internal.remote.internal.inet.InetAddresses] Adding IP addresses for network interface Microsoft Wi-Fi Direct Virtual Adapter #2-Npcap Packet Driver (NPCAP)-0000
2024-07-24T23:19:27.220+0800 [DEBUG] [org.gradle.internal.remote.internal.inet.InetAddresses] Is this a loopback interface? false
2024-07-24T23:19:27.220+0800 [DEBUG] [org.gradle.internal.remote.internal.inet.InetAddresses] Adding IP addresses for network interface Microsoft Wi-Fi Direct Virtual Adapter #2-QoS Packet Scheduler-0000
2024-07-24T23:19:27.222+0800 [DEBUG] [org.gradle.internal.remote.internal.inet.InetAddresses] Is this a loopback interface? false
2024-07-24T23:19:27.222+0800 [DEBUG] [org.gradle.internal.remote.internal.inet.InetAddresses] Adding IP addresses for network interface Microsoft Wi-Fi Direct Virtual Adapter #2-WFP 802.3 MAC Layer LightWeight Filter-0000
2024-07-24T23:19:27.224+0800 [DEBUG] [org.gradle.internal.remote.internal.inet.InetAddresses] Is this a loopback interface? false
2024-07-24T23:19:27.229+0800 [DEBUG] [org.gradle.internal.remote.internal.inet.TcpIncomingConnector] Listening on [a6fd7bff-f02f-420f-9dc4-938898cb79cf port:53268, addresses:[localhost/127.0.0.1]].
2024-07-24T23:19:27.236+0800 [DEBUG] [org.gradle.launcher.daemon.server.Daemon] Daemon starting at: Wed Jul 24 23:19:27 CST 2024, with address: [a6fd7bff-f02f-420f-9dc4-938898cb79cf port:53268, addresses:[localhost/127.0.0.1]]
2024-07-24T23:19:27.236+0800 [INFO] [org.gradle.launcher.daemon.server.DaemonRegistryUpdater] Advertising the daemon address to the clients: [a6fd7bff-f02f-420f-9dc4-938898cb79cf port:53268, addresses:[localhost/127.0.0.1]]
2024-07-24T23:19:27.237+0800 [DEBUG] [org.gradle.launcher.daemon.server.DaemonRegistryUpdater] Advertised daemon context: DefaultDaemonContext[uid=691f0693-29cc-4d81-951e-0a7b89f1487f,javaHome=E:\Plain Craft Launcher 2\MC模组开发\Java\jdk-17,daemonRegistryDir=E:\Plain Craft Launcher 2\MC模组开发\the_medical_devices\forge-1.20.1-47.3.0-mdk\DotGradle\daemon,pid=19732,idleTimeout=10800000,priority=NORMAL,applyInstrumentationAgent=true,daemonOpts=--add-opens=java.base/java.util=ALL-UNNAMED,--add-opens=java.base/java.lang=ALL-UNNAMED,--add-opens=java.base/java.lang.invoke=ALL-UNNAMED,--add-opens=java.prefs/java.util.prefs=ALL-UNNAMED,--add-opens=java.base/java.nio.charset=ALL-UNNAMED,--add-opens=java.base/java.net=ALL-UNNAMED,--add-opens=java.base/java.util.concurrent.atomic=ALL-UNNAMED,-Xmx3G,-Dfile.encoding=GBK,-Duser.country=CN,-Duser.language=zh,-Duser.variant]
2024-07-24T23:19:27.237+0800 [DEBUG] [org.gradle.launcher.daemon.registry.PersistentDaemonRegistry] Storing daemon address: [a6fd7bff-f02f-420f-9dc4-938898cb79cf port:53268, addresses:[localhost/127.0.0.1]], context: DefaultDaemonContext[uid=691f0693-29cc-4d81-951e-0a7b89f1487f,javaHome=E:\Plain Craft Launcher 2\MC模组开发\Java\jdk-17,daemonRegistryDir=E:\Plain Craft Launcher 2\MC模组开发\the_medical_devices\forge-1.20.1-47.3.0-mdk\DotGradle\daemon,pid=19732,idleTimeout=10800000,priority=NORMAL,applyInstrumentationAgent=true,daemonOpts=--add-opens=java.base/java.util=ALL-UNNAMED,--add-opens=java.base/java.lang=ALL-UNNAMED,--add-opens=java.base/java.lang.invoke=ALL-UNNAMED,--add-opens=java.prefs/java.util.prefs=ALL-UNNAMED,--add-opens=java.base/java.nio.charset=ALL-UNNAMED,--add-opens=java.base/java.net=ALL-UNNAMED,--add-opens=java.base/java.util.concurrent.atomic=ALL-UNNAMED,-Xmx3G,-Dfile.encoding=GBK,-Duser.country=CN,-Duser.language=zh,-Duser.variant]
2024-07-24T23:19:27.244+0800 [DEBUG] [org.gradle.cache.internal.DefaultFileLockManager] Waiting to acquire exclusive lock on daemon addresses registry.
2024-07-24T23:19:27.246+0800 [DEBUG] [org.gradle.cache.internal.DefaultFileLockManager] Lock acquired on daemon addresses registry.
2024-07-24T23:19:27.248+0800 [DEBUG] [org.gradle.cache.internal.DefaultFileLockManager] Releasing lock on daemon addresses registry.
2024-07-24T23:19:27.249+0800 [LIFECYCLE] [org.gradle.launcher.daemon.server.Daemon] Daemon server started.
2024-07-24T23:19:27.249+0800 [DEBUG] [org.gradle.launcher.daemon.bootstrap.DaemonStartupCommunication] Completed writing the daemon greeting. Closing streams...
2024-07-24T23:19:27.252+0800 [DEBUG] [org.gradle.launcher.daemon.server.Daemon] stopOnExpiration() called on daemon
2024-07-24T23:19:27.252+0800 [DEBUG] [org.gradle.internal.remote.internal.inet.TcpIncomingConnector] Accepted connection from /127.0.0.1:53269 to /127.0.0.1:53268.
2024-07-24T23:19:27.253+0800 [DEBUG] [org.gradle.launcher.daemon.server.Daemon] awaitExpiration() called on daemon
2024-07-24T23:19:27.253+0800 [DEBUG] [org.gradle.launcher.daemon.server.DaemonStateCoordinator] daemon is running. Sleeping until state changes.
2024-07-24T23:19:27.297+0800 [DEBUG] [org.gradle.launcher.daemon.server.SynchronizedDispatchConnection] thread 33: received class org.gradle.launcher.daemon.protocol.Build
2024-07-24T23:19:27.297+0800 [DEBUG] [org.gradle.launcher.daemon.server.DefaultDaemonConnection] thread 33: Received non-IO message from client: Build{id=6d9dba28-7818-440a-8790-20795e967344, currentDir=E:\Plain Craft Launcher 2\MC模组开发\ForgeModAdvanced-1.20.1\forge-1.20.1-47.3.0-mdk}
2024-07-24T23:19:27.298+0800 [INFO] [org.gradle.launcher.daemon.server.DefaultIncomingConnectionHandler] Received command: Build{id=6d9dba28-7818-440a-8790-20795e967344, currentDir=E:\Plain Craft Launcher 2\MC模组开发\ForgeModAdvanced-1.20.1\forge-1.20.1-47.3.0-mdk}.
2024-07-24T23:19:27.298+0800 [DEBUG] [org.gradle.launcher.daemon.server.DefaultIncomingConnectionHandler] Starting executing command: Build{id=6d9dba28-7818-440a-8790-20795e967344, currentDir=E:\Plain Craft Launcher 2\MC模组开发\ForgeModAdvanced-1.20.1\forge-1.20.1-47.3.0-mdk} with connection: socket connection from /127.0.0.1:53268 to /127.0.0.1:53269.
2024-07-24T23:19:27.299+0800 [DEBUG] [org.gradle.launcher.daemon.server.DaemonStateCoordinator] Command execution: started DaemonCommandExecution[command = Build{id=6d9dba28-7818-440a-8790-20795e967344, currentDir=E:\Plain Craft Launcher 2\MC模组开发\ForgeModAdvanced-1.20.1\forge-1.20.1-47.3.0-mdk}, connection = DefaultDaemonConnection: socket connection from /127.0.0.1:53268 to /127.0.0.1:53269] after 0.0 minutes of idle
2024-07-24T23:19:27.299+0800 [INFO] [org.gradle.launcher.daemon.server.DaemonRegistryUpdater] Marking the daemon as busy, address: [a6fd7bff-f02f-420f-9dc4-938898cb79cf port:53268, addresses:[localhost/127.0.0.1]]
2024-07-24T23:19:27.299+0800 [DEBUG] [org.gradle.launcher.daemon.registry.PersistentDaemonRegistry] Marking busy by address: [a6fd7bff-f02f-420f-9dc4-938898cb79cf port:53268, addresses:[localhost/127.0.0.1]]
2024-07-24T23:19:27.300+0800 [DEBUG] [org.gradle.cache.internal.DefaultFileLockManager] Waiting to acquire exclusive lock on daemon addresses registry.
2024-07-24T23:19:27.300+0800 [DEBUG] [org.gradle.cache.internal.DefaultFileLockManager] Lock acquired on daemon addresses registry.
2024-07-24T23:19:27.301+0800 [DEBUG] [org.gradle.cache.internal.DefaultFileLockManager] Releasing lock on daemon addresses registry.
2024-07-24T23:19:27.301+0800 [DEBUG] [org.gradle.launcher.daemon.server.DaemonStateCoordinator] resetting idle timer
2024-07-24T23:19:27.301+0800 [DEBUG] [org.gradle.launcher.daemon.server.DaemonStateCoordinator] daemon is running. Sleeping until state changes.
2024-07-24T23:19:27.301+0800 [INFO] [org.gradle.launcher.daemon.server.exec.StartBuildOrRespondWithBusy] Daemon is about to start building Build{id=6d9dba28-7818-440a-8790-20795e967344, currentDir=E:\Plain Craft Launcher 2\MC模组开发\ForgeModAdvanced-1.20.1\forge-1.20.1-47.3.0-mdk}. Dispatching build started information...
2024-07-24T23:19:27.301+0800 [DEBUG] [org.gradle.launcher.daemon.server.SynchronizedDispatchConnection] thread 35: dispatching org.gradle.launcher.daemon.protocol.BuildStarted@79a65cb7
2024-07-24T23:19:27.302+0800 [DEBUG] [org.gradle.launcher.daemon.server.SynchronizedDispatchConnection] thread 33: received class org.gradle.launcher.daemon.protocol.CloseInput
2024-07-24T23:19:27.302+0800 [DEBUG] [org.gradle.launcher.daemon.server.DefaultDaemonConnection] thread 33: Received IO message from client: org.gradle.launcher.daemon.protocol.CloseInput@7e5fd990
2024-07-24T23:19:27.302+0800 [DEBUG] [org.gradle.launcher.daemon.server.exec.EstablishBuildEnvironment] Configuring env variables: [USERDOMAIN_ROAMINGPROFILE, PROCESSOR_LEVEL, GRADLE_OPTS, SESSIONNAME, ALLUSERSPROFILE, INTEL_DEV_REDIST, PROCESSOR_ARCHITECTURE, MIC_LD_LIBRARY_PATH, PSModulePath, SystemDrive, USERNAME, ProgramFiles(x86), JAVA21_HOME, PATHEXT, DriverData, IntelliJ IDEA Community Edition, ProgramData, ProgramW6432, HOMEPATH, PROCESSOR_IDENTIFIER, ProgramFiles, PUBLIC, windir, =::, ZES_ENABLE_SYSMAN, IGCCSVC_DB, LOCALAPPDATA, IntelliJ IDEA, JAVA17_HOME, USERDOMAIN, LOGONSERVER, JAVA_HOME, OneDrive, APPDATA, GRADLE_USER_HOME, CommonProgramFiles, Path, OS, COMPUTERNAME, PROCESSOR_REVISION, CLASSPATH, CommonProgramW6432, ComSpec, TEMP, SystemRoot, HOMEDRIVE, USERPROFILE, TMP, EFC_11648, CommonProgramFiles(x86), NUMBER_OF_PROCESSORS, IDEA_INITIAL_DIRECTORY]
2024-07-24T23:19:27.304+0800 [DEBUG] [org.gradle.launcher.daemon.server.exec.LogToClient] About to start relaying all logs to the client via the connection.
2024-07-24T23:19:27.304+0800 [INFO] [org.gradle.launcher.daemon.server.exec.LogToClient] The client will now receive all logging from the daemon (pid: 19732). The daemon log file: E:\Plain Craft Launcher 2\MC模组开发\the_medical_devices\forge-1.20.1-47.3.0-mdk\DotGradle\daemon\8.1.1\daemon-19732.out.log
2024-07-24T23:19:27.305+0800 [INFO] [org.gradle.launcher.daemon.server.exec.LogAndCheckHealth] Starting build in new daemon [memory: 3 GiB]
2024-07-24T23:19:27.305+0800 [INFO] [org.gradle.launcher.daemon.server.exec.ForwardClientInput] Closing daemon's stdin at end of input.
2024-07-24T23:19:27.305+0800 [INFO] [org.gradle.launcher.daemon.server.exec.ForwardClientInput] The daemon will no longer process any standard input.
2024-07-24T23:19:27.306+0800 [DEBUG] [org.gradle.launcher.daemon.server.exec.ExecuteBuild] The daemon has started executing the build.
2024-07-24T23:19:27.306+0800 [DEBUG] [org.gradle.launcher.daemon.server.exec.ExecuteBuild] Executing build with daemon context: DefaultDaemonContext[uid=691f0693-29cc-4d81-951e-0a7b89f1487f,javaHome=E:\Plain Craft Launcher 2\MC模组开发\Java\jdk-17,daemonRegistryDir=E:\Plain Craft Launcher 2\MC模组开发\the_medical_devices\forge-1.20.1-47.3.0-mdk\DotGradle\daemon,pid=19732,idleTimeout=10800000,priority=NORMAL,applyInstrumentationAgent=true,daemonOpts=--add-opens=java.base/java.util=ALL-UNNAMED,--add-opens=java.base/java.lang=ALL-UNNAMED,--add-opens=java.base/java.lang.invoke=ALL-UNNAMED,--add-opens=java.prefs/java.util.prefs=ALL-UNNAMED,--add-opens=java.base/java.nio.charset=ALL-UNNAMED,--add-opens=java.base/java.net=ALL-UNNAMED,--add-opens=java.base/java.util.concurrent.atomic=ALL-UNNAMED,-Xmx3G,-Dfile.encoding=GBK,-Duser.country=CN,-Duser.language=zh,-Duser.variant]
Java: 17.0.11, JVM: 17.0.11+7-LTS-207 (Oracle Corporation), Arch: amd64
Directory 'C:\Program Files\Java\jre-1.8' (Windows Registry) used for java installations does not exist
Directory 'C:\Program Files\Java\jdk-1.8' (Windows Registry) used for java installations does not exist
Directory 'C:\Program Files\Java\jdk-22' (Windows Registry) used for java installations does not exist
Directory 'C:\Program Files\Java\jdk-1.8' (Windows Registry) used for java installations does not exist
Directory 'C:\Program Files\Java\jre-1.8' (Windows Registry) used for java installations does not exist

Deprecated Gradle features were used in this build, making it incompatible with Gradle 9.0.

You can use '--warning-mode all' to show the individual deprecation warnings and determine if they come from your own scripts or plugins.

See https://docs.gradle.org/8.1.1/userguide/command_line_interface.html#sec:command_line_warnings

BUILD SUCCESSFUL in 15s
2024-07-24T23:19:41.007+0800 [DEBUG] [org.gradle.launcher.daemon.server.exec.ExecuteBuild] The daemon has finished executing the build.
2024-07-24T23:19:41.024+0800 [DEBUG] [org.gradle.launcher.daemon.server.DaemonStateCoordinator] daemon is running. Sleeping until state changes.
2024-07-24T23:19:41.024+0800 [DEBUG] [org.gradle.launcher.daemon.server.DaemonStateCoordinator] Command execution: finished waiting for DaemonCommandExecution[command = Build{id=6d9dba28-7818-440a-8790-20795e967344, currentDir=E:\Plain Craft Launcher 2\MC模组开发\ForgeModAdvanced-1.20.1\forge-1.20.1-47.3.0-mdk}, connection = DefaultDaemonConnection: socket connection from /127.0.0.1:53268 to /127.0.0.1:53269]. Result org.gradle.launcher.daemon.server.DaemonStateCoordinator@72f2b196 with state Busy
2024-07-24T23:19:41.024+0800 [DEBUG] [org.gradle.launcher.daemon.server.DaemonStateCoordinator] Command execution: completed DaemonCommandExecution[command = Build{id=6d9dba28-7818-440a-8790-20795e967344, currentDir=E:\Plain Craft Launcher 2\MC模组开发\ForgeModAdvanced-1.20.1\forge-1.20.1-47.3.0-mdk}, connection = DefaultDaemonConnection: socket connection from /127.0.0.1:53268 to /127.0.0.1:53269]
2024-07-24T23:19:41.024+0800 [DEBUG] [org.gradle.launcher.daemon.server.DaemonStateCoordinator] resetting idle timer
2024-07-24T23:19:41.024+0800 [INFO] [org.gradle.launcher.daemon.server.DaemonRegistryUpdater] Marking the daemon as idle, address: [a6fd7bff-f02f-420f-9dc4-938898cb79cf port:53268, addresses:[localhost/127.0.0.1]]
2024-07-24T23:19:41.025+0800 [DEBUG] [org.gradle.launcher.daemon.registry.PersistentDaemonRegistry] Marking busy by address: [a6fd7bff-f02f-420f-9dc4-938898cb79cf port:53268, addresses:[localhost/127.0.0.1]]
2024-07-24T23:19:41.025+0800 [DEBUG] [org.gradle.cache.internal.DefaultFileLockManager] Waiting to acquire exclusive lock on daemon addresses registry.
2024-07-24T23:19:41.026+0800 [DEBUG] [org.gradle.cache.internal.DefaultFileLockManager] Lock acquired on daemon addresses registry.
2024-07-24T23:19:41.026+0800 [DEBUG] [org.gradle.cache.internal.DefaultFileLockManager] Releasing lock on daemon addresses registry.
2024-07-24T23:19:41.026+0800 [DEBUG] [org.gradle.launcher.daemon.server.DaemonStateCoordinator] daemon is running. Sleeping until state changes.
2024-07-24T23:19:41.027+0800 [DEBUG] [org.gradle.launcher.daemon.server.exec.ReturnResult] Daemon is dispatching the build result: Success[value=org.gradle.launcher.exec.BuildActionResult@6af6c537]
2024-07-24T23:19:41.027+0800 [DEBUG] [org.gradle.launcher.daemon.server.SynchronizedDispatchConnection] thread 32: dispatching Success[value=org.gradle.launcher.exec.BuildActionResult@6af6c537]
2024-07-24T23:19:41.027+0800 [DEBUG] [org.gradle.launcher.daemon.server.DefaultIncomingConnectionHandler] Finishing executing command: Build{id=6d9dba28-7818-440a-8790-20795e967344, currentDir=E:\Plain Craft Launcher 2\MC模组开发\ForgeModAdvanced-1.20.1\forge-1.20.1-47.3.0-mdk}
2024-07-24T23:19:41.027+0800 [DEBUG] [org.gradle.launcher.daemon.server.SynchronizedDispatchConnection] thread 33: received class org.gradle.launcher.daemon.protocol.Finished
2024-07-24T23:19:41.028+0800 [DEBUG] [org.gradle.launcher.daemon.server.DefaultDaemonConnection] thread 33: Received non-IO message from client: org.gradle.launcher.daemon.protocol.Finished@68450a6b
2024-07-24T23:19:41.028+0800 [DEBUG] [org.gradle.launcher.daemon.server.DefaultIncomingConnectionHandler] Received finished message: org.gradle.launcher.daemon.protocol.Finished@68450a6b
2024-07-24T23:19:41.028+0800 [DEBUG] [org.gradle.launcher.daemon.server.SynchronizedDispatchConnection] thread 32: stopping connection
2024-07-24T23:19:41.028+0800 [DEBUG] [org.gradle.internal.remote.internal.inet.SocketConnection] Discarding EOFException: java.io.EOFException
2024-07-24T23:19:41.028+0800 [DEBUG] [org.gradle.launcher.daemon.server.SynchronizedDispatchConnection] thread 33: received null
2024-07-24T23:19:41.028+0800 [DEBUG] [org.gradle.launcher.daemon.server.DefaultDaemonConnection] thread 33: Received end-of-input from client.
2024-07-24T23:19:41.029+0800 [DEBUG] [org.gradle.launcher.daemon.server.SynchronizedDispatchConnection] thread 32: stopping connection
2024-07-24T23:19:41.237+0800 [DEBUG] [org.gradle.internal.remote.internal.inet.TcpIncomingConnector] Accepted connection from /127.0.0.1:53292 to /127.0.0.1:53268.
2024-07-24T23:19:41.243+0800 [DEBUG] [org.gradle.launcher.daemon.server.SynchronizedDispatchConnection] thread 218: received class org.gradle.launcher.daemon.protocol.Build
2024-07-24T23:19:41.243+0800 [DEBUG] [org.gradle.launcher.daemon.server.DefaultDaemonConnection] thread 218: Received non-IO message from client: Build{id=41f482c1-916f-46e2-9a7a-d34ff322f64b, currentDir=E:\Plain Craft Launcher 2\MC模组开发\ForgeModAdvanced-1.20.1\forge-1.20.1-47.3.0-mdk}
2024-07-24T23:19:41.243+0800 [INFO] [org.gradle.launcher.daemon.server.DefaultIncomingConnectionHandler] Received command: Build{id=41f482c1-916f-46e2-9a7a-d34ff322f64b, currentDir=E:\Plain Craft Launcher 2\MC模组开发\ForgeModAdvanced-1.20.1\forge-1.20.1-47.3.0-mdk}.
2024-07-24T23:19:41.243+0800 [DEBUG] [org.gradle.launcher.daemon.server.DefaultIncomingConnectionHandler] Starting executing command: Build{id=41f482c1-916f-46e2-9a7a-d34ff322f64b, currentDir=E:\Plain Craft Launcher 2\MC模组开发\ForgeModAdvanced-1.20.1\forge-1.20.1-47.3.0-mdk} with connection: socket connection from /127.0.0.1:53268 to /127.0.0.1:53292.
2024-07-24T23:19:41.244+0800 [DEBUG] [org.gradle.launcher.daemon.server.DaemonStateCoordinator] Command execution: started DaemonCommandExecution[command = Build{id=41f482c1-916f-46e2-9a7a-d34ff322f64b, currentDir=E:\Plain Craft Launcher 2\MC模组开发\ForgeModAdvanced-1.20.1\forge-1.20.1-47.3.0-mdk}, connection = DefaultDaemonConnection: socket connection from /127.0.0.1:53268 to /127.0.0.1:53292] after 0.0 minutes of idle
2024-07-24T23:19:41.244+0800 [INFO] [org.gradle.launcher.daemon.server.DaemonRegistryUpdater] Marking the daemon as busy, address: [a6fd7bff-f02f-420f-9dc4-938898cb79cf port:53268, addresses:[localhost/127.0.0.1]]
2024-07-24T23:19:41.244+0800 [DEBUG] [org.gradle.launcher.daemon.registry.PersistentDaemonRegistry] Marking busy by address: [a6fd7bff-f02f-420f-9dc4-938898cb79cf port:53268, addresses:[localhost/127.0.0.1]]
2024-07-24T23:19:41.246+0800 [DEBUG] [org.gradle.cache.internal.DefaultFileLockManager] Waiting to acquire exclusive lock on daemon addresses registry.
2024-07-24T23:19:41.246+0800 [DEBUG] [org.gradle.cache.internal.DefaultFileLockManager] Lock acquired on daemon addresses registry.
2024-07-24T23:19:41.247+0800 [DEBUG] [org.gradle.cache.internal.DefaultFileLockManager] Releasing lock on daemon addresses registry.
2024-07-24T23:19:41.248+0800 [DEBUG] [org.gradle.launcher.daemon.server.DaemonStateCoordinator] resetting idle timer
2024-07-24T23:19:41.248+0800 [DEBUG] [org.gradle.launcher.daemon.server.DaemonStateCoordinator] daemon is running. Sleeping until state changes.
2024-07-24T23:19:41.248+0800 [INFO] [org.gradle.launcher.daemon.server.exec.StartBuildOrRespondWithBusy] Daemon is about to start building Build{id=41f482c1-916f-46e2-9a7a-d34ff322f64b, currentDir=E:\Plain Craft Launcher 2\MC模组开发\ForgeModAdvanced-1.20.1\forge-1.20.1-47.3.0-mdk}. Dispatching build started information...
2024-07-24T23:19:41.248+0800 [DEBUG] [org.gradle.launcher.daemon.server.SynchronizedDispatchConnection] thread 35: dispatching org.gradle.launcher.daemon.protocol.BuildStarted@45875949
2024-07-24T23:19:41.249+0800 [DEBUG] [org.gradle.launcher.daemon.server.exec.EstablishBuildEnvironment] Configuring env variables: [USERDOMAIN_ROAMINGPROFILE, PROCESSOR_LEVEL, GRADLE_OPTS, SESSIONNAME, ALLUSERSPROFILE, INTEL_DEV_REDIST, PROCESSOR_ARCHITECTURE, MIC_LD_LIBRARY_PATH, PSModulePath, SystemDrive, USERNAME, ProgramFiles(x86), JAVA21_HOME, PATHEXT, DriverData, IntelliJ IDEA Community Edition, ProgramData, ProgramW6432, HOMEPATH, PROCESSOR_IDENTIFIER, ProgramFiles, PUBLIC, windir, =::, ZES_ENABLE_SYSMAN, IGCCSVC_DB, LOCALAPPDATA, IntelliJ IDEA, JAVA17_HOME, USERDOMAIN, LOGONSERVER, JAVA_HOME, OneDrive, APPDATA, GRADLE_USER_HOME, CommonProgramFiles, Path, OS, COMPUTERNAME, PROCESSOR_REVISION, CLASSPATH, CommonProgramW6432, ComSpec, TEMP, SystemRoot, HOMEDRIVE, USERPROFILE, TMP, EFC_11648, CommonProgramFiles(x86), NUMBER_OF_PROCESSORS, IDEA_INITIAL_DIRECTORY]
2024-07-24T23:19:41.250+0800 [DEBUG] [org.gradle.launcher.daemon.server.exec.LogToClient] About to start relaying all logs to the client via the connection.
2024-07-24T23:19:41.250+0800 [INFO] [org.gradle.launcher.daemon.server.exec.LogToClient] The client will now receive all logging from the daemon (pid: 19732). The daemon log file: E:\Plain Craft Launcher 2\MC模组开发\the_medical_devices\forge-1.20.1-47.3.0-mdk\DotGradle\daemon\8.1.1\daemon-19732.out.log
2024-07-24T23:19:41.251+0800 [INFO] [org.gradle.launcher.daemon.server.exec.LogAndCheckHealth] Starting 2nd build in daemon [uptime: 14.276 secs, performance: 100%, GC rate: 0.00/s, heap usage: 0% of 3 GiB]
2024-07-24T23:19:41.252+0800 [DEBUG] [org.gradle.launcher.daemon.server.exec.ExecuteBuild] The daemon has started executing the build.
2024-07-24T23:19:41.252+0800 [DEBUG] [org.gradle.launcher.daemon.server.exec.ExecuteBuild] Executing build with daemon context: DefaultDaemonContext[uid=691f0693-29cc-4d81-951e-0a7b89f1487f,javaHome=E:\Plain Craft Launcher 2\MC模组开发\Java\jdk-17,daemonRegistryDir=E:\Plain Craft Launcher 2\MC模组开发\the_medical_devices\forge-1.20.1-47.3.0-mdk\DotGradle\daemon,pid=19732,idleTimeout=10800000,priority=NORMAL,applyInstrumentationAgent=true,daemonOpts=--add-opens=java.base/java.util=ALL-UNNAMED,--add-opens=java.base/java.lang=ALL-UNNAMED,--add-opens=java.base/java.lang.invoke=ALL-UNNAMED,--add-opens=java.prefs/java.util.prefs=ALL-UNNAMED,--add-opens=java.base/java.nio.charset=ALL-UNNAMED,--add-opens=java.base/java.net=ALL-UNNAMED,--add-opens=java.base/java.util.concurrent.atomic=ALL-UNNAMED,-Xmx3G,-Dfile.encoding=GBK,-Duser.country=CN,-Duser.language=zh,-Duser.variant]
Java: 17.0.11, JVM: 17.0.11+7-LTS-207 (Oracle Corporation), Arch: amd64
Directory 'C:\Program Files\Java\jdk-1.8' (Windows Registry) used for java installations does not exist
Directory 'C:\Program Files\Java\jre-1.8' (Windows Registry) used for java installations does not exist
Directory 'C:\Program Files\Java\jre-1.8' (Windows Registry) used for java installations does not exist
Directory 'C:\Program Files\Java\jdk-22' (Windows Registry) used for java installations does not exist
Directory 'C:\Program Files\Java\jdk-1.8' (Windows Registry) used for java installations does not exist

BUILD SUCCESSFUL in 4s
3 actionable tasks: 3 executed
2024-07-24T23:19:46.181+0800 [DEBUG] [org.gradle.launcher.daemon.server.exec.ExecuteBuild] The daemon has finished executing the build.
2024-07-24T23:19:46.198+0800 [DEBUG] [org.gradle.launcher.daemon.server.DaemonStateCoordinator] daemon is running. Sleeping until state changes.
2024-07-24T23:19:46.198+0800 [DEBUG] [org.gradle.launcher.daemon.server.DaemonStateCoordinator] Command execution: finished waiting for DaemonCommandExecution[command = Build{id=41f482c1-916f-46e2-9a7a-d34ff322f64b, currentDir=E:\Plain Craft Launcher 2\MC模组开发\ForgeModAdvanced-1.20.1\forge-1.20.1-47.3.0-mdk}, connection = DefaultDaemonConnection: socket connection from /127.0.0.1:53268 to /127.0.0.1:53292]. Result org.gradle.launcher.daemon.server.DaemonStateCoordinator@72f2b196 with state Busy
2024-07-24T23:19:46.198+0800 [DEBUG] [org.gradle.launcher.daemon.server.DaemonStateCoordinator] Command execution: completed DaemonCommandExecution[command = Build{id=41f482c1-916f-46e2-9a7a-d34ff322f64b, currentDir=E:\Plain Craft Launcher 2\MC模组开发\ForgeModAdvanced-1.20.1\forge-1.20.1-47.3.0-mdk}, connection = DefaultDaemonConnection: socket connection from /127.0.0.1:53268 to /127.0.0.1:53292]
2024-07-24T23:19:46.198+0800 [DEBUG] [org.gradle.launcher.daemon.server.DaemonStateCoordinator] resetting idle timer
2024-07-24T23:19:46.198+0800 [INFO] [org.gradle.launcher.daemon.server.DaemonRegistryUpdater] Marking the daemon as idle, address: [a6fd7bff-f02f-420f-9dc4-938898cb79cf port:53268, addresses:[localhost/127.0.0.1]]
2024-07-24T23:19:46.198+0800 [DEBUG] [org.gradle.launcher.daemon.registry.PersistentDaemonRegistry] Marking busy by address: [a6fd7bff-f02f-420f-9dc4-938898cb79cf port:53268, addresses:[localhost/127.0.0.1]]
2024-07-24T23:19:46.199+0800 [DEBUG] [org.gradle.cache.internal.DefaultFileLockManager] Waiting to acquire exclusive lock on daemon addresses registry.
2024-07-24T23:19:46.200+0800 [DEBUG] [org.gradle.cache.internal.DefaultFileLockManager] Lock acquired on daemon addresses registry.
2024-07-24T23:19:46.200+0800 [DEBUG] [org.gradle.cache.internal.DefaultFileLockManager] Releasing lock on daemon addresses registry.
2024-07-24T23:19:46.200+0800 [DEBUG] [org.gradle.launcher.daemon.server.DaemonStateCoordinator] daemon is running. Sleeping until state changes.
2024-07-24T23:19:46.200+0800 [DEBUG] [org.gradle.launcher.daemon.server.exec.ReturnResult] Daemon is dispatching the build result: Success[value=org.gradle.launcher.exec.BuildActionResult@648a4893]
2024-07-24T23:19:46.201+0800 [DEBUG] [org.gradle.launcher.daemon.server.SynchronizedDispatchConnection] thread 32: dispatching Success[value=org.gradle.launcher.exec.BuildActionResult@648a4893]
2024-07-24T23:19:46.201+0800 [DEBUG] [org.gradle.launcher.daemon.server.DefaultIncomingConnectionHandler] Finishing executing command: Build{id=41f482c1-916f-46e2-9a7a-d34ff322f64b, currentDir=E:\Plain Craft Launcher 2\MC模组开发\ForgeModAdvanced-1.20.1\forge-1.20.1-47.3.0-mdk}
2024-07-24T23:19:46.201+0800 [DEBUG] [org.gradle.launcher.daemon.server.SynchronizedDispatchConnection] thread 218: received class org.gradle.launcher.daemon.protocol.CloseInput
2024-07-24T23:19:46.201+0800 [DEBUG] [org.gradle.launcher.daemon.server.DefaultDaemonConnection] thread 218: Received IO message from client: org.gradle.launcher.daemon.protocol.CloseInput@1ca106d4
2024-07-24T23:19:46.201+0800 [DEBUG] [org.gradle.launcher.daemon.server.SynchronizedDispatchConnection] thread 218: received class org.gradle.launcher.daemon.protocol.Finished
2024-07-24T23:19:46.201+0800 [DEBUG] [org.gradle.launcher.daemon.server.DefaultDaemonConnection] thread 218: Received non-IO message from client: org.gradle.launcher.daemon.protocol.Finished@1266eb30
2024-07-24T23:19:46.201+0800 [DEBUG] [org.gradle.launcher.daemon.server.DefaultIncomingConnectionHandler] Received finished message: org.gradle.launcher.daemon.protocol.Finished@1266eb30
2024-07-24T23:19:46.201+0800 [DEBUG] [org.gradle.internal.remote.internal.inet.SocketConnection] Discarding EOFException: java.io.EOFException
2024-07-24T23:19:46.202+0800 [DEBUG] [org.gradle.launcher.daemon.server.SynchronizedDispatchConnection] thread 32: stopping connection
2024-07-24T23:19:46.202+0800 [DEBUG] [org.gradle.launcher.daemon.server.SynchronizedDispatchConnection] thread 218: received null
2024-07-24T23:19:46.202+0800 [DEBUG] [org.gradle.launcher.daemon.server.DefaultDaemonConnection] thread 218: Received end-of-input from client.
2024-07-24T23:19:46.202+0800 [DEBUG] [org.gradle.launcher.daemon.server.SynchronizedDispatchConnection] thread 32: stopping connection
2024-07-24T23:19:47.258+0800 [DEBUG] [org.gradle.cache.internal.DefaultFileLockManager] Waiting to acquire shared lock on daemon addresses registry.
2024-07-24T23:19:47.258+0800 [DEBUG] [org.gradle.cache.internal.DefaultFileLockManager] Lock acquired on daemon addresses registry.
2024-07-24T23:19:47.258+0800 [DEBUG] [org.gradle.cache.internal.DefaultFileLockManager] Releasing lock on daemon addresses registry.
2024-07-24T23:19:47.259+0800 [DEBUG] [org.gradle.cache.internal.DefaultFileLockManager] Waiting to acquire shared lock on daemon addresses registry.
2024-07-24T23:19:47.259+0800 [DEBUG] [org.gradle.cache.internal.DefaultFileLockManager] Lock acquired on daemon addresses registry.
2024-07-24T23:19:47.259+0800 [DEBUG] [org.gradle.cache.internal.DefaultFileLockManager] Releasing lock on daemon addresses registry.
2024-07-24T23:19:57.264+0800 [DEBUG] [org.gradle.cache.internal.DefaultFileLockManager] Waiting to acquire shared lock on daemon addresses registry.
2024-07-24T23:19:57.265+0800 [DEBUG] [org.gradle.cache.internal.DefaultFileLockManager] Lock acquired on daemon addresses registry.
2024-07-24T23:19:57.265+0800 [DEBUG] [org.gradle.cache.internal.DefaultFileLockManager] Releasing lock on daemon addresses registry.
2024-07-24T23:19:57.267+0800 [DEBUG] [org.gradle.cache.internal.DefaultFileLockManager] Waiting to acquire shared lock on daemon addresses registry.
2024-07-24T23:19:57.268+0800 [DEBUG] [org.gradle.cache.internal.DefaultFileLockManager] Lock acquired on daemon addresses registry.
2024-07-24T23:19:57.268+0800 [DEBUG] [org.gradle.cache.internal.DefaultFileLockManager] Releasing lock on daemon addresses registry.
2024-07-24T23:19:57.270+0800 [DEBUG] [org.gradle.cache.internal.DefaultFileLockManager] Waiting to acquire shared lock on daemon addresses registry.
2024-07-24T23:19:57.270+0800 [DEBUG] [org.gradle.cache.internal.DefaultFileLockManager] Lock acquired on daemon addresses registry.
2024-07-24T23:19:57.271+0800 [DEBUG] [org.gradle.cache.internal.DefaultFileLockManager] Releasing lock on daemon addresses registry.
2024-07-24T23:20:07.267+0800 [DEBUG] [org.gradle.cache.internal.DefaultFileLockManager] Waiting to acquire shared lock on daemon addresses registry.
2024-07-24T23:20:07.268+0800 [DEBUG] [org.gradle.cache.internal.DefaultFileLockManager] Lock acquired on daemon addresses registry.
2024-07-24T23:20:07.268+0800 [DEBUG] [org.gradle.cache.internal.DefaultFileLockManager] Releasing lock on daemon addresses registry.
2024-07-24T23:20:07.270+0800 [DEBUG] [org.gradle.cache.internal.DefaultFileLockManager] Waiting to acquire shared lock on daemon addresses registry.
2024-07-24T23:20:07.270+0800 [DEBUG] [org.gradle.cache.internal.DefaultFileLockManager] Lock acquired on daemon addresses registry.
2024-07-24T23:20:07.271+0800 [DEBUG] [org.gradle.cache.internal.DefaultFileLockManager] Releasing lock on daemon addresses registry.
2024-07-24T23:20:07.272+0800 [DEBUG] [org.gradle.cache.internal.DefaultFileLockManager] Waiting to acquire shared lock on daemon addresses registry.
2024-07-24T23:20:07.272+0800 [DEBUG] [org.gradle.cache.internal.DefaultFileLockManager] Lock acquired on daemon addresses registry.
2024-07-24T23:20:07.272+0800 [DEBUG] [org.gradle.cache.internal.DefaultFileLockManager] Releasing lock on daemon addresses registry.
2024-07-24T23:20:17.261+0800 [DEBUG] [org.gradle.cache.internal.DefaultFileLockManager] Waiting to acquire shared lock on daemon addresses registry.
2024-07-24T23:20:17.261+0800 [DEBUG] [org.gradle.cache.internal.DefaultFileLockManager] Lock acquired on daemon addresses registry.
2024-07-24T23:20:17.262+0800 [DEBUG] [org.gradle.cache.internal.DefaultFileLockManager] Releasing lock on daemon addresses registry.
2024-07-24T23:20:17.264+0800 [DEBUG] [org.gradle.cache.internal.DefaultFileLockManager] Waiting to acquire shared lock on daemon addresses registry.
2024-07-24T23:20:17.264+0800 [DEBUG] [org.gradle.cache.internal.DefaultFileLockManager] Lock acquired on daemon addresses registry.
2024-07-24T23:20:17.265+0800 [DEBUG] [org.gradle.cache.internal.DefaultFileLockManager] Releasing lock on daemon addresses registry.
2024-07-24T23:20:17.266+0800 [DEBUG] [org.gradle.cache.internal.DefaultFileLockManager] Waiting to acquire shared lock on daemon addresses registry.
2024-07-24T23:20:17.266+0800 [DEBUG] [org.gradle.cache.internal.DefaultFileLockManager] Lock acquired on daemon addresses registry.
2024-07-24T23:20:17.267+0800 [DEBUG] [org.gradle.cache.internal.DefaultFileLockManager] Releasing lock on daemon addresses registry.
2024-07-24T23:20:27.266+0800 [DEBUG] [org.gradle.cache.internal.DefaultFileLockManager] Waiting to acquire shared lock on daemon addresses registry.
2024-07-24T23:20:27.266+0800 [DEBUG] [org.gradle.cache.internal.DefaultFileLockManager] Lock acquired on daemon addresses registry.
2024-07-24T23:20:27.267+0800 [DEBUG] [org.gradle.cache.internal.DefaultFileLockManager] Releasing lock on daemon addresses registry.
2024-07-24T23:20:27.269+0800 [DEBUG] [org.gradle.cache.internal.DefaultFileLockManager] Waiting to acquire shared lock on daemon addresses registry.
2024-07-24T23:20:27.269+0800 [DEBUG] [org.gradle.cache.internal.DefaultFileLockManager] Lock acquired on daemon addresses registry.
2024-07-24T23:20:27.270+0800 [DEBUG] [org.gradle.cache.internal.DefaultFileLockManager] Releasing lock on daemon addresses registry.
2024-07-24T23:20:27.271+0800 [DEBUG] [org.gradle.cache.internal.DefaultFileLockManager] Waiting to acquire shared lock on daemon addresses registry.
2024-07-24T23:20:27.271+0800 [DEBUG] [org.gradle.cache.internal.DefaultFileLockManager] Lock acquired on daemon addresses registry.
2024-07-24T23:20:27.272+0800 [DEBUG] [org.gradle.cache.internal.DefaultFileLockManager] Releasing lock on daemon addresses registry.
2024-07-24T23:20:37.268+0800 [DEBUG] [org.gradle.cache.internal.DefaultFileLockManager] Waiting to acquire shared lock on daemon addresses registry.
2024-07-24T23:20:37.269+0800 [DEBUG] [org.gradle.cache.internal.DefaultFileLockManager] Lock acquired on daemon addresses registry.
2024-07-24T23:20:37.269+0800 [DEBUG] [org.gradle.cache.internal.DefaultFileLockManager] Releasing lock on daemon addresses registry.
2024-07-24T23:20:37.271+0800 [DEBUG] [org.gradle.cache.internal.DefaultFileLockManager] Waiting to acquire shared lock on daemon addresses registry.
2024-07-24T23:20:37.272+0800 [DEBUG] [org.gradle.cache.internal.DefaultFileLockManager] Lock acquired on daemon addresses registry.
2024-07-24T23:20:37.272+0800 [DEBUG] [org.gradle.cache.internal.DefaultFileLockManager] Releasing lock on daemon addresses registry.
2024-07-24T23:20:37.275+0800 [DEBUG] [org.gradle.cache.internal.DefaultFileLockManager] Waiting to acquire shared lock on daemon addresses registry.
2024-07-24T23:20:37.275+0800 [DEBUG] [org.gradle.cache.internal.DefaultFileLockManager] Lock acquired on daemon addresses registry.
2024-07-24T23:20:37.275+0800 [DEBUG] [org.gradle.cache.internal.DefaultFileLockManager] Releasing lock on daemon addresses registry.
2024-07-24T23:20:44.584+0800 [DEBUG] [org.gradle.internal.remote.internal.inet.TcpIncomingConnector] Accepted connection from /127.0.0.1:58195 to /127.0.0.1:53268.
2024-07-24T23:20:44.589+0800 [DEBUG] [org.gradle.launcher.daemon.server.SynchronizedDispatchConnection] thread 338: received class org.gradle.launcher.daemon.protocol.Build
2024-07-24T23:20:44.589+0800 [DEBUG] [org.gradle.launcher.daemon.server.DefaultDaemonConnection] thread 338: Received non-IO message from client: Build{id=f21b62f5-6f6e-4db6-8304-3741c4ff87e7, currentDir=E:\Plain Craft Launcher 2\MC模组开发\ForgeModAdvanced-1.20.1\forge-1.20.1-47.3.0-mdk}
2024-07-24T23:20:44.589+0800 [INFO] [org.gradle.launcher.daemon.server.DefaultIncomingConnectionHandler] Received command: Build{id=f21b62f5-6f6e-4db6-8304-3741c4ff87e7, currentDir=E:\Plain Craft Launcher 2\MC模组开发\ForgeModAdvanced-1.20.1\forge-1.20.1-47.3.0-mdk}.
2024-07-24T23:20:44.589+0800 [DEBUG] [org.gradle.launcher.daemon.server.DefaultIncomingConnectionHandler] Starting executing command: Build{id=f21b62f5-6f6e-4db6-8304-3741c4ff87e7, currentDir=E:\Plain Craft Launcher 2\MC模组开发\ForgeModAdvanced-1.20.1\forge-1.20.1-47.3.0-mdk} with connection: socket connection from /127.0.0.1:53268 to /127.0.0.1:58195.
2024-07-24T23:20:44.589+0800 [DEBUG] [org.gradle.launcher.daemon.server.DaemonStateCoordinator] Command execution: started DaemonCommandExecution[command = Build{id=f21b62f5-6f6e-4db6-8304-3741c4ff87e7, currentDir=E:\Plain Craft Launcher 2\MC模组开发\ForgeModAdvanced-1.20.1\forge-1.20.1-47.3.0-mdk}, connection = DefaultDaemonConnection: socket connection from /127.0.0.1:53268 to /127.0.0.1:58195] after 0.0 minutes of idle
2024-07-24T23:20:44.589+0800 [INFO] [org.gradle.launcher.daemon.server.DaemonRegistryUpdater] Marking the daemon as busy, address: [a6fd7bff-f02f-420f-9dc4-938898cb79cf port:53268, addresses:[localhost/127.0.0.1]]
2024-07-24T23:20:44.589+0800 [DEBUG] [org.gradle.launcher.daemon.registry.PersistentDaemonRegistry] Marking busy by address: [a6fd7bff-f02f-420f-9dc4-938898cb79cf port:53268, addresses:[localhost/127.0.0.1]]
2024-07-24T23:20:44.590+0800 [DEBUG] [org.gradle.cache.internal.DefaultFileLockManager] Waiting to acquire exclusive lock on daemon addresses registry.
2024-07-24T23:20:44.590+0800 [DEBUG] [org.gradle.cache.internal.DefaultFileLockManager] Lock acquired on daemon addresses registry.
2024-07-24T23:20:44.591+0800 [DEBUG] [org.gradle.cache.internal.DefaultFileLockManager] Releasing lock on daemon addresses registry.
2024-07-24T23:20:44.591+0800 [DEBUG] [org.gradle.launcher.daemon.server.DaemonStateCoordinator] resetting idle timer
2024-07-24T23:20:44.591+0800 [DEBUG] [org.gradle.launcher.daemon.server.DaemonStateCoordinator] daemon is running. Sleeping until state changes.
2024-07-24T23:20:44.591+0800 [INFO] [org.gradle.launcher.daemon.server.exec.StartBuildOrRespondWithBusy] Daemon is about to start building Build{id=f21b62f5-6f6e-4db6-8304-3741c4ff87e7, currentDir=E:\Plain Craft Launcher 2\MC模组开发\ForgeModAdvanced-1.20.1\forge-1.20.1-47.3.0-mdk}. Dispatching build started information...
2024-07-24T23:20:44.591+0800 [DEBUG] [org.gradle.launcher.daemon.server.SynchronizedDispatchConnection] thread 35: dispatching org.gradle.launcher.daemon.protocol.BuildStarted@77ef065d
2024-07-24T23:20:44.592+0800 [DEBUG] [org.gradle.launcher.daemon.server.exec.EstablishBuildEnvironment] Configuring env variables: [USERDOMAIN_ROAMINGPROFILE, PROCESSOR_LEVEL, GRADLE_OPTS, SESSIONNAME, ALLUSERSPROFILE, INTEL_DEV_REDIST, PROCESSOR_ARCHITECTURE, MIC_LD_LIBRARY_PATH, PSModulePath, SystemDrive, USERNAME, ProgramFiles(x86), JAVA21_HOME, PATHEXT, DriverData, IntelliJ IDEA Community Edition, ProgramData, ProgramW6432, HOMEPATH, PROCESSOR_IDENTIFIER, ProgramFiles, PUBLIC, windir, =::, ZES_ENABLE_SYSMAN, IGCCSVC_DB, LOCALAPPDATA, IntelliJ IDEA, JAVA17_HOME, USERDOMAIN, LOGONSERVER, JAVA_HOME, OneDrive, APPDATA, GRADLE_USER_HOME, CommonProgramFiles, Path, OS, COMPUTERNAME, PROCESSOR_REVISION, CLASSPATH, CommonProgramW6432, ComSpec, TEMP, SystemRoot, HOMEDRIVE, USERPROFILE, TMP, EFC_11648, CommonProgramFiles(x86), NUMBER_OF_PROCESSORS, IDEA_INITIAL_DIRECTORY]
2024-07-24T23:20:44.592+0800 [DEBUG] [org.gradle.launcher.daemon.server.SynchronizedDispatchConnection] thread 338: received class org.gradle.launcher.daemon.protocol.CloseInput
2024-07-24T23:20:44.592+0800 [DEBUG] [org.gradle.launcher.daemon.server.DefaultDaemonConnection] thread 338: Received IO message from client: org.gradle.launcher.daemon.protocol.CloseInput@24e0ec75
2024-07-24T23:20:44.592+0800 [DEBUG] [org.gradle.launcher.daemon.server.exec.LogToClient] About to start relaying all logs to the client via the connection.
2024-07-24T23:20:44.592+0800 [INFO] [org.gradle.launcher.daemon.server.exec.LogToClient] The client will now receive all logging from the daemon (pid: 19732). The daemon log file: E:\Plain Craft Launcher 2\MC模组开发\the_medical_devices\forge-1.20.1-47.3.0-mdk\DotGradle\daemon\8.1.1\daemon-19732.out.log
2024-07-24T23:20:44.592+0800 [INFO] [org.gradle.launcher.daemon.server.exec.LogAndCheckHealth] Starting 3rd build in daemon [uptime: 1 mins 17.617 secs, performance: 99%, GC rate: 0.00/s, heap usage: 0% of 3 GiB]
2024-07-24T23:20:44.593+0800 [DEBUG] [org.gradle.launcher.daemon.server.exec.ExecuteBuild] The daemon has started executing the build.
2024-07-24T23:20:44.593+0800 [INFO] [org.gradle.launcher.daemon.server.exec.ForwardClientInput] Closing daemon's stdin at end of input.
2024-07-24T23:20:44.593+0800 [INFO] [org.gradle.launcher.daemon.server.exec.ForwardClientInput] The daemon will no longer process any standard input.
2024-07-24T23:20:44.593+0800 [DEBUG] [org.gradle.launcher.daemon.server.exec.ExecuteBuild] Executing build with daemon context: DefaultDaemonContext[uid=691f0693-29cc-4d81-951e-0a7b89f1487f,javaHome=E:\Plain Craft Launcher 2\MC模组开发\Java\jdk-17,daemonRegistryDir=E:\Plain Craft Launcher 2\MC模组开发\the_medical_devices\forge-1.20.1-47.3.0-mdk\DotGradle\daemon,pid=19732,idleTimeout=10800000,priority=NORMAL,applyInstrumentationAgent=true,daemonOpts=--add-opens=java.base/java.util=ALL-UNNAMED,--add-opens=java.base/java.lang=ALL-UNNAMED,--add-opens=java.base/java.lang.invoke=ALL-UNNAMED,--add-opens=java.prefs/java.util.prefs=ALL-UNNAMED,--add-opens=java.base/java.nio.charset=ALL-UNNAMED,--add-opens=java.base/java.net=ALL-UNNAMED,--add-opens=java.base/java.util.concurrent.atomic=ALL-UNNAMED,-Xmx3G,-Dfile.encoding=GBK,-Duser.country=CN,-Duser.language=zh,-Duser.variant]
Java: 17.0.11, JVM: 17.0.11+7-LTS-207 (Oracle Corporation), Arch: amd64
Directory 'C:\Program Files\Java\jdk-1.8' (Windows Registry) used for java installations does not exist
Directory 'C:\Program Files\Java\jdk-1.8' (Windows Registry) used for java installations does not exist
Directory 'C:\Program Files\Java\jre-1.8' (Windows Registry) used for java installations does not exist
Directory 'C:\Program Files\Java\jdk-22' (Windows Registry) used for java installations does not exist
Directory 'C:\Program Files\Java\jre-1.8' (Windows Registry) used for java installations does not exist

Deprecated Gradle features were used in this build, making it incompatible with Gradle 9.0.

You can use '--warning-mode all' to show the individual deprecation warnings and determine if they come from your own scripts or plugins.

See https://docs.gradle.org/8.1.1/userguide/command_line_interface.html#sec:command_line_warnings

BUILD SUCCESSFUL in 5s
2024-07-24T23:20:49.673+0800 [DEBUG] [org.gradle.launcher.daemon.server.exec.ExecuteBuild] The daemon has finished executing the build.
2024-07-24T23:20:49.690+0800 [DEBUG] [org.gradle.launcher.daemon.server.DaemonStateCoordinator] daemon is running. Sleeping until state changes.
2024-07-24T23:20:49.690+0800 [DEBUG] [org.gradle.launcher.daemon.server.DaemonStateCoordinator] Command execution: finished waiting for DaemonCommandExecution[command = Build{id=f21b62f5-6f6e-4db6-8304-3741c4ff87e7, currentDir=E:\Plain Craft Launcher 2\MC模组开发\ForgeModAdvanced-1.20.1\forge-1.20.1-47.3.0-mdk}, connection = DefaultDaemonConnection: socket connection from /127.0.0.1:53268 to /127.0.0.1:58195]. Result org.gradle.launcher.daemon.server.DaemonStateCoordinator@72f2b196 with state Busy
2024-07-24T23:20:49.690+0800 [DEBUG] [org.gradle.launcher.daemon.server.DaemonStateCoordinator] Command execution: completed DaemonCommandExecution[command = Build{id=f21b62f5-6f6e-4db6-8304-3741c4ff87e7, currentDir=E:\Plain Craft Launcher 2\MC模组开发\ForgeModAdvanced-1.20.1\forge-1.20.1-47.3.0-mdk}, connection = DefaultDaemonConnection: socket connection from /127.0.0.1:53268 to /127.0.0.1:58195]
2024-07-24T23:20:49.690+0800 [DEBUG] [org.gradle.launcher.daemon.server.DaemonStateCoordinator] resetting idle timer
2024-07-24T23:20:49.690+0800 [INFO] [org.gradle.launcher.daemon.server.DaemonRegistryUpdater] Marking the daemon as idle, address: [a6fd7bff-f02f-420f-9dc4-938898cb79cf port:53268, addresses:[localhost/127.0.0.1]]
2024-07-24T23:20:49.690+0800 [DEBUG] [org.gradle.launcher.daemon.registry.PersistentDaemonRegistry] Marking busy by address: [a6fd7bff-f02f-420f-9dc4-938898cb79cf port:53268, addresses:[localhost/127.0.0.1]]
2024-07-24T23:20:49.691+0800 [DEBUG] [org.gradle.cache.internal.DefaultFileLockManager] Waiting to acquire exclusive lock on daemon addresses registry.
2024-07-24T23:20:49.691+0800 [DEBUG] [org.gradle.cache.internal.DefaultFileLockManager] Lock acquired on daemon addresses registry.
2024-07-24T23:20:49.692+0800 [DEBUG] [org.gradle.cache.internal.DefaultFileLockManager] Releasing lock on daemon addresses registry.
2024-07-24T23:20:49.692+0800 [DEBUG] [org.gradle.launcher.daemon.server.DaemonStateCoordinator] daemon is running. Sleeping until state changes.
2024-07-24T23:20:49.692+0800 [DEBUG] [org.gradle.launcher.daemon.server.exec.ReturnResult] Daemon is dispatching the build result: Success[value=org.gradle.launcher.exec.BuildActionResult@1bb6e3da]
2024-07-24T23:20:49.692+0800 [DEBUG] [org.gradle.launcher.daemon.server.SynchronizedDispatchConnection] thread 32: dispatching Success[value=org.gradle.launcher.exec.BuildActionResult@1bb6e3da]
2024-07-24T23:20:49.692+0800 [DEBUG] [org.gradle.launcher.daemon.server.DefaultIncomingConnectionHandler] Finishing executing command: Build{id=f21b62f5-6f6e-4db6-8304-3741c4ff87e7, currentDir=E:\Plain Craft Launcher 2\MC模组开发\ForgeModAdvanced-1.20.1\forge-1.20.1-47.3.0-mdk}
2024-07-24T23:20:49.692+0800 [DEBUG] [org.gradle.launcher.daemon.server.SynchronizedDispatchConnection] thread 338: received class org.gradle.launcher.daemon.protocol.Finished
2024-07-24T23:20:49.692+0800 [DEBUG] [org.gradle.launcher.daemon.server.DefaultDaemonConnection] thread 338: Received non-IO message from client: org.gradle.launcher.daemon.protocol.Finished@3af08a0
2024-07-24T23:20:49.692+0800 [DEBUG] [org.gradle.internal.remote.internal.inet.SocketConnection] Discarding EOFException: java.io.EOFException
2024-07-24T23:20:49.692+0800 [DEBUG] [org.gradle.launcher.daemon.server.DefaultIncomingConnectionHandler] Received finished message: org.gradle.launcher.daemon.protocol.Finished@3af08a0
2024-07-24T23:20:49.692+0800 [DEBUG] [org.gradle.launcher.daemon.server.SynchronizedDispatchConnection] thread 338: received null
2024-07-24T23:20:49.693+0800 [DEBUG] [org.gradle.launcher.daemon.server.SynchronizedDispatchConnection] thread 32: stopping connection
2024-07-24T23:20:49.693+0800 [DEBUG] [org.gradle.launcher.daemon.server.DefaultDaemonConnection] thread 338: Received end-of-input from client.
2024-07-24T23:20:49.693+0800 [DEBUG] [org.gradle.launcher.daemon.server.SynchronizedDispatchConnection] thread 32: stopping connection
2024-07-24T23:20:49.825+0800 [DEBUG] [org.gradle.internal.remote.internal.inet.TcpIncomingConnector] Accepted connection from /127.0.0.1:58208 to /127.0.0.1:53268.
2024-07-24T23:20:49.829+0800 [DEBUG] [org.gradle.launcher.daemon.server.SynchronizedDispatchConnection] thread 464: received class org.gradle.launcher.daemon.protocol.Build
2024-07-24T23:20:49.829+0800 [DEBUG] [org.gradle.launcher.daemon.server.DefaultDaemonConnection] thread 464: Received non-IO message from client: Build{id=ac1e1881-b693-4ab9-b5a0-fff8b8c6a327, currentDir=E:\Plain Craft Launcher 2\MC模组开发\ForgeModAdvanced-1.20.1\forge-1.20.1-47.3.0-mdk}
2024-07-24T23:20:49.829+0800 [INFO] [org.gradle.launcher.daemon.server.DefaultIncomingConnectionHandler] Received command: Build{id=ac1e1881-b693-4ab9-b5a0-fff8b8c6a327, currentDir=E:\Plain Craft Launcher 2\MC模组开发\ForgeModAdvanced-1.20.1\forge-1.20.1-47.3.0-mdk}.
2024-07-24T23:20:49.829+0800 [DEBUG] [org.gradle.launcher.daemon.server.DefaultIncomingConnectionHandler] Starting executing command: Build{id=ac1e1881-b693-4ab9-b5a0-fff8b8c6a327, currentDir=E:\Plain Craft Launcher 2\MC模组开发\ForgeModAdvanced-1.20.1\forge-1.20.1-47.3.0-mdk} with connection: socket connection from /127.0.0.1:53268 to /127.0.0.1:58208.
2024-07-24T23:20:49.830+0800 [DEBUG] [org.gradle.launcher.daemon.server.DaemonStateCoordinator] Command execution: started DaemonCommandExecution[command = Build{id=ac1e1881-b693-4ab9-b5a0-fff8b8c6a327, currentDir=E:\Plain Craft Launcher 2\MC模组开发\ForgeModAdvanced-1.20.1\forge-1.20.1-47.3.0-mdk}, connection = DefaultDaemonConnection: socket connection from /127.0.0.1:53268 to /127.0.0.1:58208] after 0.0 minutes of idle
2024-07-24T23:20:49.830+0800 [INFO] [org.gradle.launcher.daemon.server.DaemonRegistryUpdater] Marking the daemon as busy, address: [a6fd7bff-f02f-420f-9dc4-938898cb79cf port:53268, addresses:[localhost/127.0.0.1]]
2024-07-24T23:20:49.830+0800 [DEBUG] [org.gradle.launcher.daemon.registry.PersistentDaemonRegistry] Marking busy by address: [a6fd7bff-f02f-420f-9dc4-938898cb79cf port:53268, addresses:[localhost/127.0.0.1]]
2024-07-24T23:20:49.831+0800 [DEBUG] [org.gradle.cache.internal.DefaultFileLockManager] Waiting to acquire exclusive lock on daemon addresses registry.
2024-07-24T23:20:49.831+0800 [DEBUG] [org.gradle.cache.internal.DefaultFileLockManager] Lock acquired on daemon addresses registry.
2024-07-24T23:20:49.832+0800 [DEBUG] [org.gradle.cache.internal.DefaultFileLockManager] Releasing lock on daemon addresses registry.
2024-07-24T23:20:49.832+0800 [DEBUG] [org.gradle.launcher.daemon.server.DaemonStateCoordinator] resetting idle timer
2024-07-24T23:20:49.833+0800 [DEBUG] [org.gradle.launcher.daemon.server.DaemonStateCoordinator] daemon is running. Sleeping until state changes.
2024-07-24T23:20:49.833+0800 [INFO] [org.gradle.launcher.daemon.server.exec.StartBuildOrRespondWithBusy] Daemon is about to start building Build{id=ac1e1881-b693-4ab9-b5a0-fff8b8c6a327, currentDir=E:\Plain Craft Launcher 2\MC模组开发\ForgeModAdvanced-1.20.1\forge-1.20.1-47.3.0-mdk}. Dispatching build started information...
2024-07-24T23:20:49.833+0800 [DEBUG] [org.gradle.launcher.daemon.server.SynchronizedDispatchConnection] thread 35: dispatching org.gradle.launcher.daemon.protocol.BuildStarted@7befea57
2024-07-24T23:20:49.833+0800 [DEBUG] [org.gradle.launcher.daemon.server.exec.EstablishBuildEnvironment] Configuring env variables: [USERDOMAIN_ROAMINGPROFILE, PROCESSOR_LEVEL, GRADLE_OPTS, SESSIONNAME, ALLUSERSPROFILE, INTEL_DEV_REDIST, PROCESSOR_ARCHITECTURE, MIC_LD_LIBRARY_PATH, PSModulePath, SystemDrive, USERNAME, ProgramFiles(x86), JAVA21_HOME, PATHEXT, DriverData, IntelliJ IDEA Community Edition, ProgramData, ProgramW6432, HOMEPATH, PROCESSOR_IDENTIFIER, ProgramFiles, PUBLIC, windir, =::, ZES_ENABLE_SYSMAN, IGCCSVC_DB, LOCALAPPDATA, IntelliJ IDEA, JAVA17_HOME, USERDOMAIN, LOGONSERVER, JAVA_HOME, OneDrive, APPDATA, GRADLE_USER_HOME, CommonProgramFiles, Path, OS, COMPUTERNAME, PROCESSOR_REVISION, CLASSPATH, CommonProgramW6432, ComSpec, TEMP, SystemRoot, HOMEDRIVE, USERPROFILE, TMP, EFC_11648, CommonProgramFiles(x86), NUMBER_OF_PROCESSORS, IDEA_INITIAL_DIRECTORY]
2024-07-24T23:20:49.834+0800 [DEBUG] [org.gradle.launcher.daemon.server.exec.LogToClient] About to start relaying all logs to the client via the connection.
2024-07-24T23:20:49.834+0800 [INFO] [org.gradle.launcher.daemon.server.exec.LogToClient] The client will now receive all logging from the daemon (pid: 19732). The daemon log file: E:\Plain Craft Launcher 2\MC模组开发\the_medical_devices\forge-1.20.1-47.3.0-mdk\DotGradle\daemon\8.1.1\daemon-19732.out.log
2024-07-24T23:20:49.835+0800 [INFO] [org.gradle.launcher.daemon.server.exec.LogAndCheckHealth] Starting 4th build in daemon [uptime: 1 mins 22.859 secs, performance: 100%, GC rate: 0.00/s, heap usage: 0% of 3 GiB]
2024-07-24T23:20:49.835+0800 [DEBUG] [org.gradle.launcher.daemon.server.exec.ExecuteBuild] The daemon has started executing the build.
2024-07-24T23:20:49.835+0800 [DEBUG] [org.gradle.launcher.daemon.server.exec.ExecuteBuild] Executing build with daemon context: DefaultDaemonContext[uid=691f0693-29cc-4d81-951e-0a7b89f1487f,javaHome=E:\Plain Craft Launcher 2\MC模组开发\Java\jdk-17,daemonRegistryDir=E:\Plain Craft Launcher 2\MC模组开发\the_medical_devices\forge-1.20.1-47.3.0-mdk\DotGradle\daemon,pid=19732,idleTimeout=10800000,priority=NORMAL,applyInstrumentationAgent=true,daemonOpts=--add-opens=java.base/java.util=ALL-UNNAMED,--add-opens=java.base/java.lang=ALL-UNNAMED,--add-opens=java.base/java.lang.invoke=ALL-UNNAMED,--add-opens=java.prefs/java.util.prefs=ALL-UNNAMED,--add-opens=java.base/java.nio.charset=ALL-UNNAMED,--add-opens=java.base/java.net=ALL-UNNAMED,--add-opens=java.base/java.util.concurrent.atomic=ALL-UNNAMED,-Xmx3G,-Dfile.encoding=GBK,-Duser.country=CN,-Duser.language=zh,-Duser.variant]
Java: 17.0.11, JVM: 17.0.11+7-LTS-207 (Oracle Corporation), Arch: amd64
Directory 'C:\Program Files\Java\jre-1.8' (Windows Registry) used for java installations does not exist
Directory 'C:\Program Files\Java\jdk-1.8' (Windows Registry) used for java installations does not exist
Directory 'C:\Program Files\Java\jre-1.8' (Windows Registry) used for java installations does not exist
Directory 'C:\Program Files\Java\jdk-22' (Windows Registry) used for java installations does not exist
Directory 'C:\Program Files\Java\jdk-1.8' (Windows Registry) used for java installations does not exist

BUILD SUCCESSFUL in 1s
3 actionable tasks: 1 executed, 2 up-to-date
2024-07-24T23:20:51.437+0800 [DEBUG] [org.gradle.launcher.daemon.server.exec.ExecuteBuild] The daemon has finished executing the build.
2024-07-24T23:20:51.453+0800 [DEBUG] [org.gradle.launcher.daemon.server.DaemonStateCoordinator] daemon is running. Sleeping until state changes.
2024-07-24T23:20:51.453+0800 [DEBUG] [org.gradle.launcher.daemon.server.DaemonStateCoordinator] Command execution: finished waiting for DaemonCommandExecution[command = Build{id=ac1e1881-b693-4ab9-b5a0-fff8b8c6a327, currentDir=E:\Plain Craft Launcher 2\MC模组开发\ForgeModAdvanced-1.20.1\forge-1.20.1-47.3.0-mdk}, connection = DefaultDaemonConnection: socket connection from /127.0.0.1:53268 to /127.0.0.1:58208]. Result org.gradle.launcher.daemon.server.DaemonStateCoordinator@72f2b196 with state Busy
2024-07-24T23:20:51.453+0800 [DEBUG] [org.gradle.launcher.daemon.server.DaemonStateCoordinator] Command execution: completed DaemonCommandExecution[command = Build{id=ac1e1881-b693-4ab9-b5a0-fff8b8c6a327, currentDir=E:\Plain Craft Launcher 2\MC模组开发\ForgeModAdvanced-1.20.1\forge-1.20.1-47.3.0-mdk}, connection = DefaultDaemonConnection: socket connection from /127.0.0.1:53268 to /127.0.0.1:58208]
2024-07-24T23:20:51.453+0800 [DEBUG] [org.gradle.launcher.daemon.server.DaemonStateCoordinator] resetting idle timer
2024-07-24T23:20:51.453+0800 [INFO] [org.gradle.launcher.daemon.server.DaemonRegistryUpdater] Marking the daemon as idle, address: [a6fd7bff-f02f-420f-9dc4-938898cb79cf port:53268, addresses:[localhost/127.0.0.1]]
2024-07-24T23:20:51.454+0800 [DEBUG] [org.gradle.launcher.daemon.registry.PersistentDaemonRegistry] Marking busy by address: [a6fd7bff-f02f-420f-9dc4-938898cb79cf port:53268, addresses:[localhost/127.0.0.1]]
2024-07-24T23:20:51.454+0800 [DEBUG] [org.gradle.cache.internal.DefaultFileLockManager] Waiting to acquire exclusive lock on daemon addresses registry.
2024-07-24T23:20:51.454+0800 [DEBUG] [org.gradle.cache.internal.DefaultFileLockManager] Lock acquired on daemon addresses registry.
2024-07-24T23:20:51.455+0800 [DEBUG] [org.gradle.cache.internal.DefaultFileLockManager] Releasing lock on daemon addresses registry.
2024-07-24T23:20:51.455+0800 [DEBUG] [org.gradle.launcher.daemon.server.exec.ReturnResult] Daemon is dispatching the build result: Success[value=org.gradle.launcher.exec.BuildActionResult@3ec86a4a]
2024-07-24T23:20:51.455+0800 [DEBUG] [org.gradle.launcher.daemon.server.SynchronizedDispatchConnection] thread 32: dispatching Success[value=org.gradle.launcher.exec.BuildActionResult@3ec86a4a]
2024-07-24T23:20:51.455+0800 [DEBUG] [org.gradle.launcher.daemon.server.DaemonStateCoordinator] daemon is running. Sleeping until state changes.
2024-07-24T23:20:51.455+0800 [DEBUG] [org.gradle.launcher.daemon.server.DefaultIncomingConnectionHandler] Finishing executing command: Build{id=ac1e1881-b693-4ab9-b5a0-fff8b8c6a327, currentDir=E:\Plain Craft Launcher 2\MC模组开发\ForgeModAdvanced-1.20.1\forge-1.20.1-47.3.0-mdk}
2024-07-24T23:20:51.456+0800 [DEBUG] [org.gradle.launcher.daemon.server.SynchronizedDispatchConnection] thread 464: received class org.gradle.launcher.daemon.protocol.CloseInput
2024-07-24T23:20:51.456+0800 [DEBUG] [org.gradle.launcher.daemon.server.DefaultDaemonConnection] thread 464: Received IO message from client: org.gradle.launcher.daemon.protocol.CloseInput@31d8b5c1
2024-07-24T23:20:51.456+0800 [DEBUG] [org.gradle.launcher.daemon.server.SynchronizedDispatchConnection] thread 464: received class org.gradle.launcher.daemon.protocol.Finished
2024-07-24T23:20:51.456+0800 [DEBUG] [org.gradle.launcher.daemon.server.DefaultDaemonConnection] thread 464: Received non-IO message from client: org.gradle.launcher.daemon.protocol.Finished@3f1f5d8a
2024-07-24T23:20:51.456+0800 [DEBUG] [org.gradle.launcher.daemon.server.DefaultIncomingConnectionHandler] Received finished message: org.gradle.launcher.daemon.protocol.Finished@3f1f5d8a
2024-07-24T23:20:51.456+0800 [DEBUG] [org.gradle.launcher.daemon.server.SynchronizedDispatchConnection] thread 32: stopping connection
2024-07-24T23:20:51.456+0800 [DEBUG] [org.gradle.internal.remote.internal.inet.SocketConnection] Discarding EOFException: java.io.EOFException
2024-07-24T23:20:51.456+0800 [DEBUG] [org.gradle.launcher.daemon.server.SynchronizedDispatchConnection] thread 464: received null
2024-07-24T23:20:51.456+0800 [DEBUG] [org.gradle.launcher.daemon.server.DefaultDaemonConnection] thread 464: Received end-of-input from client.
2024-07-24T23:20:51.456+0800 [DEBUG] [org.gradle.launcher.daemon.server.SynchronizedDispatchConnection] thread 32: stopping connection
2024-07-24T23:20:57.263+0800 [DEBUG] [org.gradle.cache.internal.DefaultFileLockManager] Waiting to acquire shared lock on daemon addresses registry.
2024-07-24T23:20:57.264+0800 [DEBUG] [org.gradle.cache.internal.DefaultFileLockManager] Lock acquired on daemon addresses registry.
2024-07-24T23:20:57.264+0800 [DEBUG] [org.gradle.cache.internal.DefaultFileLockManager] Releasing lock on daemon addresses registry.
2024-07-24T23:20:57.265+0800 [DEBUG] [org.gradle.cache.internal.DefaultFileLockManager] Waiting to acquire shared lock on daemon addresses registry.
2024-07-24T23:20:57.265+0800 [DEBUG] [org.gradle.cache.internal.DefaultFileLockManager] Lock acquired on daemon addresses registry.
2024-07-24T23:20:57.266+0800 [DEBUG] [org.gradle.cache.internal.DefaultFileLockManager] Releasing lock on daemon addresses registry.
2024-07-24T23:20:58.094+0800 [DEBUG] [org.gradle.internal.remote.internal.inet.TcpIncomingConnector] Accepted connection from /127.0.0.1:58220 to /127.0.0.1:53268.
2024-07-24T23:20:58.098+0800 [DEBUG] [org.gradle.launcher.daemon.server.SynchronizedDispatchConnection] thread 581: received class org.gradle.launcher.daemon.protocol.StopWhenIdle
2024-07-24T23:20:58.099+0800 [DEBUG] [org.gradle.launcher.daemon.server.DefaultDaemonConnection] thread 581: Received non-IO message from client: StopWhenIdle[id=8805aa4f-da48-45d9-b2f9-047bfb801c98]
2024-07-24T23:20:58.099+0800 [INFO] [org.gradle.launcher.daemon.server.DefaultIncomingConnectionHandler] Received command: StopWhenIdle[id=8805aa4f-da48-45d9-b2f9-047bfb801c98].
2024-07-24T23:20:58.099+0800 [DEBUG] [org.gradle.launcher.daemon.server.DefaultIncomingConnectionHandler] Starting executing command: StopWhenIdle[id=8805aa4f-da48-45d9-b2f9-047bfb801c98] with connection: socket connection from /127.0.0.1:53268 to /127.0.0.1:58220.
2024-07-24T23:20:58.099+0800 [DEBUG] [org.gradle.launcher.daemon.server.DaemonRegistryUpdater] Storing daemon stop event: stop command received
2024-07-24T23:20:58.099+0800 [DEBUG] [org.gradle.launcher.daemon.registry.PersistentDaemonRegistry] Storing daemon stop event with timestamp 1721834458100
2024-07-24T23:20:58.101+0800 [DEBUG] [org.gradle.cache.internal.DefaultFileLockManager] Waiting to acquire exclusive lock on daemon addresses registry.
2024-07-24T23:20:58.101+0800 [DEBUG] [org.gradle.cache.internal.DefaultFileLockManager] Lock acquired on daemon addresses registry.
2024-07-24T23:20:58.101+0800 [DEBUG] [org.gradle.cache.internal.DefaultFileLockManager] Releasing lock on daemon addresses registry.
2024-07-24T23:20:58.102+0800 [LIFECYCLE] [org.gradle.launcher.daemon.server.DaemonStateCoordinator] Daemon will be stopped at the end of the build stop command received
2024-07-24T23:20:58.102+0800 [DEBUG] [org.gradle.launcher.daemon.server.DaemonStateCoordinator] Marking daemon stopped due to stop command received. The daemon is running a build: false
2024-07-24T23:20:58.102+0800 [DEBUG] [org.gradle.launcher.daemon.server.SynchronizedDispatchConnection] thread 32: dispatching Success[value=null]
2024-07-24T23:20:58.102+0800 [DEBUG] [org.gradle.launcher.daemon.server.DaemonStateCoordinator] daemon has stopped.
2024-07-24T23:20:58.102+0800 [DEBUG] [org.gradle.launcher.daemon.server.DefaultIncomingConnectionHandler] Finishing executing command: StopWhenIdle[id=8805aa4f-da48-45d9-b2f9-047bfb801c98]
2024-07-24T23:20:58.102+0800 [DEBUG] [org.gradle.launcher.daemon.server.Daemon] stop() called on daemon
2024-07-24T23:20:58.102+0800 [INFO] [org.gradle.launcher.daemon.server.Daemon] Stop requested. Daemon is removing its presence from the registry...
2024-07-24T23:20:58.102+0800 [DEBUG] [org.gradle.launcher.daemon.server.SynchronizedDispatchConnection] thread 581: received class org.gradle.launcher.daemon.protocol.Finished
2024-07-24T23:20:58.102+0800 [DEBUG] [org.gradle.launcher.daemon.server.DaemonRegistryUpdater] Removing our presence to clients, eg. removing this address from the registry: [a6fd7bff-f02f-420f-9dc4-938898cb79cf port:53268, addresses:[localhost/127.0.0.1]]
2024-07-24T23:20:58.102+0800 [DEBUG] [org.gradle.launcher.daemon.server.DefaultDaemonConnection] thread 581: Received non-IO message from client: org.gradle.launcher.daemon.protocol.Finished@1dcc827b
2024-07-24T23:20:58.103+0800 [DEBUG] [org.gradle.launcher.daemon.registry.PersistentDaemonRegistry] Removing daemon address: [a6fd7bff-f02f-420f-9dc4-938898cb79cf port:53268, addresses:[localhost/127.0.0.1]]
2024-07-24T23:20:58.103+0800 [DEBUG] [org.gradle.internal.remote.internal.inet.SocketConnection] Discarding EOFException: java.io.EOFException
2024-07-24T23:20:58.103+0800 [DEBUG] [org.gradle.launcher.daemon.server.DefaultIncomingConnectionHandler] Received finished message: org.gradle.launcher.daemon.protocol.Finished@1dcc827b
2024-07-24T23:20:58.103+0800 [DEBUG] [org.gradle.launcher.daemon.server.SynchronizedDispatchConnection] thread 581: received null
2024-07-24T23:20:58.103+0800 [DEBUG] [org.gradle.launcher.daemon.server.DefaultDaemonConnection] thread 581: Received end-of-input from client.
2024-07-24T23:20:58.103+0800 [DEBUG] [org.gradle.launcher.daemon.server.SynchronizedDispatchConnection] thread 32: stopping connection
2024-07-24T23:20:58.103+0800 [DEBUG] [org.gradle.launcher.daemon.server.SynchronizedDispatchConnection] thread 32: stopping connection
2024-07-24T23:20:58.104+0800 [DEBUG] [org.gradle.cache.internal.DefaultFileLockManager] Waiting to acquire exclusive lock on daemon addresses registry.
2024-07-24T23:20:58.104+0800 [DEBUG] [org.gradle.cache.internal.DefaultFileLockManager] Lock acquired on daemon addresses registry.
2024-07-24T23:20:58.104+0800 [DEBUG] [org.gradle.cache.internal.DefaultFileLockManager] Releasing lock on daemon addresses registry.
2024-07-24T23:20:58.104+0800 [DEBUG] [org.gradle.launcher.daemon.server.DaemonRegistryUpdater] Address removed from registry.
2024-07-24T23:20:58.106+0800 [DEBUG] [org.gradle.cache.internal.LockOnDemandCrossProcessCacheAccess] Releasing file lock for jars (E:\Plain Craft Launcher 2\MC模组开发\the_medical_devices\forge-1.20.1-47.3.0-mdk\DotGradle\caches\jars-9)
2024-07-24T23:20:58.106+0800 [DEBUG] [org.gradle.cache.internal.DefaultFileLockManager] Releasing lock on jars (E:\Plain Craft Launcher 2\MC模组开发\the_medical_devices\forge-1.20.1-47.3.0-mdk\DotGradle\caches\jars-9).
2024-07-24T23:20:58.106+0800 [DEBUG] [org.gradle.cache.internal.DefaultPersistentDirectoryStore] jars (E:\Plain Craft Launcher 2\MC模组开发\the_medical_devices\forge-1.20.1-47.3.0-mdk\DotGradle\caches\jars-9) has last been fully cleaned up 21 hours ago
2024-07-24T23:20:58.107+0800 [DEBUG] [org.gradle.cache.internal.DefaultPersistentDirectoryStore] Artifact transforms cache (E:\Plain Craft Launcher 2\MC模组开发\the_medical_devices\forge-1.20.1-47.3.0-mdk\DotGradle\caches\transforms-3) has last been fully cleaned up 21 hours ago
2024-07-24T23:20:58.107+0800 [DEBUG] [org.gradle.cache.internal.DefaultCacheCoordinator] Cache Artifact transforms cache (E:\Plain Craft Launcher 2\MC模组开发\the_medical_devices\forge-1.20.1-47.3.0-mdk\DotGradle\caches\transforms-3) was closed 0 times.
2024-07-24T23:20:58.108+0800 [DEBUG] [org.gradle.cache.internal.LockOnDemandCrossProcessCacheAccess] Releasing file lock for file content cache (E:\Plain Craft Launcher 2\MC模组开发\the_medical_devices\forge-1.20.1-47.3.0-mdk\DotGradle\caches\8.1.1\fileContent)
2024-07-24T23:20:58.108+0800 [DEBUG] [org.gradle.cache.internal.DefaultFileLockManager] Releasing lock on file content cache (E:\Plain Craft Launcher 2\MC模组开发\the_medical_devices\forge-1.20.1-47.3.0-mdk\DotGradle\caches\8.1.1\fileContent).
2024-07-24T23:20:58.108+0800 [DEBUG] [org.gradle.internal.watch.vfs.impl.WatchingVirtualFileSystem] Closing VFS, dropping state
2024-07-24T23:20:58.109+0800 [DEBUG] [org.gradle.cache.internal.DefaultCacheCoordinator] Cache Generated Gradle JARs cache (E:\Plain Craft Launcher 2\MC模组开发\the_medical_devices\forge-1.20.1-47.3.0-mdk\DotGradle\caches\8.1.1\generated-gradle-jars) was closed 0 times.
2024-07-24T23:20:58.109+0800 [DEBUG] [org.gradle.internal.watch.registry.impl.DefaultFileWatcherRegistry] Finished listening to file system change events
2024-07-24T23:20:58.109+0800 [DEBUG] [org.gradle.cache.internal.LockOnDemandCrossProcessCacheAccess] Releasing file lock for artifact cache (E:\Plain Craft Launcher 2\MC模组开发\the_medical_devices\forge-1.20.1-47.3.0-mdk\DotGradle\caches\modules-2)
2024-07-24T23:20:58.109+0800 [DEBUG] [org.gradle.cache.internal.btree.BTreePersistentIndexedCache] Closing cache module-versions.bin (E:\Plain Craft Launcher 2\MC模组开发\the_medical_devices\forge-1.20.1-47.3.0-mdk\DotGradle\caches\modules-2\metadata-2.105\module-versions.bin)
2024-07-24T23:20:58.109+0800 [DEBUG] [org.gradle.cache.internal.btree.BTreePersistentIndexedCache] Closing cache resource-at-url.bin (E:\Plain Craft Launcher 2\MC模组开发\the_medical_devices\forge-1.20.1-47.3.0-mdk\DotGradle\caches\modules-2\metadata-2.105\resource-at-url.bin)
2024-07-24T23:20:58.109+0800 [DEBUG] [org.gradle.cache.internal.btree.BTreePersistentIndexedCache] Closing cache module-metadata.bin (E:\Plain Craft Launcher 2\MC模组开发\the_medical_devices\forge-1.20.1-47.3.0-mdk\DotGradle\caches\modules-2\metadata-2.105\module-metadata.bin)
2024-07-24T23:20:58.109+0800 [DEBUG] [org.gradle.cache.internal.btree.BTreePersistentIndexedCache] Closing cache module-artifact.bin (E:\Plain Craft Launcher 2\MC模组开发\the_medical_devices\forge-1.20.1-47.3.0-mdk\DotGradle\caches\modules-2\metadata-2.105\module-artifact.bin)
2024-07-24T23:20:58.110+0800 [DEBUG] [org.gradle.cache.internal.DefaultFileLockManager] Releasing lock on artifact cache (E:\Plain Craft Launcher 2\MC模组开发\the_medical_devices\forge-1.20.1-47.3.0-mdk\DotGradle\caches\modules-2).
2024-07-24T23:20:58.110+0800 [DEBUG] [org.gradle.cache.internal.DefaultPersistentDirectoryStore] artifact cache (E:\Plain Craft Launcher 2\MC模组开发\the_medical_devices\forge-1.20.1-47.3.0-mdk\DotGradle\caches\modules-2) has last been fully cleaned up 21 hours ago
2024-07-24T23:20:58.110+0800 [DEBUG] [org.gradle.cache.internal.LockOnDemandCrossProcessCacheAccess] Releasing file lock for journal cache (E:\Plain Craft Launcher 2\MC模组开发\the_medical_devices\forge-1.20.1-47.3.0-mdk\DotGradle\caches\journal-1)
2024-07-24T23:20:58.110+0800 [DEBUG] [org.gradle.cache.internal.btree.BTreePersistentIndexedCache] Closing cache file-access.bin (E:\Plain Craft Launcher 2\MC模组开发\the_medical_devices\forge-1.20.1-47.3.0-mdk\DotGradle\caches\journal-1\file-access.bin)
2024-07-24T23:20:58.110+0800 [DEBUG] [org.gradle.cache.internal.DefaultFileLockManager] Releasing lock on journal cache (E:\Plain Craft Launcher 2\MC模组开发\the_medical_devices\forge-1.20.1-47.3.0-mdk\DotGradle\caches\journal-1).
2024-07-24T23:20:58.111+0800 [DEBUG] [org.gradle.cache.internal.LockOnDemandCrossProcessCacheAccess] Releasing file lock for file hash cache (E:\Plain Craft Launcher 2\MC模组开发\the_medical_devices\forge-1.20.1-47.3.0-mdk\DotGradle\caches\8.1.1\fileHashes)
2024-07-24T23:20:58.111+0800 [DEBUG] [org.gradle.cache.internal.btree.BTreePersistentIndexedCache] Closing cache fileHashes.bin (E:\Plain Craft Launcher 2\MC模组开发\the_medical_devices\forge-1.20.1-47.3.0-mdk\DotGradle\caches\8.1.1\fileHashes\fileHashes.bin)
2024-07-24T23:20:58.111+0800 [DEBUG] [org.gradle.cache.internal.btree.BTreePersistentIndexedCache] Closing cache resourceHashesCache.bin (E:\Plain Craft Launcher 2\MC模组开发\the_medical_devices\forge-1.20.1-47.3.0-mdk\DotGradle\caches\8.1.1\fileHashes\resourceHashesCache.bin)
2024-07-24T23:20:58.111+0800 [DEBUG] [org.gradle.cache.internal.DefaultFileLockManager] Releasing lock on file hash cache (E:\Plain Craft Launcher 2\MC模组开发\the_medical_devices\forge-1.20.1-47.3.0-mdk\DotGradle\caches\8.1.1\fileHashes).
2024-07-24T23:20:58.111+0800 [DEBUG] [org.gradle.cache.internal.LockOnDemandCrossProcessCacheAccess] Releasing file lock for execution history cache (E:\Plain Craft Launcher 2\MC模组开发\the_medical_devices\forge-1.20.1-47.3.0-mdk\DotGradle\caches\8.1.1\executionHistory)
2024-07-24T23:20:58.111+0800 [DEBUG] [org.gradle.cache.internal.DefaultFileLockManager] Releasing lock on execution history cache (E:\Plain Craft Launcher 2\MC模组开发\the_medical_devices\forge-1.20.1-47.3.0-mdk\DotGradle\caches\8.1.1\executionHistory).
Daemon vm is shutting down... The daemon has exited normally or was terminated in response to a user interrupt.
2024-07-24T23:20:58.112+0800 [DEBUG] [org.gradle.launcher.daemon.registry.PersistentDaemonRegistry] Removing daemon address: [a6fd7bff-f02f-420f-9dc4-938898cb79cf port:53268, addresses:[localhost/127.0.0.1]]
2024-07-24T23:20:58.113+0800 [DEBUG] [org.gradle.cache.internal.DefaultFileLockManager] Waiting to acquire exclusive lock on daemon addresses registry.
2024-07-24T23:20:58.113+0800 [DEBUG] [org.gradle.cache.internal.DefaultFileLockManager] Lock acquired on daemon addresses registry.
2024-07-24T23:20:58.114+0800 [DEBUG] [org.gradle.cache.internal.DefaultFileLockManager] Releasing lock on daemon addresses registry.
