2024-07-24T12:35:30.253+0800 [DEBUG] [org.gradle.launcher.daemon.bootstrap.DaemonMain] Assuming the daemon was started with following jvm opts: [--add-opens=java.base/java.util=ALL-UNNAMED, --add-opens=java.base/java.lang=ALL-UNNAMED, --add-opens=java.base/java.lang.invoke=ALL-UNNAMED, --add-opens=java.prefs/java.util.prefs=ALL-UNNAMED, --add-opens=java.base/java.nio.charset=ALL-UNNAMED, --add-opens=java.base/java.net=ALL-UNNAMED, --add-opens=java.base/java.util.concurrent.atomic=ALL-UNNAMED, -Xmx3G, -Dfile.encoding=GBK, -Duser.country=CN, -Duser.language=zh, -Duser.variant]
2024-07-24T12:35:30.331+0800 [DEBUG] [org.gradle.internal.nativeintegration.services.NativeServices] Native-platform posix files integration is not available. Continuing with fallback.
2024-07-24T12:35:30.346+0800 [INFO] [org.gradle.launcher.daemon.server.Daemon] start() called on daemon - DefaultDaemonContext[uid=37683585-059f-4ccc-90ea-1c24734fedc0,javaHome=E:\Plain Craft Launcher 2\MC模组开发\Java\jdk-17,daemonRegistryDir=E:\Plain Craft Launcher 2\MC模组开发\the_medical_devices\forge-1.20.1-47.3.0-mdk\DotGradle\daemon,pid=19132,idleTimeout=10800000,priority=NORMAL,applyInstrumentationAgent=true,daemonOpts=--add-opens=java.base/java.util=ALL-UNNAMED,--add-opens=java.base/java.lang=ALL-UNNAMED,--add-opens=java.base/java.lang.invoke=ALL-UNNAMED,--add-opens=java.prefs/java.util.prefs=ALL-UNNAMED,--add-opens=java.base/java.nio.charset=ALL-UNNAMED,--add-opens=java.base/java.net=ALL-UNNAMED,--add-opens=java.base/java.util.concurrent.atomic=ALL-UNNAMED,-Xmx3G,-Dfile.encoding=GBK,-Duser.country=CN,-Duser.language=zh,-Duser.variant]
2024-07-24T12:35:30.396+0800 [DEBUG] [org.gradle.internal.remote.internal.inet.InetAddresses] Adding IP addresses for network interface Software Loopback Interface 1
2024-07-24T12:35:30.398+0800 [DEBUG] [org.gradle.internal.remote.internal.inet.InetAddresses] Is this a loopback interface? true
2024-07-24T12:35:30.398+0800 [DEBUG] [org.gradle.internal.remote.internal.inet.InetAddresses] Adding loopback address /127.0.0.1
2024-07-24T12:35:30.398+0800 [DEBUG] [org.gradle.internal.remote.internal.inet.InetAddresses] Adding loopback address /0:0:0:0:0:0:0:1
2024-07-24T12:35:30.399+0800 [DEBUG] [org.gradle.internal.remote.internal.inet.InetAddresses] Adding IP addresses for network interface Microsoft 6to4 Adapter
2024-07-24T12:35:30.401+0800 [DEBUG] [org.gradle.internal.remote.internal.inet.InetAddresses] Is this a loopback interface? false
2024-07-24T12:35:30.401+0800 [DEBUG] [org.gradle.internal.remote.internal.inet.InetAddresses] Adding IP addresses for network interface VMware Virtual Ethernet Adapter for VMnet8
2024-07-24T12:35:30.403+0800 [DEBUG] [org.gradle.internal.remote.internal.inet.InetAddresses] Is this a loopback interface? false
2024-07-24T12:35:30.403+0800 [DEBUG] [org.gradle.internal.remote.internal.inet.InetAddresses] Adding remote address /192.168.116.1
2024-07-24T12:35:30.404+0800 [DEBUG] [org.gradle.internal.remote.internal.inet.InetAddresses] Adding remote address /fe80:0:0:0:1382:fb06:4c18:da26%eth0
2024-07-24T12:35:30.404+0800 [DEBUG] [org.gradle.internal.remote.internal.inet.InetAddresses] Adding IP addresses for network interface WAN Miniport (SSTP)
2024-07-24T12:35:30.406+0800 [DEBUG] [org.gradle.internal.remote.internal.inet.InetAddresses] Is this a loopback interface? false
2024-07-24T12:35:30.406+0800 [DEBUG] [org.gradle.internal.remote.internal.inet.InetAddresses] Adding IP addresses for network interface Famatech Radmin VPN Ethernet Adapter
2024-07-24T12:35:30.408+0800 [DEBUG] [org.gradle.internal.remote.internal.inet.InetAddresses] Is this a loopback interface? false
2024-07-24T12:35:30.409+0800 [DEBUG] [org.gradle.internal.remote.internal.inet.InetAddresses] Adding remote address /26.60.219.222
2024-07-24T12:35:30.409+0800 [DEBUG] [org.gradle.internal.remote.internal.inet.InetAddresses] Adding remote address /fdfd:0:0:0:0:0:1a3c:dbde
2024-07-24T12:35:30.409+0800 [DEBUG] [org.gradle.internal.remote.internal.inet.InetAddresses] Adding remote address /fe80:0:0:0:5146:540f:b1a7:2485%eth1
2024-07-24T12:35:30.409+0800 [DEBUG] [org.gradle.internal.remote.internal.inet.InetAddresses] Adding IP addresses for network interface WAN Miniport (PPTP)
2024-07-24T12:35:30.411+0800 [DEBUG] [org.gradle.internal.remote.internal.inet.InetAddresses] Is this a loopback interface? false
2024-07-24T12:35:30.411+0800 [DEBUG] [org.gradle.internal.remote.internal.inet.InetAddresses] Adding IP addresses for network interface VMware Virtual Ethernet Adapter for VMnet1
2024-07-24T12:35:30.413+0800 [DEBUG] [org.gradle.internal.remote.internal.inet.InetAddresses] Is this a loopback interface? false
2024-07-24T12:35:30.414+0800 [DEBUG] [org.gradle.internal.remote.internal.inet.InetAddresses] Adding remote address /192.168.70.1
2024-07-24T12:35:30.414+0800 [DEBUG] [org.gradle.internal.remote.internal.inet.InetAddresses] Adding remote address /fe80:0:0:0:20e7:a73b:4342:600f%eth2
2024-07-24T12:35:30.414+0800 [DEBUG] [org.gradle.internal.remote.internal.inet.InetAddresses] Adding IP addresses for network interface Realtek PCIe GbE Family Controller
2024-07-24T12:35:30.416+0800 [DEBUG] [org.gradle.internal.remote.internal.inet.InetAddresses] Is this a loopback interface? false
2024-07-24T12:35:30.416+0800 [DEBUG] [org.gradle.internal.remote.internal.inet.InetAddresses] Adding remote address /fe80:0:0:0:de47:e1c7:f2fd:c346%eth3
2024-07-24T12:35:30.416+0800 [DEBUG] [org.gradle.internal.remote.internal.inet.InetAddresses] Adding IP addresses for network interface Intel(R) Wi-Fi 6E AX211 160MHz
2024-07-24T12:35:30.418+0800 [DEBUG] [org.gradle.internal.remote.internal.inet.InetAddresses] Is this a loopback interface? false
2024-07-24T12:35:30.419+0800 [DEBUG] [org.gradle.internal.remote.internal.inet.InetAddresses] Adding remote address /192.168.101.20
2024-07-24T12:35:30.419+0800 [DEBUG] [org.gradle.internal.remote.internal.inet.InetAddresses] Adding remote address /fe80:0:0:0:3062:9914:c0c8:dff4%wlan0
2024-07-24T12:35:30.419+0800 [DEBUG] [org.gradle.internal.remote.internal.inet.InetAddresses] Adding IP addresses for network interface Microsoft IP-HTTPS Platform Adapter
2024-07-24T12:35:30.422+0800 [DEBUG] [org.gradle.internal.remote.internal.inet.InetAddresses] Is this a loopback interface? false
2024-07-24T12:35:30.422+0800 [DEBUG] [org.gradle.internal.remote.internal.inet.InetAddresses] Adding IP addresses for network interface WAN Miniport (Network Monitor)
2024-07-24T12:35:30.425+0800 [DEBUG] [org.gradle.internal.remote.internal.inet.InetAddresses] Is this a loopback interface? false
2024-07-24T12:35:30.425+0800 [DEBUG] [org.gradle.internal.remote.internal.inet.InetAddresses] Adding IP addresses for network interface WAN Miniport (PPPOE)
2024-07-24T12:35:30.427+0800 [DEBUG] [org.gradle.internal.remote.internal.inet.InetAddresses] Is this a loopback interface? false
2024-07-24T12:35:30.427+0800 [DEBUG] [org.gradle.internal.remote.internal.inet.InetAddresses] Adding IP addresses for network interface WAN Miniport (IPv6)
2024-07-24T12:35:30.429+0800 [DEBUG] [org.gradle.internal.remote.internal.inet.InetAddresses] Is this a loopback interface? false
2024-07-24T12:35:30.429+0800 [DEBUG] [org.gradle.internal.remote.internal.inet.InetAddresses] Adding IP addresses for network interface Microsoft Wi-Fi Direct Virtual Adapter
2024-07-24T12:35:30.431+0800 [DEBUG] [org.gradle.internal.remote.internal.inet.InetAddresses] Is this a loopback interface? false
2024-07-24T12:35:30.431+0800 [DEBUG] [org.gradle.internal.remote.internal.inet.InetAddresses] Adding remote address /fe80:0:0:0:48e6:a099:6793:d525%wlan1
2024-07-24T12:35:30.431+0800 [DEBUG] [org.gradle.internal.remote.internal.inet.InetAddresses] Adding IP addresses for network interface Microsoft Kernel Debug Network Adapter
2024-07-24T12:35:30.434+0800 [DEBUG] [org.gradle.internal.remote.internal.inet.InetAddresses] Is this a loopback interface? false
2024-07-24T12:35:30.434+0800 [DEBUG] [org.gradle.internal.remote.internal.inet.InetAddresses] Adding IP addresses for network interface WAN Miniport (IP)
2024-07-24T12:35:30.436+0800 [DEBUG] [org.gradle.internal.remote.internal.inet.InetAddresses] Is this a loopback interface? false
2024-07-24T12:35:30.436+0800 [DEBUG] [org.gradle.internal.remote.internal.inet.InetAddresses] Adding IP addresses for network interface Microsoft Teredo Tunneling Adapter
2024-07-24T12:35:30.438+0800 [DEBUG] [org.gradle.internal.remote.internal.inet.InetAddresses] Is this a loopback interface? false
2024-07-24T12:35:30.438+0800 [DEBUG] [org.gradle.internal.remote.internal.inet.InetAddresses] Adding IP addresses for network interface Microsoft Wi-Fi Direct Virtual Adapter #2
2024-07-24T12:35:30.441+0800 [DEBUG] [org.gradle.internal.remote.internal.inet.InetAddresses] Is this a loopback interface? false
2024-07-24T12:35:30.441+0800 [DEBUG] [org.gradle.internal.remote.internal.inet.InetAddresses] Adding remote address /fe80:0:0:0:184d:e0a6:ab6d:eb0c%wlan2
2024-07-24T12:35:30.441+0800 [DEBUG] [org.gradle.internal.remote.internal.inet.InetAddresses] Adding IP addresses for network interface WAN Miniport (L2TP)
2024-07-24T12:35:30.443+0800 [DEBUG] [org.gradle.internal.remote.internal.inet.InetAddresses] Is this a loopback interface? false
2024-07-24T12:35:30.443+0800 [DEBUG] [org.gradle.internal.remote.internal.inet.InetAddresses] Adding IP addresses for network interface Netease UU TAP-Win32 Adapter V9.21
2024-07-24T12:35:30.445+0800 [DEBUG] [org.gradle.internal.remote.internal.inet.InetAddresses] Is this a loopback interface? false
2024-07-24T12:35:30.446+0800 [DEBUG] [org.gradle.internal.remote.internal.inet.InetAddresses] Adding remote address /fe80:0:0:0:ee32:a2bc:bd5:6f14%eth8
2024-07-24T12:35:30.446+0800 [DEBUG] [org.gradle.internal.remote.internal.inet.InetAddresses] Adding IP addresses for network interface WAN Miniport (IKEv2)
2024-07-24T12:35:30.448+0800 [DEBUG] [org.gradle.internal.remote.internal.inet.InetAddresses] Is this a loopback interface? false
2024-07-24T12:35:30.448+0800 [DEBUG] [org.gradle.internal.remote.internal.inet.InetAddresses] Adding IP addresses for network interface Bluetooth Device (Personal Area Network)
2024-07-24T12:35:30.450+0800 [DEBUG] [org.gradle.internal.remote.internal.inet.InetAddresses] Is this a loopback interface? false
2024-07-24T12:35:30.450+0800 [DEBUG] [org.gradle.internal.remote.internal.inet.InetAddresses] Adding IP addresses for network interface Famatech Radmin VPN Ethernet Adapter-WFP Native MAC Layer LightWeight Filter-0000
2024-07-24T12:35:30.452+0800 [DEBUG] [org.gradle.internal.remote.internal.inet.InetAddresses] Is this a loopback interface? false
2024-07-24T12:35:30.452+0800 [DEBUG] [org.gradle.internal.remote.internal.inet.InetAddresses] Adding IP addresses for network interface Famatech Radmin VPN Ethernet Adapter-Npcap Packet Driver (NPCAP)-0000
2024-07-24T12:35:30.454+0800 [DEBUG] [org.gradle.internal.remote.internal.inet.InetAddresses] Is this a loopback interface? false
2024-07-24T12:35:30.454+0800 [DEBUG] [org.gradle.internal.remote.internal.inet.InetAddresses] Adding IP addresses for network interface Famatech Radmin VPN Ethernet Adapter-QoS Packet Scheduler-0000
2024-07-24T12:35:30.457+0800 [DEBUG] [org.gradle.internal.remote.internal.inet.InetAddresses] Is this a loopback interface? false
2024-07-24T12:35:30.457+0800 [DEBUG] [org.gradle.internal.remote.internal.inet.InetAddresses] Adding IP addresses for network interface Famatech Radmin VPN Ethernet Adapter-WFP 802.3 MAC Layer LightWeight Filter-0000
2024-07-24T12:35:30.459+0800 [DEBUG] [org.gradle.internal.remote.internal.inet.InetAddresses] Is this a loopback interface? false
2024-07-24T12:35:30.459+0800 [DEBUG] [org.gradle.internal.remote.internal.inet.InetAddresses] Adding IP addresses for network interface Netease UU TAP-Win32 Adapter V9.21-WFP Native MAC Layer LightWeight Filter-0000
2024-07-24T12:35:30.461+0800 [DEBUG] [org.gradle.internal.remote.internal.inet.InetAddresses] Is this a loopback interface? false
2024-07-24T12:35:30.461+0800 [DEBUG] [org.gradle.internal.remote.internal.inet.InetAddresses] Adding IP addresses for network interface Netease UU TAP-Win32 Adapter V9.21-Npcap Packet Driver (NPCAP)-0000
2024-07-24T12:35:30.463+0800 [DEBUG] [org.gradle.internal.remote.internal.inet.InetAddresses] Is this a loopback interface? false
2024-07-24T12:35:30.463+0800 [DEBUG] [org.gradle.internal.remote.internal.inet.InetAddresses] Adding IP addresses for network interface Netease UU TAP-Win32 Adapter V9.21-QoS Packet Scheduler-0000
2024-07-24T12:35:30.465+0800 [DEBUG] [org.gradle.internal.remote.internal.inet.InetAddresses] Is this a loopback interface? false
2024-07-24T12:35:30.465+0800 [DEBUG] [org.gradle.internal.remote.internal.inet.InetAddresses] Adding IP addresses for network interface Netease UU TAP-Win32 Adapter V9.21-WFP 802.3 MAC Layer LightWeight Filter-0000
2024-07-24T12:35:30.467+0800 [DEBUG] [org.gradle.internal.remote.internal.inet.InetAddresses] Is this a loopback interface? false
2024-07-24T12:35:30.468+0800 [DEBUG] [org.gradle.internal.remote.internal.inet.InetAddresses] Adding IP addresses for network interface VMware Virtual Ethernet Adapter for VMnet1-Npcap Packet Driver (NPCAP)-0000
2024-07-24T12:35:30.470+0800 [DEBUG] [org.gradle.internal.remote.internal.inet.InetAddresses] Is this a loopback interface? false
2024-07-24T12:35:30.470+0800 [DEBUG] [org.gradle.internal.remote.internal.inet.InetAddresses] Adding IP addresses for network interface VMware Virtual Ethernet Adapter for VMnet8-Npcap Packet Driver (NPCAP)-0000
2024-07-24T12:35:30.472+0800 [DEBUG] [org.gradle.internal.remote.internal.inet.InetAddresses] Is this a loopback interface? false
2024-07-24T12:35:30.472+0800 [DEBUG] [org.gradle.internal.remote.internal.inet.InetAddresses] Adding IP addresses for network interface Realtek PCIe GbE Family Controller-WFP Native MAC Layer LightWeight Filter-0000
2024-07-24T12:35:30.475+0800 [DEBUG] [org.gradle.internal.remote.internal.inet.InetAddresses] Is this a loopback interface? false
2024-07-24T12:35:30.475+0800 [DEBUG] [org.gradle.internal.remote.internal.inet.InetAddresses] Adding IP addresses for network interface Realtek PCIe GbE Family Controller-Npcap Packet Driver (NPCAP)-0000
2024-07-24T12:35:30.477+0800 [DEBUG] [org.gradle.internal.remote.internal.inet.InetAddresses] Is this a loopback interface? false
2024-07-24T12:35:30.477+0800 [DEBUG] [org.gradle.internal.remote.internal.inet.InetAddresses] Adding IP addresses for network interface Realtek PCIe GbE Family Controller-QoS Packet Scheduler-0000
2024-07-24T12:35:30.479+0800 [DEBUG] [org.gradle.internal.remote.internal.inet.InetAddresses] Is this a loopback interface? false
2024-07-24T12:35:30.480+0800 [DEBUG] [org.gradle.internal.remote.internal.inet.InetAddresses] Adding IP addresses for network interface Realtek PCIe GbE Family Controller-WFP 802.3 MAC Layer LightWeight Filter-0000
2024-07-24T12:35:30.482+0800 [DEBUG] [org.gradle.internal.remote.internal.inet.InetAddresses] Is this a loopback interface? false
2024-07-24T12:35:30.482+0800 [DEBUG] [org.gradle.internal.remote.internal.inet.InetAddresses] Adding IP addresses for network interface Intel(R) Wi-Fi 6E AX211 160MHz-WFP Native MAC Layer LightWeight Filter-0000
2024-07-24T12:35:30.484+0800 [DEBUG] [org.gradle.internal.remote.internal.inet.InetAddresses] Is this a loopback interface? false
2024-07-24T12:35:30.484+0800 [DEBUG] [org.gradle.internal.remote.internal.inet.InetAddresses] Adding IP addresses for network interface WAN Miniport (IP)-WFP Native MAC Layer LightWeight Filter-0000
2024-07-24T12:35:30.486+0800 [DEBUG] [org.gradle.internal.remote.internal.inet.InetAddresses] Is this a loopback interface? false
2024-07-24T12:35:30.486+0800 [DEBUG] [org.gradle.internal.remote.internal.inet.InetAddresses] Adding IP addresses for network interface WAN Miniport (IP)-Npcap Packet Driver (NPCAP)-0000
2024-07-24T12:35:30.488+0800 [DEBUG] [org.gradle.internal.remote.internal.inet.InetAddresses] Is this a loopback interface? false
2024-07-24T12:35:30.488+0800 [DEBUG] [org.gradle.internal.remote.internal.inet.InetAddresses] Adding IP addresses for network interface WAN Miniport (IP)-QoS Packet Scheduler-0000
2024-07-24T12:35:30.491+0800 [DEBUG] [org.gradle.internal.remote.internal.inet.InetAddresses] Is this a loopback interface? false
2024-07-24T12:35:30.491+0800 [DEBUG] [org.gradle.internal.remote.internal.inet.InetAddresses] Adding IP addresses for network interface WAN Miniport (IPv6)-WFP Native MAC Layer LightWeight Filter-0000
2024-07-24T12:35:30.493+0800 [DEBUG] [org.gradle.internal.remote.internal.inet.InetAddresses] Is this a loopback interface? false
2024-07-24T12:35:30.493+0800 [DEBUG] [org.gradle.internal.remote.internal.inet.InetAddresses] Adding IP addresses for network interface WAN Miniport (IPv6)-Npcap Packet Driver (NPCAP)-0000
2024-07-24T12:35:30.495+0800 [DEBUG] [org.gradle.internal.remote.internal.inet.InetAddresses] Is this a loopback interface? false
2024-07-24T12:35:30.496+0800 [DEBUG] [org.gradle.internal.remote.internal.inet.InetAddresses] Adding IP addresses for network interface WAN Miniport (IPv6)-QoS Packet Scheduler-0000
2024-07-24T12:35:30.498+0800 [DEBUG] [org.gradle.internal.remote.internal.inet.InetAddresses] Is this a loopback interface? false
2024-07-24T12:35:30.498+0800 [DEBUG] [org.gradle.internal.remote.internal.inet.InetAddresses] Adding IP addresses for network interface WAN Miniport (Network Monitor)-WFP Native MAC Layer LightWeight Filter-0000
2024-07-24T12:35:30.500+0800 [DEBUG] [org.gradle.internal.remote.internal.inet.InetAddresses] Is this a loopback interface? false
2024-07-24T12:35:30.500+0800 [DEBUG] [org.gradle.internal.remote.internal.inet.InetAddresses] Adding IP addresses for network interface WAN Miniport (Network Monitor)-Npcap Packet Driver (NPCAP)-0000
2024-07-24T12:35:30.503+0800 [DEBUG] [org.gradle.internal.remote.internal.inet.InetAddresses] Is this a loopback interface? false
2024-07-24T12:35:30.503+0800 [DEBUG] [org.gradle.internal.remote.internal.inet.InetAddresses] Adding IP addresses for network interface WAN Miniport (Network Monitor)-QoS Packet Scheduler-0000
2024-07-24T12:35:30.505+0800 [DEBUG] [org.gradle.internal.remote.internal.inet.InetAddresses] Is this a loopback interface? false
2024-07-24T12:35:30.505+0800 [DEBUG] [org.gradle.internal.remote.internal.inet.InetAddresses] Adding IP addresses for network interface Intel(R) Wi-Fi 6E AX211 160MHz-Virtual WiFi Filter Driver-0000
2024-07-24T12:35:30.507+0800 [DEBUG] [org.gradle.internal.remote.internal.inet.InetAddresses] Is this a loopback interface? false
2024-07-24T12:35:30.507+0800 [DEBUG] [org.gradle.internal.remote.internal.inet.InetAddresses] Adding IP addresses for network interface Intel(R) Wi-Fi 6E AX211 160MHz-Native WiFi Filter Driver-0000
2024-07-24T12:35:30.510+0800 [DEBUG] [org.gradle.internal.remote.internal.inet.InetAddresses] Is this a loopback interface? false
2024-07-24T12:35:30.510+0800 [DEBUG] [org.gradle.internal.remote.internal.inet.InetAddresses] Adding IP addresses for network interface Intel(R) Wi-Fi 6E AX211 160MHz-Npcap Packet Driver (NPCAP)-0000
2024-07-24T12:35:30.512+0800 [DEBUG] [org.gradle.internal.remote.internal.inet.InetAddresses] Is this a loopback interface? false
2024-07-24T12:35:30.512+0800 [DEBUG] [org.gradle.internal.remote.internal.inet.InetAddresses] Adding IP addresses for network interface Intel(R) Wi-Fi 6E AX211 160MHz-QoS Packet Scheduler-0000
2024-07-24T12:35:30.515+0800 [DEBUG] [org.gradle.internal.remote.internal.inet.InetAddresses] Is this a loopback interface? false
2024-07-24T12:35:30.515+0800 [DEBUG] [org.gradle.internal.remote.internal.inet.InetAddresses] Adding IP addresses for network interface Intel(R) Wi-Fi 6E AX211 160MHz-WFP 802.3 MAC Layer LightWeight Filter-0000
2024-07-24T12:35:30.517+0800 [DEBUG] [org.gradle.internal.remote.internal.inet.InetAddresses] Is this a loopback interface? false
2024-07-24T12:35:30.518+0800 [DEBUG] [org.gradle.internal.remote.internal.inet.InetAddresses] Adding IP addresses for network interface Microsoft Wi-Fi Direct Virtual Adapter-WFP Native MAC Layer LightWeight Filter-0000
2024-07-24T12:35:30.520+0800 [DEBUG] [org.gradle.internal.remote.internal.inet.InetAddresses] Is this a loopback interface? false
2024-07-24T12:35:30.520+0800 [DEBUG] [org.gradle.internal.remote.internal.inet.InetAddresses] Adding IP addresses for network interface Microsoft Wi-Fi Direct Virtual Adapter-Native WiFi Filter Driver-0000
2024-07-24T12:35:30.522+0800 [DEBUG] [org.gradle.internal.remote.internal.inet.InetAddresses] Is this a loopback interface? false
2024-07-24T12:35:30.522+0800 [DEBUG] [org.gradle.internal.remote.internal.inet.InetAddresses] Adding IP addresses for network interface Microsoft Wi-Fi Direct Virtual Adapter-Npcap Packet Driver (NPCAP)-0000
2024-07-24T12:35:30.525+0800 [DEBUG] [org.gradle.internal.remote.internal.inet.InetAddresses] Is this a loopback interface? false
2024-07-24T12:35:30.525+0800 [DEBUG] [org.gradle.internal.remote.internal.inet.InetAddresses] Adding IP addresses for network interface Microsoft Wi-Fi Direct Virtual Adapter-QoS Packet Scheduler-0000
2024-07-24T12:35:30.527+0800 [DEBUG] [org.gradle.internal.remote.internal.inet.InetAddresses] Is this a loopback interface? false
2024-07-24T12:35:30.528+0800 [DEBUG] [org.gradle.internal.remote.internal.inet.InetAddresses] Adding IP addresses for network interface Microsoft Wi-Fi Direct Virtual Adapter-WFP 802.3 MAC Layer LightWeight Filter-0000
2024-07-24T12:35:30.530+0800 [DEBUG] [org.gradle.internal.remote.internal.inet.InetAddresses] Is this a loopback interface? false
2024-07-24T12:35:30.530+0800 [DEBUG] [org.gradle.internal.remote.internal.inet.InetAddresses] Adding IP addresses for network interface Microsoft Wi-Fi Direct Virtual Adapter #2-WFP Native MAC Layer LightWeight Filter-0000
2024-07-24T12:35:30.533+0800 [DEBUG] [org.gradle.internal.remote.internal.inet.InetAddresses] Is this a loopback interface? false
2024-07-24T12:35:30.533+0800 [DEBUG] [org.gradle.internal.remote.internal.inet.InetAddresses] Adding IP addresses for network interface Microsoft Wi-Fi Direct Virtual Adapter #2-Native WiFi Filter Driver-0000
2024-07-24T12:35:30.535+0800 [DEBUG] [org.gradle.internal.remote.internal.inet.InetAddresses] Is this a loopback interface? false
2024-07-24T12:35:30.535+0800 [DEBUG] [org.gradle.internal.remote.internal.inet.InetAddresses] Adding IP addresses for network interface Microsoft Wi-Fi Direct Virtual Adapter #2-Npcap Packet Driver (NPCAP)-0000
2024-07-24T12:35:30.537+0800 [DEBUG] [org.gradle.internal.remote.internal.inet.InetAddresses] Is this a loopback interface? false
2024-07-24T12:35:30.538+0800 [DEBUG] [org.gradle.internal.remote.internal.inet.InetAddresses] Adding IP addresses for network interface Microsoft Wi-Fi Direct Virtual Adapter #2-QoS Packet Scheduler-0000
2024-07-24T12:35:30.540+0800 [DEBUG] [org.gradle.internal.remote.internal.inet.InetAddresses] Is this a loopback interface? false
2024-07-24T12:35:30.540+0800 [DEBUG] [org.gradle.internal.remote.internal.inet.InetAddresses] Adding IP addresses for network interface Microsoft Wi-Fi Direct Virtual Adapter #2-WFP 802.3 MAC Layer LightWeight Filter-0000
2024-07-24T12:35:30.542+0800 [DEBUG] [org.gradle.internal.remote.internal.inet.InetAddresses] Is this a loopback interface? false
2024-07-24T12:35:30.547+0800 [DEBUG] [org.gradle.internal.remote.internal.inet.TcpIncomingConnector] Listening on [f6055059-db21-4a4e-b6c2-e454da78a924 port:58812, addresses:[localhost/127.0.0.1]].
2024-07-24T12:35:30.555+0800 [DEBUG] [org.gradle.launcher.daemon.server.Daemon] Daemon starting at: Wed Jul 24 12:35:30 CST 2024, with address: [f6055059-db21-4a4e-b6c2-e454da78a924 port:58812, addresses:[localhost/127.0.0.1]]
2024-07-24T12:35:30.555+0800 [INFO] [org.gradle.launcher.daemon.server.DaemonRegistryUpdater] Advertising the daemon address to the clients: [f6055059-db21-4a4e-b6c2-e454da78a924 port:58812, addresses:[localhost/127.0.0.1]]
2024-07-24T12:35:30.555+0800 [DEBUG] [org.gradle.launcher.daemon.server.DaemonRegistryUpdater] Advertised daemon context: DefaultDaemonContext[uid=37683585-059f-4ccc-90ea-1c24734fedc0,javaHome=E:\Plain Craft Launcher 2\MC模组开发\Java\jdk-17,daemonRegistryDir=E:\Plain Craft Launcher 2\MC模组开发\the_medical_devices\forge-1.20.1-47.3.0-mdk\DotGradle\daemon,pid=19132,idleTimeout=10800000,priority=NORMAL,applyInstrumentationAgent=true,daemonOpts=--add-opens=java.base/java.util=ALL-UNNAMED,--add-opens=java.base/java.lang=ALL-UNNAMED,--add-opens=java.base/java.lang.invoke=ALL-UNNAMED,--add-opens=java.prefs/java.util.prefs=ALL-UNNAMED,--add-opens=java.base/java.nio.charset=ALL-UNNAMED,--add-opens=java.base/java.net=ALL-UNNAMED,--add-opens=java.base/java.util.concurrent.atomic=ALL-UNNAMED,-Xmx3G,-Dfile.encoding=GBK,-Duser.country=CN,-Duser.language=zh,-Duser.variant]
2024-07-24T12:35:30.556+0800 [DEBUG] [org.gradle.launcher.daemon.registry.PersistentDaemonRegistry] Storing daemon address: [f6055059-db21-4a4e-b6c2-e454da78a924 port:58812, addresses:[localhost/127.0.0.1]], context: DefaultDaemonContext[uid=37683585-059f-4ccc-90ea-1c24734fedc0,javaHome=E:\Plain Craft Launcher 2\MC模组开发\Java\jdk-17,daemonRegistryDir=E:\Plain Craft Launcher 2\MC模组开发\the_medical_devices\forge-1.20.1-47.3.0-mdk\DotGradle\daemon,pid=19132,idleTimeout=10800000,priority=NORMAL,applyInstrumentationAgent=true,daemonOpts=--add-opens=java.base/java.util=ALL-UNNAMED,--add-opens=java.base/java.lang=ALL-UNNAMED,--add-opens=java.base/java.lang.invoke=ALL-UNNAMED,--add-opens=java.prefs/java.util.prefs=ALL-UNNAMED,--add-opens=java.base/java.nio.charset=ALL-UNNAMED,--add-opens=java.base/java.net=ALL-UNNAMED,--add-opens=java.base/java.util.concurrent.atomic=ALL-UNNAMED,-Xmx3G,-Dfile.encoding=GBK,-Duser.country=CN,-Duser.language=zh,-Duser.variant]
2024-07-24T12:35:30.562+0800 [DEBUG] [org.gradle.cache.internal.DefaultFileLockManager] Waiting to acquire exclusive lock on daemon addresses registry.
2024-07-24T12:35:30.563+0800 [DEBUG] [org.gradle.cache.internal.DefaultFileLockManager] Lock acquired on daemon addresses registry.
2024-07-24T12:35:30.566+0800 [DEBUG] [org.gradle.cache.internal.DefaultFileLockManager] Releasing lock on daemon addresses registry.
2024-07-24T12:35:30.567+0800 [LIFECYCLE] [org.gradle.launcher.daemon.server.Daemon] Daemon server started.
2024-07-24T12:35:30.567+0800 [DEBUG] [org.gradle.launcher.daemon.bootstrap.DaemonStartupCommunication] Completed writing the daemon greeting. Closing streams...
2024-07-24T12:35:30.570+0800 [DEBUG] [org.gradle.launcher.daemon.server.Daemon] stopOnExpiration() called on daemon
2024-07-24T12:35:30.570+0800 [DEBUG] [org.gradle.internal.remote.internal.inet.TcpIncomingConnector] Accepted connection from /127.0.0.1:58813 to /127.0.0.1:58812.
2024-07-24T12:35:30.570+0800 [DEBUG] [org.gradle.launcher.daemon.server.Daemon] awaitExpiration() called on daemon
2024-07-24T12:35:30.571+0800 [DEBUG] [org.gradle.launcher.daemon.server.DaemonStateCoordinator] daemon is running. Sleeping until state changes.
2024-07-24T12:35:30.612+0800 [DEBUG] [org.gradle.launcher.daemon.server.SynchronizedDispatchConnection] thread 33: received class org.gradle.launcher.daemon.protocol.Build
2024-07-24T12:35:30.612+0800 [DEBUG] [org.gradle.launcher.daemon.server.DefaultDaemonConnection] thread 33: Received non-IO message from client: Build{id=824d840e-27b6-438e-bd3a-9445eeae209d, currentDir=E:\Plain Craft Launcher 2\MC模组开发\the_medical_devices\forge-1.20.1-47.3.0-mdk}
2024-07-24T12:35:30.612+0800 [INFO] [org.gradle.launcher.daemon.server.DefaultIncomingConnectionHandler] Received command: Build{id=824d840e-27b6-438e-bd3a-9445eeae209d, currentDir=E:\Plain Craft Launcher 2\MC模组开发\the_medical_devices\forge-1.20.1-47.3.0-mdk}.
2024-07-24T12:35:30.612+0800 [DEBUG] [org.gradle.launcher.daemon.server.DefaultIncomingConnectionHandler] Starting executing command: Build{id=824d840e-27b6-438e-bd3a-9445eeae209d, currentDir=E:\Plain Craft Launcher 2\MC模组开发\the_medical_devices\forge-1.20.1-47.3.0-mdk} with connection: socket connection from /127.0.0.1:58812 to /127.0.0.1:58813.
2024-07-24T12:35:30.614+0800 [DEBUG] [org.gradle.launcher.daemon.server.DaemonStateCoordinator] Command execution: started DaemonCommandExecution[command = Build{id=824d840e-27b6-438e-bd3a-9445eeae209d, currentDir=E:\Plain Craft Launcher 2\MC模组开发\the_medical_devices\forge-1.20.1-47.3.0-mdk}, connection = DefaultDaemonConnection: socket connection from /127.0.0.1:58812 to /127.0.0.1:58813] after 0.0 minutes of idle
2024-07-24T12:35:30.614+0800 [INFO] [org.gradle.launcher.daemon.server.DaemonRegistryUpdater] Marking the daemon as busy, address: [f6055059-db21-4a4e-b6c2-e454da78a924 port:58812, addresses:[localhost/127.0.0.1]]
2024-07-24T12:35:30.614+0800 [DEBUG] [org.gradle.launcher.daemon.registry.PersistentDaemonRegistry] Marking busy by address: [f6055059-db21-4a4e-b6c2-e454da78a924 port:58812, addresses:[localhost/127.0.0.1]]
2024-07-24T12:35:30.615+0800 [DEBUG] [org.gradle.cache.internal.DefaultFileLockManager] Waiting to acquire exclusive lock on daemon addresses registry.
2024-07-24T12:35:30.615+0800 [DEBUG] [org.gradle.cache.internal.DefaultFileLockManager] Lock acquired on daemon addresses registry.
2024-07-24T12:35:30.616+0800 [DEBUG] [org.gradle.cache.internal.DefaultFileLockManager] Releasing lock on daemon addresses registry.
2024-07-24T12:35:30.616+0800 [DEBUG] [org.gradle.launcher.daemon.server.DaemonStateCoordinator] resetting idle timer
2024-07-24T12:35:30.616+0800 [DEBUG] [org.gradle.launcher.daemon.server.DaemonStateCoordinator] daemon is running. Sleeping until state changes.
2024-07-24T12:35:30.616+0800 [INFO] [org.gradle.launcher.daemon.server.exec.StartBuildOrRespondWithBusy] Daemon is about to start building Build{id=824d840e-27b6-438e-bd3a-9445eeae209d, currentDir=E:\Plain Craft Launcher 2\MC模组开发\the_medical_devices\forge-1.20.1-47.3.0-mdk}. Dispatching build started information...
2024-07-24T12:35:30.617+0800 [DEBUG] [org.gradle.launcher.daemon.server.SynchronizedDispatchConnection] thread 35: dispatching org.gradle.launcher.daemon.protocol.BuildStarted@58daa94e
2024-07-24T12:35:30.618+0800 [DEBUG] [org.gradle.launcher.daemon.server.exec.EstablishBuildEnvironment] Configuring env variables: [USERDOMAIN_ROAMINGPROFILE, PROCESSOR_LEVEL, GRADLE_OPTS, SESSIONNAME, ALLUSERSPROFILE, INTEL_DEV_REDIST, PROCESSOR_ARCHITECTURE, MIC_LD_LIBRARY_PATH, PSModulePath, SystemDrive, USERNAME, ProgramFiles(x86), JAVA21_HOME, PATHEXT, DriverData, IntelliJ IDEA Community Edition, EFC_11816, ProgramData, ProgramW6432, HOMEPATH, PROCESSOR_IDENTIFIER, ProgramFiles, PUBLIC, windir, =::, ZES_ENABLE_SYSMAN, IGCCSVC_DB, LOCALAPPDATA, IntelliJ IDEA, JAVA17_HOME, USERDOMAIN, LOGONSERVER, JAVA_HOME, OneDrive, APPDATA, GRADLE_USER_HOME, CommonProgramFiles, Path, OS, COMPUTERNAME, PROCESSOR_REVISION, CLASSPATH, CommonProgramW6432, ComSpec, TEMP, SystemRoot, HOMEDRIVE, USERPROFILE, TMP, CommonProgramFiles(x86), NUMBER_OF_PROCESSORS, IDEA_INITIAL_DIRECTORY]
2024-07-24T12:35:30.620+0800 [DEBUG] [org.gradle.launcher.daemon.server.exec.LogToClient] About to start relaying all logs to the client via the connection.
2024-07-24T12:35:30.620+0800 [INFO] [org.gradle.launcher.daemon.server.exec.LogToClient] The client will now receive all logging from the daemon (pid: 19132). The daemon log file: E:\Plain Craft Launcher 2\MC模组开发\the_medical_devices\forge-1.20.1-47.3.0-mdk\DotGradle\daemon\8.1.1\daemon-19132.out.log
2024-07-24T12:35:30.621+0800 [INFO] [org.gradle.launcher.daemon.server.exec.LogAndCheckHealth] Starting build in new daemon [memory: 3 GiB]
2024-07-24T12:35:30.622+0800 [DEBUG] [org.gradle.launcher.daemon.server.exec.ExecuteBuild] The daemon has started executing the build.
2024-07-24T12:35:30.622+0800 [DEBUG] [org.gradle.launcher.daemon.server.exec.ExecuteBuild] Executing build with daemon context: DefaultDaemonContext[uid=37683585-059f-4ccc-90ea-1c24734fedc0,javaHome=E:\Plain Craft Launcher 2\MC模组开发\Java\jdk-17,daemonRegistryDir=E:\Plain Craft Launcher 2\MC模组开发\the_medical_devices\forge-1.20.1-47.3.0-mdk\DotGradle\daemon,pid=19132,idleTimeout=10800000,priority=NORMAL,applyInstrumentationAgent=true,daemonOpts=--add-opens=java.base/java.util=ALL-UNNAMED,--add-opens=java.base/java.lang=ALL-UNNAMED,--add-opens=java.base/java.lang.invoke=ALL-UNNAMED,--add-opens=java.prefs/java.util.prefs=ALL-UNNAMED,--add-opens=java.base/java.nio.charset=ALL-UNNAMED,--add-opens=java.base/java.net=ALL-UNNAMED,--add-opens=java.base/java.util.concurrent.atomic=ALL-UNNAMED,-Xmx3G,-Dfile.encoding=GBK,-Duser.country=CN,-Duser.language=zh,-Duser.variant]
Java: 17.0.11, JVM: 17.0.11+7-LTS-207 (Oracle Corporation), Arch: amd64
Directory 'C:\Program Files\Java\jdk-1.8' (Windows Registry) used for java installations does not exist
Directory 'C:\Program Files\Java\jre-1.8' (Windows Registry) used for java installations does not exist
Directory 'C:\Program Files\Java\jdk-1.8' (Windows Registry) used for java installations does not exist
Directory 'C:\Program Files\Java\jre-1.8' (Windows Registry) used for java installations does not exist
Directory 'C:\Program Files\Java\jdk-22' (Windows Registry) used for java installations does not exist
E:\Plain Craft Launcher 2\MC模组开发\the_medical_devices\forge-1.20.1-47.3.0-mdk\src\main\java\net\Cruderdragon835\the_medical_devices\the_medical_devices.java:29: 错误: 找不到符号
        ModItems.register(modEventBus);
        ^
  符号:   变量 ModItems
  位置: 类 the_medical_devices
E:\Plain Craft Launcher 2\MC模组开发\the_medical_devices\forge-1.20.1-47.3.0-mdk\src\main\java\net\Cruderdragon835\the_medical_devices\the_medical_devices.java:37: 错误: 找不到符号
        ModLoadingContext.get().registerConfig(ModConfig.Type.COMMON, Config.SPEC);
                                                                      ^
  符号:   变量 Config
  位置: 类 the_medical_devices
2 个错误

FAILURE: Build failed with an exception.

* What went wrong:
Execution failed for task ':compileJava'.
> Compilation failed; see the compiler error output for details.

* Try:
> Run with --stacktrace option to get the stack trace.
> Run with --info or --debug option to get more log output.
> Run with --scan to get full insights.

* Get more help at https://help.gradle.org

Deprecated Gradle features were used in this build, making it incompatible with Gradle 9.0.

You can use '--warning-mode all' to show the individual deprecation warnings and determine if they come from your own scripts or plugins.

See https://docs.gradle.org/8.1.1/userguide/command_line_interface.html#sec:command_line_warnings

BUILD FAILED in 10s
1 actionable task: 1 executed
2024-07-24T12:35:39.789+0800 [DEBUG] [org.gradle.internal.watch.vfs.impl.WatchingVirtualFileSystem] Handling VFS change MODIFIED E:\Plain Craft Launcher 2\MC模组开发\the_medical_devices\forge-1.20.1-47.3.0-mdk\build\classes\java\main\com\example\examplemod\Config.class
2024-07-24T12:35:39.791+0800 [DEBUG] [org.gradle.internal.watch.vfs.impl.WatchingVirtualFileSystem] Handling VFS change MODIFIED E:\Plain Craft Launcher 2\MC模组开发\the_medical_devices\forge-1.20.1-47.3.0-mdk\build\classes\java\main\com\example\examplemod\ExampleMod$ClientModEvents.class
2024-07-24T12:35:39.791+0800 [DEBUG] [org.gradle.internal.watch.vfs.impl.WatchingVirtualFileSystem] Handling VFS change MODIFIED E:\Plain Craft Launcher 2\MC模组开发\the_medical_devices\forge-1.20.1-47.3.0-mdk\build\classes\java\main\com\example\examplemod\ExampleMod.class
2024-07-24T12:35:39.791+0800 [DEBUG] [org.gradle.internal.watch.vfs.impl.WatchingVirtualFileSystem] Handling VFS change REMOVED E:\Plain Craft Launcher 2\MC模组开发\the_medical_devices\forge-1.20.1-47.3.0-mdk\build\classes\java\main\com\example\examplemod
2024-07-24T12:35:39.792+0800 [DEBUG] [org.gradle.internal.watch.vfs.impl.WatchingVirtualFileSystem] Handling VFS change REMOVED E:\Plain Craft Launcher 2\MC模组开发\the_medical_devices\forge-1.20.1-47.3.0-mdk\build\classes\java\main\com\example
2024-07-24T12:35:39.792+0800 [DEBUG] [org.gradle.internal.watch.vfs.impl.WatchingVirtualFileSystem] Handling VFS change REMOVED E:\Plain Craft Launcher 2\MC模组开发\the_medical_devices\forge-1.20.1-47.3.0-mdk\build\classes\java\main\com
2024-07-24T12:35:39.792+0800 [DEBUG] [org.gradle.internal.watch.vfs.impl.WatchingVirtualFileSystem] Handling VFS change MODIFIED E:\Plain Craft Launcher 2\MC模组开发\the_medical_devices\forge-1.20.1-47.3.0-mdk\build\tmp\compileJava\previous-compilation-data.bin
2024-07-24T12:35:39.797+0800 [DEBUG] [org.gradle.launcher.daemon.server.exec.ExecuteBuild] The daemon has finished executing the build.
2024-07-24T12:35:39.798+0800 [DEBUG] [org.gradle.cache.internal.LockOnDemandCrossProcessCacheAccess] Lock on Java compile cache (E:\Plain Craft Launcher 2\MC模组开发\the_medical_devices\forge-1.20.1-47.3.0-mdk\DotGradle\caches\8.1.1\javaCompile) requested by another process - releasing lock.
2024-07-24T12:35:39.798+0800 [DEBUG] [org.gradle.cache.internal.LockOnDemandCrossProcessCacheAccess] Releasing file lock for Java compile cache (E:\Plain Craft Launcher 2\MC模组开发\the_medical_devices\forge-1.20.1-47.3.0-mdk\DotGradle\caches\8.1.1\javaCompile)
2024-07-24T12:35:39.799+0800 [DEBUG] [org.gradle.cache.internal.btree.BTreePersistentIndexedCache] Closing cache jarAnalysis.bin (E:\Plain Craft Launcher 2\MC模组开发\the_medical_devices\forge-1.20.1-47.3.0-mdk\DotGradle\caches\8.1.1\javaCompile\jarAnalysis.bin)
2024-07-24T12:35:39.799+0800 [DEBUG] [org.gradle.cache.internal.DefaultFileLockManager] Releasing lock on Java compile cache (E:\Plain Craft Launcher 2\MC模组开发\the_medical_devices\forge-1.20.1-47.3.0-mdk\DotGradle\caches\8.1.1\javaCompile).
2024-07-24T12:35:39.799+0800 [DEBUG] [org.gradle.cache.internal.locklistener.FileLockCommunicator] Confirming lock release to Gradle process at port 53153 for lock with id -7085226201562220001.
2024-07-24T12:35:39.799+0800 [DEBUG] [org.gradle.cache.internal.locklistener.FileLockCommunicator] Confirming lock release to Gradle process at port 53153 for lock with id -7085226201562220001.
2024-07-24T12:35:39.814+0800 [DEBUG] [org.gradle.launcher.daemon.server.DaemonStateCoordinator] daemon is running. Sleeping until state changes.
2024-07-24T12:35:39.814+0800 [DEBUG] [org.gradle.launcher.daemon.server.DaemonStateCoordinator] Command execution: finished waiting for DaemonCommandExecution[command = Build{id=824d840e-27b6-438e-bd3a-9445eeae209d, currentDir=E:\Plain Craft Launcher 2\MC模组开发\the_medical_devices\forge-1.20.1-47.3.0-mdk}, connection = DefaultDaemonConnection: socket connection from /127.0.0.1:58812 to /127.0.0.1:58813]. Result org.gradle.launcher.daemon.server.DaemonStateCoordinator@3771b7a4 with state Busy
2024-07-24T12:35:39.814+0800 [DEBUG] [org.gradle.launcher.daemon.server.DaemonStateCoordinator] Command execution: completed DaemonCommandExecution[command = Build{id=824d840e-27b6-438e-bd3a-9445eeae209d, currentDir=E:\Plain Craft Launcher 2\MC模组开发\the_medical_devices\forge-1.20.1-47.3.0-mdk}, connection = DefaultDaemonConnection: socket connection from /127.0.0.1:58812 to /127.0.0.1:58813]
2024-07-24T12:35:39.814+0800 [DEBUG] [org.gradle.launcher.daemon.server.DaemonStateCoordinator] resetting idle timer
2024-07-24T12:35:39.814+0800 [INFO] [org.gradle.launcher.daemon.server.DaemonRegistryUpdater] Marking the daemon as idle, address: [f6055059-db21-4a4e-b6c2-e454da78a924 port:58812, addresses:[localhost/127.0.0.1]]
2024-07-24T12:35:39.814+0800 [DEBUG] [org.gradle.launcher.daemon.registry.PersistentDaemonRegistry] Marking busy by address: [f6055059-db21-4a4e-b6c2-e454da78a924 port:58812, addresses:[localhost/127.0.0.1]]
2024-07-24T12:35:39.815+0800 [DEBUG] [org.gradle.cache.internal.DefaultFileLockManager] Waiting to acquire exclusive lock on daemon addresses registry.
2024-07-24T12:35:39.815+0800 [DEBUG] [org.gradle.cache.internal.DefaultFileLockManager] Lock acquired on daemon addresses registry.
2024-07-24T12:35:39.816+0800 [DEBUG] [org.gradle.cache.internal.DefaultFileLockManager] Releasing lock on daemon addresses registry.
2024-07-24T12:35:39.816+0800 [DEBUG] [org.gradle.launcher.daemon.server.DaemonStateCoordinator] daemon is running. Sleeping until state changes.
2024-07-24T12:35:39.816+0800 [DEBUG] [org.gradle.launcher.daemon.server.exec.ReturnResult] Daemon is dispatching the build result: Success[value=org.gradle.launcher.exec.BuildActionResult@6f038d28]
2024-07-24T12:35:39.816+0800 [DEBUG] [org.gradle.launcher.daemon.server.SynchronizedDispatchConnection] thread 32: dispatching Success[value=org.gradle.launcher.exec.BuildActionResult@6f038d28]
2024-07-24T12:35:39.821+0800 [DEBUG] [org.gradle.launcher.daemon.server.DefaultIncomingConnectionHandler] Finishing executing command: Build{id=824d840e-27b6-438e-bd3a-9445eeae209d, currentDir=E:\Plain Craft Launcher 2\MC模组开发\the_medical_devices\forge-1.20.1-47.3.0-mdk}
2024-07-24T12:35:39.821+0800 [DEBUG] [org.gradle.launcher.daemon.server.SynchronizedDispatchConnection] thread 33: received class org.gradle.launcher.daemon.protocol.CloseInput
2024-07-24T12:35:39.822+0800 [DEBUG] [org.gradle.launcher.daemon.server.DefaultDaemonConnection] thread 33: Received IO message from client: org.gradle.launcher.daemon.protocol.CloseInput@1bf85581
2024-07-24T12:35:39.822+0800 [DEBUG] [org.gradle.launcher.daemon.server.SynchronizedDispatchConnection] thread 33: received class org.gradle.launcher.daemon.protocol.Finished
2024-07-24T12:35:39.822+0800 [DEBUG] [org.gradle.launcher.daemon.server.DefaultDaemonConnection] thread 33: Received non-IO message from client: org.gradle.launcher.daemon.protocol.Finished@38cb4d25
2024-07-24T12:35:39.822+0800 [DEBUG] [org.gradle.launcher.daemon.server.DefaultIncomingConnectionHandler] Received finished message: org.gradle.launcher.daemon.protocol.Finished@38cb4d25
2024-07-24T12:35:39.822+0800 [DEBUG] [org.gradle.launcher.daemon.server.SynchronizedDispatchConnection] thread 32: stopping connection
2024-07-24T12:35:39.823+0800 [DEBUG] [org.gradle.internal.remote.internal.inet.SocketConnection] Discarding EOFException: java.io.EOFException
2024-07-24T12:35:39.823+0800 [DEBUG] [org.gradle.launcher.daemon.server.SynchronizedDispatchConnection] thread 33: received null
2024-07-24T12:35:39.823+0800 [DEBUG] [org.gradle.launcher.daemon.server.DefaultDaemonConnection] thread 33: Received end-of-input from client.
2024-07-24T12:35:39.824+0800 [DEBUG] [org.gradle.launcher.daemon.server.SynchronizedDispatchConnection] thread 32: stopping connection
2024-07-24T12:35:40.576+0800 [DEBUG] [org.gradle.cache.internal.DefaultFileLockManager] Waiting to acquire shared lock on daemon addresses registry.
2024-07-24T12:35:40.576+0800 [DEBUG] [org.gradle.cache.internal.DefaultFileLockManager] Lock acquired on daemon addresses registry.
2024-07-24T12:35:40.577+0800 [DEBUG] [org.gradle.cache.internal.DefaultFileLockManager] Releasing lock on daemon addresses registry.
2024-07-24T12:35:40.578+0800 [DEBUG] [org.gradle.cache.internal.DefaultFileLockManager] Waiting to acquire shared lock on daemon addresses registry.
2024-07-24T12:35:40.578+0800 [DEBUG] [org.gradle.cache.internal.DefaultFileLockManager] Lock acquired on daemon addresses registry.
2024-07-24T12:35:40.578+0800 [DEBUG] [org.gradle.cache.internal.DefaultFileLockManager] Releasing lock on daemon addresses registry.
2024-07-24T12:35:40.791+0800 [DEBUG] [org.gradle.cache.internal.LockOnDemandCrossProcessCacheAccess] Lock on artifact cache (E:\Plain Craft Launcher 2\MC模组开发\the_medical_devices\forge-1.20.1-47.3.0-mdk\DotGradle\caches\modules-2) requested by another process - releasing lock.
2024-07-24T12:35:40.791+0800 [DEBUG] [org.gradle.cache.internal.LockOnDemandCrossProcessCacheAccess] Releasing file lock for artifact cache (E:\Plain Craft Launcher 2\MC模组开发\the_medical_devices\forge-1.20.1-47.3.0-mdk\DotGradle\caches\modules-2)
2024-07-24T12:35:40.791+0800 [DEBUG] [org.gradle.cache.internal.DefaultFileLockManager] Releasing lock on artifact cache (E:\Plain Craft Launcher 2\MC模组开发\the_medical_devices\forge-1.20.1-47.3.0-mdk\DotGradle\caches\modules-2).
2024-07-24T12:35:40.792+0800 [DEBUG] [org.gradle.cache.internal.locklistener.FileLockCommunicator] Confirming lock release to Gradle process at port 53153 for lock with id -5221939719400849803.
2024-07-24T12:35:40.792+0800 [DEBUG] [org.gradle.cache.internal.locklistener.FileLockCommunicator] Confirming lock release to Gradle process at port 53153 for lock with id -5221939719400849803.
2024-07-24T12:35:50.581+0800 [DEBUG] [org.gradle.cache.internal.DefaultFileLockManager] Waiting to acquire shared lock on daemon addresses registry.
2024-07-24T12:35:50.582+0800 [DEBUG] [org.gradle.cache.internal.DefaultFileLockManager] Lock acquired on daemon addresses registry.
2024-07-24T12:35:50.583+0800 [DEBUG] [org.gradle.cache.internal.DefaultFileLockManager] Releasing lock on daemon addresses registry.
2024-07-24T12:35:50.585+0800 [DEBUG] [org.gradle.cache.internal.DefaultFileLockManager] Waiting to acquire shared lock on daemon addresses registry.
2024-07-24T12:35:50.585+0800 [DEBUG] [org.gradle.cache.internal.DefaultFileLockManager] Lock acquired on daemon addresses registry.
2024-07-24T12:35:50.585+0800 [DEBUG] [org.gradle.cache.internal.DefaultFileLockManager] Releasing lock on daemon addresses registry.
2024-07-24T12:35:50.587+0800 [DEBUG] [org.gradle.cache.internal.DefaultFileLockManager] Waiting to acquire shared lock on daemon addresses registry.
2024-07-24T12:35:50.587+0800 [DEBUG] [org.gradle.cache.internal.DefaultFileLockManager] Lock acquired on daemon addresses registry.
2024-07-24T12:35:50.587+0800 [DEBUG] [org.gradle.cache.internal.DefaultFileLockManager] Releasing lock on daemon addresses registry.
2024-07-24T12:35:50.588+0800 [DEBUG] [org.gradle.cache.internal.DefaultFileLockManager] Waiting to acquire shared lock on daemon addresses registry.
2024-07-24T12:35:50.588+0800 [DEBUG] [org.gradle.cache.internal.DefaultFileLockManager] Lock acquired on daemon addresses registry.
2024-07-24T12:35:50.588+0800 [DEBUG] [org.gradle.cache.internal.DefaultFileLockManager] Releasing lock on daemon addresses registry.
2024-07-24T12:35:50.588+0800 [DEBUG] [org.gradle.launcher.daemon.server.DaemonRegistryUpdater] Storing daemon stop event: other compatible daemons were started and after being idle for 0 minutes and not recently used
2024-07-24T12:35:50.588+0800 [DEBUG] [org.gradle.launcher.daemon.registry.PersistentDaemonRegistry] Storing daemon stop event with timestamp 1721795750589
2024-07-24T12:35:50.589+0800 [DEBUG] [org.gradle.cache.internal.DefaultFileLockManager] Waiting to acquire exclusive lock on daemon addresses registry.
2024-07-24T12:35:50.590+0800 [DEBUG] [org.gradle.cache.internal.DefaultFileLockManager] Lock acquired on daemon addresses registry.
2024-07-24T12:35:50.591+0800 [DEBUG] [org.gradle.cache.internal.DefaultFileLockManager] Releasing lock on daemon addresses registry.
2024-07-24T12:35:50.591+0800 [LIFECYCLE] [org.gradle.launcher.daemon.server.DaemonStateCoordinator] Daemon will be stopped at the end of the build other compatible daemons were started and after being idle for 0 minutes and not recently used
2024-07-24T12:35:50.591+0800 [DEBUG] [org.gradle.launcher.daemon.server.DaemonStateCoordinator] Marking daemon stopped due to other compatible daemons were started and after being idle for 0 minutes and not recently used. The daemon is running a build: false
2024-07-24T12:35:50.591+0800 [DEBUG] [org.gradle.launcher.daemon.server.DaemonStateCoordinator] daemon has stopped.
2024-07-24T12:35:50.592+0800 [DEBUG] [org.gradle.launcher.daemon.server.Daemon] stop() called on daemon
2024-07-24T12:35:50.592+0800 [INFO] [org.gradle.launcher.daemon.server.Daemon] Stop requested. Daemon is removing its presence from the registry...
2024-07-24T12:35:50.592+0800 [DEBUG] [org.gradle.launcher.daemon.server.DaemonRegistryUpdater] Removing our presence to clients, eg. removing this address from the registry: [f6055059-db21-4a4e-b6c2-e454da78a924 port:58812, addresses:[localhost/127.0.0.1]]
2024-07-24T12:35:50.592+0800 [DEBUG] [org.gradle.launcher.daemon.registry.PersistentDaemonRegistry] Removing daemon address: [f6055059-db21-4a4e-b6c2-e454da78a924 port:58812, addresses:[localhost/127.0.0.1]]
2024-07-24T12:35:50.593+0800 [DEBUG] [org.gradle.cache.internal.DefaultFileLockManager] Waiting to acquire exclusive lock on daemon addresses registry.
2024-07-24T12:35:50.593+0800 [DEBUG] [org.gradle.cache.internal.DefaultFileLockManager] Lock acquired on daemon addresses registry.
2024-07-24T12:35:50.594+0800 [DEBUG] [org.gradle.cache.internal.DefaultFileLockManager] Releasing lock on daemon addresses registry.
2024-07-24T12:35:50.594+0800 [DEBUG] [org.gradle.launcher.daemon.server.DaemonRegistryUpdater] Address removed from registry.
2024-07-24T12:35:50.595+0800 [DEBUG] [org.gradle.cache.internal.DefaultPersistentDirectoryStore] jars (E:\Plain Craft Launcher 2\MC模组开发\the_medical_devices\forge-1.20.1-47.3.0-mdk\DotGradle\caches\jars-9) has last been fully cleaned up 11 hours ago
2024-07-24T12:35:50.595+0800 [DEBUG] [org.gradle.cache.internal.DefaultCacheCoordinator] Cache jars (E:\Plain Craft Launcher 2\MC模组开发\the_medical_devices\forge-1.20.1-47.3.0-mdk\DotGradle\caches\jars-9) was closed 2 times.
2024-07-24T12:35:50.595+0800 [DEBUG] [org.gradle.cache.internal.DefaultPersistentDirectoryStore] Artifact transforms cache (E:\Plain Craft Launcher 2\MC模组开发\the_medical_devices\forge-1.20.1-47.3.0-mdk\DotGradle\caches\transforms-3) has last been fully cleaned up 11 hours ago
2024-07-24T12:35:50.596+0800 [DEBUG] [org.gradle.cache.internal.DefaultCacheCoordinator] Cache Artifact transforms cache (E:\Plain Craft Launcher 2\MC模组开发\the_medical_devices\forge-1.20.1-47.3.0-mdk\DotGradle\caches\transforms-3) was closed 0 times.
2024-07-24T12:35:50.597+0800 [DEBUG] [org.gradle.cache.internal.DefaultCacheCoordinator] Cache file content cache (E:\Plain Craft Launcher 2\MC模组开发\the_medical_devices\forge-1.20.1-47.3.0-mdk\DotGradle\caches\8.1.1\fileContent) was closed 2 times.
2024-07-24T12:35:50.598+0800 [DEBUG] [org.gradle.internal.watch.vfs.impl.WatchingVirtualFileSystem] Closing VFS, dropping state
2024-07-24T12:35:50.600+0800 [DEBUG] [org.gradle.cache.internal.DefaultCacheCoordinator] Cache Generated Gradle JARs cache (E:\Plain Craft Launcher 2\MC模组开发\the_medical_devices\forge-1.20.1-47.3.0-mdk\DotGradle\caches\8.1.1\generated-gradle-jars) was closed 0 times.
2024-07-24T12:35:50.600+0800 [DEBUG] [org.gradle.cache.internal.DefaultPersistentDirectoryStore] artifact cache (E:\Plain Craft Launcher 2\MC模组开发\the_medical_devices\forge-1.20.1-47.3.0-mdk\DotGradle\caches\modules-2) has last been fully cleaned up 11 hours ago
2024-07-24T12:35:50.600+0800 [DEBUG] [org.gradle.internal.watch.registry.impl.DefaultFileWatcherRegistry] Finished listening to file system change events
2024-07-24T12:35:50.600+0800 [DEBUG] [org.gradle.cache.internal.DefaultCacheCoordinator] Cache artifact cache (E:\Plain Craft Launcher 2\MC模组开发\the_medical_devices\forge-1.20.1-47.3.0-mdk\DotGradle\caches\modules-2) was closed 3 times.
2024-07-24T12:35:50.601+0800 [DEBUG] [org.gradle.cache.internal.DefaultCacheCoordinator] Cache journal cache (E:\Plain Craft Launcher 2\MC模组开发\the_medical_devices\forge-1.20.1-47.3.0-mdk\DotGradle\caches\journal-1) was closed 5 times.
2024-07-24T12:35:50.601+0800 [DEBUG] [org.gradle.cache.internal.DefaultCacheCoordinator] Cache file hash cache (E:\Plain Craft Launcher 2\MC模组开发\the_medical_devices\forge-1.20.1-47.3.0-mdk\DotGradle\caches\8.1.1\fileHashes) was closed 6 times.
Daemon vm is shutting down... The daemon has exited normally or was terminated in response to a user interrupt.
2024-07-24T12:35:50.602+0800 [DEBUG] [org.gradle.launcher.daemon.registry.PersistentDaemonRegistry] Removing daemon address: [f6055059-db21-4a4e-b6c2-e454da78a924 port:58812, addresses:[localhost/127.0.0.1]]
2024-07-24T12:35:50.603+0800 [DEBUG] [org.gradle.cache.internal.DefaultFileLockManager] Waiting to acquire exclusive lock on daemon addresses registry.
2024-07-24T12:35:50.603+0800 [DEBUG] [org.gradle.cache.internal.DefaultFileLockManager] Lock acquired on daemon addresses registry.
2024-07-24T12:35:50.604+0800 [DEBUG] [org.gradle.cache.internal.DefaultFileLockManager] Releasing lock on daemon addresses registry.
