2024-07-24T12:35:31.116+0800 [DEBUG] [org.gradle.launcher.daemon.bootstrap.DaemonMain] Assuming the daemon was started with following jvm opts: [--add-opens=java.base/java.util=ALL-UNNAMED, --add-opens=java.base/java.lang=ALL-UNNAMED, --add-opens=java.base/java.lang.invoke=ALL-UNNAMED, --add-opens=java.prefs/java.util.prefs=ALL-UNNAMED, --add-opens=java.base/java.nio.charset=ALL-UNNAMED, --add-opens=java.base/java.net=ALL-UNNAMED, --add-opens=java.base/java.util.concurrent.atomic=ALL-UNNAMED, -Xmx3G, -Dfile.encoding=GBK, -Duser.country=CN, -Duser.language=zh, -Duser.variant]
2024-07-24T12:35:31.197+0800 [DEBUG] [org.gradle.internal.nativeintegration.services.NativeServices] Native-platform posix files integration is not available. Continuing with fallback.
2024-07-24T12:35:31.204+0800 [INFO] [org.gradle.launcher.daemon.server.Daemon] start() called on daemon - DefaultDaemonContext[uid=a6461d9a-c0dc-40f5-9323-0d4fddbd202c,javaHome=E:\Plain Craft Launcher 2\MC模组开发\Java\jdk-17,daemonRegistryDir=E:\Plain Craft Launcher 2\MC模组开发\the_medical_devices\forge-1.20.1-47.3.0-mdk\DotGradle\daemon,pid=4684,idleTimeout=10800000,priority=NORMAL,applyInstrumentationAgent=true,daemonOpts=--add-opens=java.base/java.util=ALL-UNNAMED,--add-opens=java.base/java.lang=ALL-UNNAMED,--add-opens=java.base/java.lang.invoke=ALL-UNNAMED,--add-opens=java.prefs/java.util.prefs=ALL-UNNAMED,--add-opens=java.base/java.nio.charset=ALL-UNNAMED,--add-opens=java.base/java.net=ALL-UNNAMED,--add-opens=java.base/java.util.concurrent.atomic=ALL-UNNAMED,-Xmx3G,-Dfile.encoding=GBK,-Duser.country=CN,-Duser.language=zh,-Duser.variant]
2024-07-24T12:35:31.258+0800 [DEBUG] [org.gradle.internal.remote.internal.inet.InetAddresses] Adding IP addresses for network interface Software Loopback Interface 1
2024-07-24T12:35:31.260+0800 [DEBUG] [org.gradle.internal.remote.internal.inet.InetAddresses] Is this a loopback interface? true
2024-07-24T12:35:31.261+0800 [DEBUG] [org.gradle.internal.remote.internal.inet.InetAddresses] Adding loopback address /127.0.0.1
2024-07-24T12:35:31.261+0800 [DEBUG] [org.gradle.internal.remote.internal.inet.InetAddresses] Adding loopback address /0:0:0:0:0:0:0:1
2024-07-24T12:35:31.261+0800 [DEBUG] [org.gradle.internal.remote.internal.inet.InetAddresses] Adding IP addresses for network interface Microsoft 6to4 Adapter
2024-07-24T12:35:31.263+0800 [DEBUG] [org.gradle.internal.remote.internal.inet.InetAddresses] Is this a loopback interface? false
2024-07-24T12:35:31.264+0800 [DEBUG] [org.gradle.internal.remote.internal.inet.InetAddresses] Adding IP addresses for network interface VMware Virtual Ethernet Adapter for VMnet8
2024-07-24T12:35:31.266+0800 [DEBUG] [org.gradle.internal.remote.internal.inet.InetAddresses] Is this a loopback interface? false
2024-07-24T12:35:31.266+0800 [DEBUG] [org.gradle.internal.remote.internal.inet.InetAddresses] Adding remote address /192.168.116.1
2024-07-24T12:35:31.266+0800 [DEBUG] [org.gradle.internal.remote.internal.inet.InetAddresses] Adding remote address /fe80:0:0:0:1382:fb06:4c18:da26%eth0
2024-07-24T12:35:31.266+0800 [DEBUG] [org.gradle.internal.remote.internal.inet.InetAddresses] Adding IP addresses for network interface WAN Miniport (SSTP)
2024-07-24T12:35:31.268+0800 [DEBUG] [org.gradle.internal.remote.internal.inet.InetAddresses] Is this a loopback interface? false
2024-07-24T12:35:31.269+0800 [DEBUG] [org.gradle.internal.remote.internal.inet.InetAddresses] Adding IP addresses for network interface Famatech Radmin VPN Ethernet Adapter
2024-07-24T12:35:31.271+0800 [DEBUG] [org.gradle.internal.remote.internal.inet.InetAddresses] Is this a loopback interface? false
2024-07-24T12:35:31.271+0800 [DEBUG] [org.gradle.internal.remote.internal.inet.InetAddresses] Adding remote address /26.60.219.222
2024-07-24T12:35:31.271+0800 [DEBUG] [org.gradle.internal.remote.internal.inet.InetAddresses] Adding remote address /fdfd:0:0:0:0:0:1a3c:dbde
2024-07-24T12:35:31.271+0800 [DEBUG] [org.gradle.internal.remote.internal.inet.InetAddresses] Adding remote address /fe80:0:0:0:5146:540f:b1a7:2485%eth1
2024-07-24T12:35:31.271+0800 [DEBUG] [org.gradle.internal.remote.internal.inet.InetAddresses] Adding IP addresses for network interface WAN Miniport (PPTP)
2024-07-24T12:35:31.274+0800 [DEBUG] [org.gradle.internal.remote.internal.inet.InetAddresses] Is this a loopback interface? false
2024-07-24T12:35:31.274+0800 [DEBUG] [org.gradle.internal.remote.internal.inet.InetAddresses] Adding IP addresses for network interface VMware Virtual Ethernet Adapter for VMnet1
2024-07-24T12:35:31.276+0800 [DEBUG] [org.gradle.internal.remote.internal.inet.InetAddresses] Is this a loopback interface? false
2024-07-24T12:35:31.276+0800 [DEBUG] [org.gradle.internal.remote.internal.inet.InetAddresses] Adding remote address /192.168.70.1
2024-07-24T12:35:31.276+0800 [DEBUG] [org.gradle.internal.remote.internal.inet.InetAddresses] Adding remote address /fe80:0:0:0:20e7:a73b:4342:600f%eth2
2024-07-24T12:35:31.276+0800 [DEBUG] [org.gradle.internal.remote.internal.inet.InetAddresses] Adding IP addresses for network interface Realtek PCIe GbE Family Controller
2024-07-24T12:35:31.278+0800 [DEBUG] [org.gradle.internal.remote.internal.inet.InetAddresses] Is this a loopback interface? false
2024-07-24T12:35:31.279+0800 [DEBUG] [org.gradle.internal.remote.internal.inet.InetAddresses] Adding remote address /fe80:0:0:0:de47:e1c7:f2fd:c346%eth3
2024-07-24T12:35:31.279+0800 [DEBUG] [org.gradle.internal.remote.internal.inet.InetAddresses] Adding IP addresses for network interface Intel(R) Wi-Fi 6E AX211 160MHz
2024-07-24T12:35:31.281+0800 [DEBUG] [org.gradle.internal.remote.internal.inet.InetAddresses] Is this a loopback interface? false
2024-07-24T12:35:31.281+0800 [DEBUG] [org.gradle.internal.remote.internal.inet.InetAddresses] Adding remote address /192.168.101.20
2024-07-24T12:35:31.281+0800 [DEBUG] [org.gradle.internal.remote.internal.inet.InetAddresses] Adding remote address /fe80:0:0:0:3062:9914:c0c8:dff4%wlan0
2024-07-24T12:35:31.281+0800 [DEBUG] [org.gradle.internal.remote.internal.inet.InetAddresses] Adding IP addresses for network interface Microsoft IP-HTTPS Platform Adapter
2024-07-24T12:35:31.283+0800 [DEBUG] [org.gradle.internal.remote.internal.inet.InetAddresses] Is this a loopback interface? false
2024-07-24T12:35:31.284+0800 [DEBUG] [org.gradle.internal.remote.internal.inet.InetAddresses] Adding IP addresses for network interface WAN Miniport (Network Monitor)
2024-07-24T12:35:31.286+0800 [DEBUG] [org.gradle.internal.remote.internal.inet.InetAddresses] Is this a loopback interface? false
2024-07-24T12:35:31.286+0800 [DEBUG] [org.gradle.internal.remote.internal.inet.InetAddresses] Adding IP addresses for network interface WAN Miniport (PPPOE)
2024-07-24T12:35:31.290+0800 [DEBUG] [org.gradle.internal.remote.internal.inet.InetAddresses] Is this a loopback interface? false
2024-07-24T12:35:31.291+0800 [DEBUG] [org.gradle.internal.remote.internal.inet.InetAddresses] Adding IP addresses for network interface WAN Miniport (IPv6)
2024-07-24T12:35:31.293+0800 [DEBUG] [org.gradle.internal.remote.internal.inet.InetAddresses] Is this a loopback interface? false
2024-07-24T12:35:31.293+0800 [DEBUG] [org.gradle.internal.remote.internal.inet.InetAddresses] Adding IP addresses for network interface Microsoft Wi-Fi Direct Virtual Adapter
2024-07-24T12:35:31.296+0800 [DEBUG] [org.gradle.internal.remote.internal.inet.InetAddresses] Is this a loopback interface? false
2024-07-24T12:35:31.296+0800 [DEBUG] [org.gradle.internal.remote.internal.inet.InetAddresses] Adding remote address /fe80:0:0:0:48e6:a099:6793:d525%wlan1
2024-07-24T12:35:31.296+0800 [DEBUG] [org.gradle.internal.remote.internal.inet.InetAddresses] Adding IP addresses for network interface Microsoft Kernel Debug Network Adapter
2024-07-24T12:35:31.299+0800 [DEBUG] [org.gradle.internal.remote.internal.inet.InetAddresses] Is this a loopback interface? false
2024-07-24T12:35:31.299+0800 [DEBUG] [org.gradle.internal.remote.internal.inet.InetAddresses] Adding IP addresses for network interface WAN Miniport (IP)
2024-07-24T12:35:31.301+0800 [DEBUG] [org.gradle.internal.remote.internal.inet.InetAddresses] Is this a loopback interface? false
2024-07-24T12:35:31.302+0800 [DEBUG] [org.gradle.internal.remote.internal.inet.InetAddresses] Adding IP addresses for network interface Microsoft Teredo Tunneling Adapter
2024-07-24T12:35:31.304+0800 [DEBUG] [org.gradle.internal.remote.internal.inet.InetAddresses] Is this a loopback interface? false
2024-07-24T12:35:31.304+0800 [DEBUG] [org.gradle.internal.remote.internal.inet.InetAddresses] Adding IP addresses for network interface Microsoft Wi-Fi Direct Virtual Adapter #2
2024-07-24T12:35:31.306+0800 [DEBUG] [org.gradle.internal.remote.internal.inet.InetAddresses] Is this a loopback interface? false
2024-07-24T12:35:31.306+0800 [DEBUG] [org.gradle.internal.remote.internal.inet.InetAddresses] Adding remote address /fe80:0:0:0:184d:e0a6:ab6d:eb0c%wlan2
2024-07-24T12:35:31.306+0800 [DEBUG] [org.gradle.internal.remote.internal.inet.InetAddresses] Adding IP addresses for network interface WAN Miniport (L2TP)
2024-07-24T12:35:31.308+0800 [DEBUG] [org.gradle.internal.remote.internal.inet.InetAddresses] Is this a loopback interface? false
2024-07-24T12:35:31.308+0800 [DEBUG] [org.gradle.internal.remote.internal.inet.InetAddresses] Adding IP addresses for network interface Netease UU TAP-Win32 Adapter V9.21
2024-07-24T12:35:31.310+0800 [DEBUG] [org.gradle.internal.remote.internal.inet.InetAddresses] Is this a loopback interface? false
2024-07-24T12:35:31.311+0800 [DEBUG] [org.gradle.internal.remote.internal.inet.InetAddresses] Adding remote address /fe80:0:0:0:ee32:a2bc:bd5:6f14%eth8
2024-07-24T12:35:31.311+0800 [DEBUG] [org.gradle.internal.remote.internal.inet.InetAddresses] Adding IP addresses for network interface WAN Miniport (IKEv2)
2024-07-24T12:35:31.313+0800 [DEBUG] [org.gradle.internal.remote.internal.inet.InetAddresses] Is this a loopback interface? false
2024-07-24T12:35:31.313+0800 [DEBUG] [org.gradle.internal.remote.internal.inet.InetAddresses] Adding IP addresses for network interface Bluetooth Device (Personal Area Network)
2024-07-24T12:35:31.315+0800 [DEBUG] [org.gradle.internal.remote.internal.inet.InetAddresses] Is this a loopback interface? false
2024-07-24T12:35:31.315+0800 [DEBUG] [org.gradle.internal.remote.internal.inet.InetAddresses] Adding IP addresses for network interface Famatech Radmin VPN Ethernet Adapter-WFP Native MAC Layer LightWeight Filter-0000
2024-07-24T12:35:31.318+0800 [DEBUG] [org.gradle.internal.remote.internal.inet.InetAddresses] Is this a loopback interface? false
2024-07-24T12:35:31.318+0800 [DEBUG] [org.gradle.internal.remote.internal.inet.InetAddresses] Adding IP addresses for network interface Famatech Radmin VPN Ethernet Adapter-Npcap Packet Driver (NPCAP)-0000
2024-07-24T12:35:31.322+0800 [DEBUG] [org.gradle.internal.remote.internal.inet.InetAddresses] Is this a loopback interface? false
2024-07-24T12:35:31.322+0800 [DEBUG] [org.gradle.internal.remote.internal.inet.InetAddresses] Adding IP addresses for network interface Famatech Radmin VPN Ethernet Adapter-QoS Packet Scheduler-0000
2024-07-24T12:35:31.325+0800 [DEBUG] [org.gradle.internal.remote.internal.inet.InetAddresses] Is this a loopback interface? false
2024-07-24T12:35:31.325+0800 [DEBUG] [org.gradle.internal.remote.internal.inet.InetAddresses] Adding IP addresses for network interface Famatech Radmin VPN Ethernet Adapter-WFP 802.3 MAC Layer LightWeight Filter-0000
2024-07-24T12:35:31.327+0800 [DEBUG] [org.gradle.internal.remote.internal.inet.InetAddresses] Is this a loopback interface? false
2024-07-24T12:35:31.327+0800 [DEBUG] [org.gradle.internal.remote.internal.inet.InetAddresses] Adding IP addresses for network interface Netease UU TAP-Win32 Adapter V9.21-WFP Native MAC Layer LightWeight Filter-0000
2024-07-24T12:35:31.329+0800 [DEBUG] [org.gradle.internal.remote.internal.inet.InetAddresses] Is this a loopback interface? false
2024-07-24T12:35:31.329+0800 [DEBUG] [org.gradle.internal.remote.internal.inet.InetAddresses] Adding IP addresses for network interface Netease UU TAP-Win32 Adapter V9.21-Npcap Packet Driver (NPCAP)-0000
2024-07-24T12:35:31.331+0800 [DEBUG] [org.gradle.internal.remote.internal.inet.InetAddresses] Is this a loopback interface? false
2024-07-24T12:35:31.331+0800 [DEBUG] [org.gradle.internal.remote.internal.inet.InetAddresses] Adding IP addresses for network interface Netease UU TAP-Win32 Adapter V9.21-QoS Packet Scheduler-0000
2024-07-24T12:35:31.334+0800 [DEBUG] [org.gradle.internal.remote.internal.inet.InetAddresses] Is this a loopback interface? false
2024-07-24T12:35:31.334+0800 [DEBUG] [org.gradle.internal.remote.internal.inet.InetAddresses] Adding IP addresses for network interface Netease UU TAP-Win32 Adapter V9.21-WFP 802.3 MAC Layer LightWeight Filter-0000
2024-07-24T12:35:31.336+0800 [DEBUG] [org.gradle.internal.remote.internal.inet.InetAddresses] Is this a loopback interface? false
2024-07-24T12:35:31.336+0800 [DEBUG] [org.gradle.internal.remote.internal.inet.InetAddresses] Adding IP addresses for network interface VMware Virtual Ethernet Adapter for VMnet1-Npcap Packet Driver (NPCAP)-0000
2024-07-24T12:35:31.338+0800 [DEBUG] [org.gradle.internal.remote.internal.inet.InetAddresses] Is this a loopback interface? false
2024-07-24T12:35:31.339+0800 [DEBUG] [org.gradle.internal.remote.internal.inet.InetAddresses] Adding IP addresses for network interface VMware Virtual Ethernet Adapter for VMnet8-Npcap Packet Driver (NPCAP)-0000
2024-07-24T12:35:31.341+0800 [DEBUG] [org.gradle.internal.remote.internal.inet.InetAddresses] Is this a loopback interface? false
2024-07-24T12:35:31.341+0800 [DEBUG] [org.gradle.internal.remote.internal.inet.InetAddresses] Adding IP addresses for network interface Realtek PCIe GbE Family Controller-WFP Native MAC Layer LightWeight Filter-0000
2024-07-24T12:35:31.343+0800 [DEBUG] [org.gradle.internal.remote.internal.inet.InetAddresses] Is this a loopback interface? false
2024-07-24T12:35:31.343+0800 [DEBUG] [org.gradle.internal.remote.internal.inet.InetAddresses] Adding IP addresses for network interface Realtek PCIe GbE Family Controller-Npcap Packet Driver (NPCAP)-0000
2024-07-24T12:35:31.345+0800 [DEBUG] [org.gradle.internal.remote.internal.inet.InetAddresses] Is this a loopback interface? false
2024-07-24T12:35:31.345+0800 [DEBUG] [org.gradle.internal.remote.internal.inet.InetAddresses] Adding IP addresses for network interface Realtek PCIe GbE Family Controller-QoS Packet Scheduler-0000
2024-07-24T12:35:31.347+0800 [DEBUG] [org.gradle.internal.remote.internal.inet.InetAddresses] Is this a loopback interface? false
2024-07-24T12:35:31.347+0800 [DEBUG] [org.gradle.internal.remote.internal.inet.InetAddresses] Adding IP addresses for network interface Realtek PCIe GbE Family Controller-WFP 802.3 MAC Layer LightWeight Filter-0000
2024-07-24T12:35:31.350+0800 [DEBUG] [org.gradle.internal.remote.internal.inet.InetAddresses] Is this a loopback interface? false
2024-07-24T12:35:31.350+0800 [DEBUG] [org.gradle.internal.remote.internal.inet.InetAddresses] Adding IP addresses for network interface Intel(R) Wi-Fi 6E AX211 160MHz-WFP Native MAC Layer LightWeight Filter-0000
2024-07-24T12:35:31.352+0800 [DEBUG] [org.gradle.internal.remote.internal.inet.InetAddresses] Is this a loopback interface? false
2024-07-24T12:35:31.352+0800 [DEBUG] [org.gradle.internal.remote.internal.inet.InetAddresses] Adding IP addresses for network interface WAN Miniport (IP)-WFP Native MAC Layer LightWeight Filter-0000
2024-07-24T12:35:31.354+0800 [DEBUG] [org.gradle.internal.remote.internal.inet.InetAddresses] Is this a loopback interface? false
2024-07-24T12:35:31.354+0800 [DEBUG] [org.gradle.internal.remote.internal.inet.InetAddresses] Adding IP addresses for network interface WAN Miniport (IP)-Npcap Packet Driver (NPCAP)-0000
2024-07-24T12:35:31.357+0800 [DEBUG] [org.gradle.internal.remote.internal.inet.InetAddresses] Is this a loopback interface? false
2024-07-24T12:35:31.357+0800 [DEBUG] [org.gradle.internal.remote.internal.inet.InetAddresses] Adding IP addresses for network interface WAN Miniport (IP)-QoS Packet Scheduler-0000
2024-07-24T12:35:31.359+0800 [DEBUG] [org.gradle.internal.remote.internal.inet.InetAddresses] Is this a loopback interface? false
2024-07-24T12:35:31.359+0800 [DEBUG] [org.gradle.internal.remote.internal.inet.InetAddresses] Adding IP addresses for network interface WAN Miniport (IPv6)-WFP Native MAC Layer LightWeight Filter-0000
2024-07-24T12:35:31.361+0800 [DEBUG] [org.gradle.internal.remote.internal.inet.InetAddresses] Is this a loopback interface? false
2024-07-24T12:35:31.361+0800 [DEBUG] [org.gradle.internal.remote.internal.inet.InetAddresses] Adding IP addresses for network interface WAN Miniport (IPv6)-Npcap Packet Driver (NPCAP)-0000
2024-07-24T12:35:31.364+0800 [DEBUG] [org.gradle.internal.remote.internal.inet.InetAddresses] Is this a loopback interface? false
2024-07-24T12:35:31.364+0800 [DEBUG] [org.gradle.internal.remote.internal.inet.InetAddresses] Adding IP addresses for network interface WAN Miniport (IPv6)-QoS Packet Scheduler-0000
2024-07-24T12:35:31.366+0800 [DEBUG] [org.gradle.internal.remote.internal.inet.InetAddresses] Is this a loopback interface? false
2024-07-24T12:35:31.366+0800 [DEBUG] [org.gradle.internal.remote.internal.inet.InetAddresses] Adding IP addresses for network interface WAN Miniport (Network Monitor)-WFP Native MAC Layer LightWeight Filter-0000
2024-07-24T12:35:31.369+0800 [DEBUG] [org.gradle.internal.remote.internal.inet.InetAddresses] Is this a loopback interface? false
2024-07-24T12:35:31.369+0800 [DEBUG] [org.gradle.internal.remote.internal.inet.InetAddresses] Adding IP addresses for network interface WAN Miniport (Network Monitor)-Npcap Packet Driver (NPCAP)-0000
2024-07-24T12:35:31.371+0800 [DEBUG] [org.gradle.internal.remote.internal.inet.InetAddresses] Is this a loopback interface? false
2024-07-24T12:35:31.371+0800 [DEBUG] [org.gradle.internal.remote.internal.inet.InetAddresses] Adding IP addresses for network interface WAN Miniport (Network Monitor)-QoS Packet Scheduler-0000
2024-07-24T12:35:31.374+0800 [DEBUG] [org.gradle.internal.remote.internal.inet.InetAddresses] Is this a loopback interface? false
2024-07-24T12:35:31.374+0800 [DEBUG] [org.gradle.internal.remote.internal.inet.InetAddresses] Adding IP addresses for network interface Intel(R) Wi-Fi 6E AX211 160MHz-Virtual WiFi Filter Driver-0000
2024-07-24T12:35:31.376+0800 [DEBUG] [org.gradle.internal.remote.internal.inet.InetAddresses] Is this a loopback interface? false
2024-07-24T12:35:31.376+0800 [DEBUG] [org.gradle.internal.remote.internal.inet.InetAddresses] Adding IP addresses for network interface Intel(R) Wi-Fi 6E AX211 160MHz-Native WiFi Filter Driver-0000
2024-07-24T12:35:31.379+0800 [DEBUG] [org.gradle.internal.remote.internal.inet.InetAddresses] Is this a loopback interface? false
2024-07-24T12:35:31.379+0800 [DEBUG] [org.gradle.internal.remote.internal.inet.InetAddresses] Adding IP addresses for network interface Intel(R) Wi-Fi 6E AX211 160MHz-Npcap Packet Driver (NPCAP)-0000
2024-07-24T12:35:31.381+0800 [DEBUG] [org.gradle.internal.remote.internal.inet.InetAddresses] Is this a loopback interface? false
2024-07-24T12:35:31.381+0800 [DEBUG] [org.gradle.internal.remote.internal.inet.InetAddresses] Adding IP addresses for network interface Intel(R) Wi-Fi 6E AX211 160MHz-QoS Packet Scheduler-0000
2024-07-24T12:35:31.384+0800 [DEBUG] [org.gradle.internal.remote.internal.inet.InetAddresses] Is this a loopback interface? false
2024-07-24T12:35:31.384+0800 [DEBUG] [org.gradle.internal.remote.internal.inet.InetAddresses] Adding IP addresses for network interface Intel(R) Wi-Fi 6E AX211 160MHz-WFP 802.3 MAC Layer LightWeight Filter-0000
2024-07-24T12:35:31.388+0800 [DEBUG] [org.gradle.internal.remote.internal.inet.InetAddresses] Is this a loopback interface? false
2024-07-24T12:35:31.388+0800 [DEBUG] [org.gradle.internal.remote.internal.inet.InetAddresses] Adding IP addresses for network interface Microsoft Wi-Fi Direct Virtual Adapter-WFP Native MAC Layer LightWeight Filter-0000
2024-07-24T12:35:31.390+0800 [DEBUG] [org.gradle.internal.remote.internal.inet.InetAddresses] Is this a loopback interface? false
2024-07-24T12:35:31.390+0800 [DEBUG] [org.gradle.internal.remote.internal.inet.InetAddresses] Adding IP addresses for network interface Microsoft Wi-Fi Direct Virtual Adapter-Native WiFi Filter Driver-0000
2024-07-24T12:35:31.393+0800 [DEBUG] [org.gradle.internal.remote.internal.inet.InetAddresses] Is this a loopback interface? false
2024-07-24T12:35:31.393+0800 [DEBUG] [org.gradle.internal.remote.internal.inet.InetAddresses] Adding IP addresses for network interface Microsoft Wi-Fi Direct Virtual Adapter-Npcap Packet Driver (NPCAP)-0000
2024-07-24T12:35:31.396+0800 [DEBUG] [org.gradle.internal.remote.internal.inet.InetAddresses] Is this a loopback interface? false
2024-07-24T12:35:31.396+0800 [DEBUG] [org.gradle.internal.remote.internal.inet.InetAddresses] Adding IP addresses for network interface Microsoft Wi-Fi Direct Virtual Adapter-QoS Packet Scheduler-0000
2024-07-24T12:35:31.398+0800 [DEBUG] [org.gradle.internal.remote.internal.inet.InetAddresses] Is this a loopback interface? false
2024-07-24T12:35:31.399+0800 [DEBUG] [org.gradle.internal.remote.internal.inet.InetAddresses] Adding IP addresses for network interface Microsoft Wi-Fi Direct Virtual Adapter-WFP 802.3 MAC Layer LightWeight Filter-0000
2024-07-24T12:35:31.402+0800 [DEBUG] [org.gradle.internal.remote.internal.inet.InetAddresses] Is this a loopback interface? false
2024-07-24T12:35:31.402+0800 [DEBUG] [org.gradle.internal.remote.internal.inet.InetAddresses] Adding IP addresses for network interface Microsoft Wi-Fi Direct Virtual Adapter #2-WFP Native MAC Layer LightWeight Filter-0000
2024-07-24T12:35:31.405+0800 [DEBUG] [org.gradle.internal.remote.internal.inet.InetAddresses] Is this a loopback interface? false
2024-07-24T12:35:31.405+0800 [DEBUG] [org.gradle.internal.remote.internal.inet.InetAddresses] Adding IP addresses for network interface Microsoft Wi-Fi Direct Virtual Adapter #2-Native WiFi Filter Driver-0000
2024-07-24T12:35:31.407+0800 [DEBUG] [org.gradle.internal.remote.internal.inet.InetAddresses] Is this a loopback interface? false
2024-07-24T12:35:31.407+0800 [DEBUG] [org.gradle.internal.remote.internal.inet.InetAddresses] Adding IP addresses for network interface Microsoft Wi-Fi Direct Virtual Adapter #2-Npcap Packet Driver (NPCAP)-0000
2024-07-24T12:35:31.410+0800 [DEBUG] [org.gradle.internal.remote.internal.inet.InetAddresses] Is this a loopback interface? false
2024-07-24T12:35:31.410+0800 [DEBUG] [org.gradle.internal.remote.internal.inet.InetAddresses] Adding IP addresses for network interface Microsoft Wi-Fi Direct Virtual Adapter #2-QoS Packet Scheduler-0000
2024-07-24T12:35:31.412+0800 [DEBUG] [org.gradle.internal.remote.internal.inet.InetAddresses] Is this a loopback interface? false
2024-07-24T12:35:31.412+0800 [DEBUG] [org.gradle.internal.remote.internal.inet.InetAddresses] Adding IP addresses for network interface Microsoft Wi-Fi Direct Virtual Adapter #2-WFP 802.3 MAC Layer LightWeight Filter-0000
2024-07-24T12:35:31.414+0800 [DEBUG] [org.gradle.internal.remote.internal.inet.InetAddresses] Is this a loopback interface? false
2024-07-24T12:35:31.420+0800 [DEBUG] [org.gradle.internal.remote.internal.inet.TcpIncomingConnector] Listening on [399a5011-f354-45c1-aaa0-9cd39696ba24 port:58815, addresses:[localhost/127.0.0.1]].
2024-07-24T12:35:31.430+0800 [DEBUG] [org.gradle.launcher.daemon.server.Daemon] Daemon starting at: Wed Jul 24 12:35:31 CST 2024, with address: [399a5011-f354-45c1-aaa0-9cd39696ba24 port:58815, addresses:[localhost/127.0.0.1]]
2024-07-24T12:35:31.430+0800 [INFO] [org.gradle.launcher.daemon.server.DaemonRegistryUpdater] Advertising the daemon address to the clients: [399a5011-f354-45c1-aaa0-9cd39696ba24 port:58815, addresses:[localhost/127.0.0.1]]
2024-07-24T12:35:31.430+0800 [DEBUG] [org.gradle.launcher.daemon.server.DaemonRegistryUpdater] Advertised daemon context: DefaultDaemonContext[uid=a6461d9a-c0dc-40f5-9323-0d4fddbd202c,javaHome=E:\Plain Craft Launcher 2\MC模组开发\Java\jdk-17,daemonRegistryDir=E:\Plain Craft Launcher 2\MC模组开发\the_medical_devices\forge-1.20.1-47.3.0-mdk\DotGradle\daemon,pid=4684,idleTimeout=10800000,priority=NORMAL,applyInstrumentationAgent=true,daemonOpts=--add-opens=java.base/java.util=ALL-UNNAMED,--add-opens=java.base/java.lang=ALL-UNNAMED,--add-opens=java.base/java.lang.invoke=ALL-UNNAMED,--add-opens=java.prefs/java.util.prefs=ALL-UNNAMED,--add-opens=java.base/java.nio.charset=ALL-UNNAMED,--add-opens=java.base/java.net=ALL-UNNAMED,--add-opens=java.base/java.util.concurrent.atomic=ALL-UNNAMED,-Xmx3G,-Dfile.encoding=GBK,-Duser.country=CN,-Duser.language=zh,-Duser.variant]
2024-07-24T12:35:31.431+0800 [DEBUG] [org.gradle.launcher.daemon.registry.PersistentDaemonRegistry] Storing daemon address: [399a5011-f354-45c1-aaa0-9cd39696ba24 port:58815, addresses:[localhost/127.0.0.1]], context: DefaultDaemonContext[uid=a6461d9a-c0dc-40f5-9323-0d4fddbd202c,javaHome=E:\Plain Craft Launcher 2\MC模组开发\Java\jdk-17,daemonRegistryDir=E:\Plain Craft Launcher 2\MC模组开发\the_medical_devices\forge-1.20.1-47.3.0-mdk\DotGradle\daemon,pid=4684,idleTimeout=10800000,priority=NORMAL,applyInstrumentationAgent=true,daemonOpts=--add-opens=java.base/java.util=ALL-UNNAMED,--add-opens=java.base/java.lang=ALL-UNNAMED,--add-opens=java.base/java.lang.invoke=ALL-UNNAMED,--add-opens=java.prefs/java.util.prefs=ALL-UNNAMED,--add-opens=java.base/java.nio.charset=ALL-UNNAMED,--add-opens=java.base/java.net=ALL-UNNAMED,--add-opens=java.base/java.util.concurrent.atomic=ALL-UNNAMED,-Xmx3G,-Dfile.encoding=GBK,-Duser.country=CN,-Duser.language=zh,-Duser.variant]
2024-07-24T12:35:31.439+0800 [DEBUG] [org.gradle.cache.internal.DefaultFileLockManager] Waiting to acquire exclusive lock on daemon addresses registry.
2024-07-24T12:35:31.442+0800 [DEBUG] [org.gradle.cache.internal.DefaultFileLockManager] Lock acquired on daemon addresses registry.
2024-07-24T12:35:31.445+0800 [DEBUG] [org.gradle.cache.internal.DefaultFileLockManager] Releasing lock on daemon addresses registry.
2024-07-24T12:35:31.446+0800 [LIFECYCLE] [org.gradle.launcher.daemon.server.Daemon] Daemon server started.
2024-07-24T12:35:31.446+0800 [DEBUG] [org.gradle.launcher.daemon.bootstrap.DaemonStartupCommunication] Completed writing the daemon greeting. Closing streams...
2024-07-24T12:35:31.450+0800 [DEBUG] [org.gradle.launcher.daemon.server.Daemon] stopOnExpiration() called on daemon
2024-07-24T12:35:31.450+0800 [DEBUG] [org.gradle.internal.remote.internal.inet.TcpIncomingConnector] Accepted connection from /127.0.0.1:58816 to /127.0.0.1:58815.
2024-07-24T12:35:31.451+0800 [DEBUG] [org.gradle.launcher.daemon.server.Daemon] awaitExpiration() called on daemon
2024-07-24T12:35:31.451+0800 [DEBUG] [org.gradle.launcher.daemon.server.DaemonStateCoordinator] daemon is running. Sleeping until state changes.
2024-07-24T12:35:31.492+0800 [DEBUG] [org.gradle.launcher.daemon.server.SynchronizedDispatchConnection] thread 33: received class org.gradle.launcher.daemon.protocol.Build
2024-07-24T12:35:31.492+0800 [DEBUG] [org.gradle.launcher.daemon.server.DefaultDaemonConnection] thread 33: Received non-IO message from client: Build{id=72f21b50-c0ba-4a2b-95fd-485c1b16dc0a, currentDir=E:\Plain Craft Launcher 2\MC模组开发\the_medical_devices\forge-1.20.1-47.3.0-mdk}
2024-07-24T12:35:31.492+0800 [INFO] [org.gradle.launcher.daemon.server.DefaultIncomingConnectionHandler] Received command: Build{id=72f21b50-c0ba-4a2b-95fd-485c1b16dc0a, currentDir=E:\Plain Craft Launcher 2\MC模组开发\the_medical_devices\forge-1.20.1-47.3.0-mdk}.
2024-07-24T12:35:31.493+0800 [DEBUG] [org.gradle.launcher.daemon.server.DefaultIncomingConnectionHandler] Starting executing command: Build{id=72f21b50-c0ba-4a2b-95fd-485c1b16dc0a, currentDir=E:\Plain Craft Launcher 2\MC模组开发\the_medical_devices\forge-1.20.1-47.3.0-mdk} with connection: socket connection from /127.0.0.1:58815 to /127.0.0.1:58816.
2024-07-24T12:35:31.494+0800 [DEBUG] [org.gradle.launcher.daemon.server.DaemonStateCoordinator] Command execution: started DaemonCommandExecution[command = Build{id=72f21b50-c0ba-4a2b-95fd-485c1b16dc0a, currentDir=E:\Plain Craft Launcher 2\MC模组开发\the_medical_devices\forge-1.20.1-47.3.0-mdk}, connection = DefaultDaemonConnection: socket connection from /127.0.0.1:58815 to /127.0.0.1:58816] after 0.0 minutes of idle
2024-07-24T12:35:31.494+0800 [INFO] [org.gradle.launcher.daemon.server.DaemonRegistryUpdater] Marking the daemon as busy, address: [399a5011-f354-45c1-aaa0-9cd39696ba24 port:58815, addresses:[localhost/127.0.0.1]]
2024-07-24T12:35:31.494+0800 [DEBUG] [org.gradle.launcher.daemon.registry.PersistentDaemonRegistry] Marking busy by address: [399a5011-f354-45c1-aaa0-9cd39696ba24 port:58815, addresses:[localhost/127.0.0.1]]
2024-07-24T12:35:31.495+0800 [DEBUG] [org.gradle.cache.internal.DefaultFileLockManager] Waiting to acquire exclusive lock on daemon addresses registry.
2024-07-24T12:35:31.495+0800 [DEBUG] [org.gradle.cache.internal.DefaultFileLockManager] Lock acquired on daemon addresses registry.
2024-07-24T12:35:31.496+0800 [DEBUG] [org.gradle.cache.internal.DefaultFileLockManager] Releasing lock on daemon addresses registry.
2024-07-24T12:35:31.496+0800 [DEBUG] [org.gradle.launcher.daemon.server.DaemonStateCoordinator] resetting idle timer
2024-07-24T12:35:31.496+0800 [DEBUG] [org.gradle.launcher.daemon.server.DaemonStateCoordinator] daemon is running. Sleeping until state changes.
2024-07-24T12:35:31.497+0800 [INFO] [org.gradle.launcher.daemon.server.exec.StartBuildOrRespondWithBusy] Daemon is about to start building Build{id=72f21b50-c0ba-4a2b-95fd-485c1b16dc0a, currentDir=E:\Plain Craft Launcher 2\MC模组开发\the_medical_devices\forge-1.20.1-47.3.0-mdk}. Dispatching build started information...
2024-07-24T12:35:31.497+0800 [DEBUG] [org.gradle.launcher.daemon.server.SynchronizedDispatchConnection] thread 35: dispatching org.gradle.launcher.daemon.protocol.BuildStarted@30b2b861
2024-07-24T12:35:31.498+0800 [DEBUG] [org.gradle.launcher.daemon.server.exec.EstablishBuildEnvironment] Configuring env variables: [USERDOMAIN_ROAMINGPROFILE, PROCESSOR_LEVEL, GRADLE_OPTS, SESSIONNAME, ALLUSERSPROFILE, INTEL_DEV_REDIST, PROCESSOR_ARCHITECTURE, MIC_LD_LIBRARY_PATH, PSModulePath, SystemDrive, USERNAME, ProgramFiles(x86), JAVA21_HOME, PATHEXT, DriverData, IntelliJ IDEA Community Edition, EFC_11816, ProgramData, ProgramW6432, HOMEPATH, PROCESSOR_IDENTIFIER, ProgramFiles, PUBLIC, windir, =::, ZES_ENABLE_SYSMAN, IGCCSVC_DB, LOCALAPPDATA, IntelliJ IDEA, JAVA17_HOME, USERDOMAIN, LOGONSERVER, JAVA_HOME, OneDrive, APPDATA, GRADLE_USER_HOME, CommonProgramFiles, Path, OS, COMPUTERNAME, PROCESSOR_REVISION, CLASSPATH, CommonProgramW6432, ComSpec, TEMP, SystemRoot, HOMEDRIVE, USERPROFILE, TMP, CommonProgramFiles(x86), NUMBER_OF_PROCESSORS, IDEA_INITIAL_DIRECTORY]
2024-07-24T12:35:31.500+0800 [DEBUG] [org.gradle.launcher.daemon.server.exec.LogToClient] About to start relaying all logs to the client via the connection.
2024-07-24T12:35:31.500+0800 [INFO] [org.gradle.launcher.daemon.server.exec.LogToClient] The client will now receive all logging from the daemon (pid: 4684). The daemon log file: E:\Plain Craft Launcher 2\MC模组开发\the_medical_devices\forge-1.20.1-47.3.0-mdk\DotGradle\daemon\8.1.1\daemon-4684.out.log
2024-07-24T12:35:31.501+0800 [INFO] [org.gradle.launcher.daemon.server.exec.LogAndCheckHealth] Starting build in new daemon [memory: 3 GiB]
2024-07-24T12:35:31.502+0800 [DEBUG] [org.gradle.launcher.daemon.server.exec.ExecuteBuild] The daemon has started executing the build.
2024-07-24T12:35:31.502+0800 [DEBUG] [org.gradle.launcher.daemon.server.exec.ExecuteBuild] Executing build with daemon context: DefaultDaemonContext[uid=a6461d9a-c0dc-40f5-9323-0d4fddbd202c,javaHome=E:\Plain Craft Launcher 2\MC模组开发\Java\jdk-17,daemonRegistryDir=E:\Plain Craft Launcher 2\MC模组开发\the_medical_devices\forge-1.20.1-47.3.0-mdk\DotGradle\daemon,pid=4684,idleTimeout=10800000,priority=NORMAL,applyInstrumentationAgent=true,daemonOpts=--add-opens=java.base/java.util=ALL-UNNAMED,--add-opens=java.base/java.lang=ALL-UNNAMED,--add-opens=java.base/java.lang.invoke=ALL-UNNAMED,--add-opens=java.prefs/java.util.prefs=ALL-UNNAMED,--add-opens=java.base/java.nio.charset=ALL-UNNAMED,--add-opens=java.base/java.net=ALL-UNNAMED,--add-opens=java.base/java.util.concurrent.atomic=ALL-UNNAMED,-Xmx3G,-Dfile.encoding=GBK,-Duser.country=CN,-Duser.language=zh,-Duser.variant]
Java: 17.0.11, JVM: 17.0.11+7-LTS-207 (Oracle Corporation), Arch: amd64
Directory 'C:\Program Files\Java\jdk-1.8' (Windows Registry) used for java installations does not exist
Directory 'C:\Program Files\Java\jdk-22' (Windows Registry) used for java installations does not exist
Directory 'C:\Program Files\Java\jdk-1.8' (Windows Registry) used for java installations does not exist
Directory 'C:\Program Files\Java\jre-1.8' (Windows Registry) used for java installations does not exist
Directory 'C:\Program Files\Java\jre-1.8' (Windows Registry) used for java installations does not exist
E:\Plain Craft Launcher 2\MC模组开发\the_medical_devices\forge-1.20.1-47.3.0-mdk\src\main\java\net\Cruderdragon835\the_medical_devices\the_medical_devices.java:29: 错误: 找不到符号
        ModItems.register(modEventBus);
        ^
  符号:   变量 ModItems
  位置: 类 the_medical_devices
E:\Plain Craft Launcher 2\MC模组开发\the_medical_devices\forge-1.20.1-47.3.0-mdk\src\main\java\net\Cruderdragon835\the_medical_devices\the_medical_devices.java:37: 错误: 找不到符号
        ModLoadingContext.get().registerConfig(ModConfig.Type.COMMON, Config.SPEC);
                                                                      ^
  符号:   变量 Config
  位置: 类 the_medical_devices
2 个错误

FAILURE: Build failed with an exception.

* What went wrong:
Execution failed for task ':compileJava'.
> Compilation failed; see the compiler error output for details.

* Try:
> Run with --stacktrace option to get the stack trace.
> Run with --info or --debug option to get more log output.
> Run with --scan to get full insights.

* Get more help at https://help.gradle.org

Deprecated Gradle features were used in this build, making it incompatible with Gradle 9.0.

You can use '--warning-mode all' to show the individual deprecation warnings and determine if they come from your own scripts or plugins.

See https://docs.gradle.org/8.1.1/userguide/command_line_interface.html#sec:command_line_warnings

BUILD FAILED in 10s
1 actionable task: 1 executed
2024-07-24T12:35:40.857+0800 [DEBUG] [org.gradle.launcher.daemon.server.exec.ExecuteBuild] The daemon has finished executing the build.
2024-07-24T12:35:40.874+0800 [DEBUG] [org.gradle.launcher.daemon.server.DaemonStateCoordinator] daemon is running. Sleeping until state changes.
2024-07-24T12:35:40.874+0800 [DEBUG] [org.gradle.launcher.daemon.server.DaemonStateCoordinator] Command execution: finished waiting for DaemonCommandExecution[command = Build{id=72f21b50-c0ba-4a2b-95fd-485c1b16dc0a, currentDir=E:\Plain Craft Launcher 2\MC模组开发\the_medical_devices\forge-1.20.1-47.3.0-mdk}, connection = DefaultDaemonConnection: socket connection from /127.0.0.1:58815 to /127.0.0.1:58816]. Result org.gradle.launcher.daemon.server.DaemonStateCoordinator@39b4dba with state Busy
2024-07-24T12:35:40.874+0800 [DEBUG] [org.gradle.launcher.daemon.server.DaemonStateCoordinator] Command execution: completed DaemonCommandExecution[command = Build{id=72f21b50-c0ba-4a2b-95fd-485c1b16dc0a, currentDir=E:\Plain Craft Launcher 2\MC模组开发\the_medical_devices\forge-1.20.1-47.3.0-mdk}, connection = DefaultDaemonConnection: socket connection from /127.0.0.1:58815 to /127.0.0.1:58816]
2024-07-24T12:35:40.874+0800 [DEBUG] [org.gradle.launcher.daemon.server.DaemonStateCoordinator] resetting idle timer
2024-07-24T12:35:40.874+0800 [INFO] [org.gradle.launcher.daemon.server.DaemonRegistryUpdater] Marking the daemon as idle, address: [399a5011-f354-45c1-aaa0-9cd39696ba24 port:58815, addresses:[localhost/127.0.0.1]]
2024-07-24T12:35:40.874+0800 [DEBUG] [org.gradle.launcher.daemon.registry.PersistentDaemonRegistry] Marking busy by address: [399a5011-f354-45c1-aaa0-9cd39696ba24 port:58815, addresses:[localhost/127.0.0.1]]
2024-07-24T12:35:40.875+0800 [DEBUG] [org.gradle.cache.internal.DefaultFileLockManager] Waiting to acquire exclusive lock on daemon addresses registry.
2024-07-24T12:35:40.875+0800 [DEBUG] [org.gradle.cache.internal.DefaultFileLockManager] Lock acquired on daemon addresses registry.
2024-07-24T12:35:40.876+0800 [DEBUG] [org.gradle.cache.internal.DefaultFileLockManager] Releasing lock on daemon addresses registry.
2024-07-24T12:35:40.876+0800 [DEBUG] [org.gradle.launcher.daemon.server.DaemonStateCoordinator] daemon is running. Sleeping until state changes.
2024-07-24T12:35:40.876+0800 [DEBUG] [org.gradle.launcher.daemon.server.exec.ReturnResult] Daemon is dispatching the build result: Success[value=org.gradle.launcher.exec.BuildActionResult@245b8f3f]
2024-07-24T12:35:40.876+0800 [DEBUG] [org.gradle.launcher.daemon.server.SynchronizedDispatchConnection] thread 32: dispatching Success[value=org.gradle.launcher.exec.BuildActionResult@245b8f3f]
2024-07-24T12:35:40.881+0800 [DEBUG] [org.gradle.launcher.daemon.server.DefaultIncomingConnectionHandler] Finishing executing command: Build{id=72f21b50-c0ba-4a2b-95fd-485c1b16dc0a, currentDir=E:\Plain Craft Launcher 2\MC模组开发\the_medical_devices\forge-1.20.1-47.3.0-mdk}
2024-07-24T12:35:40.881+0800 [DEBUG] [org.gradle.launcher.daemon.server.SynchronizedDispatchConnection] thread 33: received class org.gradle.launcher.daemon.protocol.CloseInput
2024-07-24T12:35:40.881+0800 [DEBUG] [org.gradle.launcher.daemon.server.DefaultDaemonConnection] thread 33: Received IO message from client: org.gradle.launcher.daemon.protocol.CloseInput@64dd8299
2024-07-24T12:35:40.881+0800 [DEBUG] [org.gradle.launcher.daemon.server.SynchronizedDispatchConnection] thread 33: received class org.gradle.launcher.daemon.protocol.Finished
2024-07-24T12:35:40.881+0800 [DEBUG] [org.gradle.launcher.daemon.server.DefaultDaemonConnection] thread 33: Received non-IO message from client: org.gradle.launcher.daemon.protocol.Finished@3b9771d8
2024-07-24T12:35:40.881+0800 [DEBUG] [org.gradle.launcher.daemon.server.DefaultIncomingConnectionHandler] Received finished message: org.gradle.launcher.daemon.protocol.Finished@3b9771d8
2024-07-24T12:35:40.881+0800 [DEBUG] [org.gradle.launcher.daemon.server.SynchronizedDispatchConnection] thread 32: stopping connection
2024-07-24T12:35:40.882+0800 [DEBUG] [org.gradle.internal.remote.internal.inet.SocketConnection] Discarding EOFException: java.io.EOFException
2024-07-24T12:35:40.883+0800 [DEBUG] [org.gradle.launcher.daemon.server.SynchronizedDispatchConnection] thread 33: received null
2024-07-24T12:35:40.883+0800 [DEBUG] [org.gradle.launcher.daemon.server.DefaultDaemonConnection] thread 33: Received end-of-input from client.
2024-07-24T12:35:40.883+0800 [DEBUG] [org.gradle.launcher.daemon.server.SynchronizedDispatchConnection] thread 32: stopping connection
2024-07-24T12:35:41.470+0800 [DEBUG] [org.gradle.cache.internal.DefaultFileLockManager] Waiting to acquire shared lock on daemon addresses registry.
2024-07-24T12:35:41.470+0800 [DEBUG] [org.gradle.cache.internal.DefaultFileLockManager] Lock acquired on daemon addresses registry.
2024-07-24T12:35:41.471+0800 [DEBUG] [org.gradle.cache.internal.DefaultFileLockManager] Releasing lock on daemon addresses registry.
2024-07-24T12:35:41.472+0800 [DEBUG] [org.gradle.cache.internal.DefaultFileLockManager] Waiting to acquire shared lock on daemon addresses registry.
2024-07-24T12:35:41.472+0800 [DEBUG] [org.gradle.cache.internal.DefaultFileLockManager] Lock acquired on daemon addresses registry.
2024-07-24T12:35:41.472+0800 [DEBUG] [org.gradle.cache.internal.DefaultFileLockManager] Releasing lock on daemon addresses registry.
2024-07-24T12:35:51.380+0800 [DEBUG] [org.gradle.cache.internal.LockOnDemandCrossProcessCacheAccess] Lock on artifact cache (E:\Plain Craft Launcher 2\MC模组开发\the_medical_devices\forge-1.20.1-47.3.0-mdk\DotGradle\caches\modules-2) requested by another process - releasing lock.
2024-07-24T12:35:51.380+0800 [DEBUG] [org.gradle.cache.internal.LockOnDemandCrossProcessCacheAccess] Releasing file lock for artifact cache (E:\Plain Craft Launcher 2\MC模组开发\the_medical_devices\forge-1.20.1-47.3.0-mdk\DotGradle\caches\modules-2)
2024-07-24T12:35:51.380+0800 [DEBUG] [org.gradle.cache.internal.DefaultFileLockManager] Releasing lock on artifact cache (E:\Plain Craft Launcher 2\MC模组开发\the_medical_devices\forge-1.20.1-47.3.0-mdk\DotGradle\caches\modules-2).
2024-07-24T12:35:51.380+0800 [DEBUG] [org.gradle.cache.internal.locklistener.FileLockCommunicator] Confirming lock release to Gradle process at port 53049 for lock with id 5971915532912864870.
2024-07-24T12:35:51.380+0800 [DEBUG] [org.gradle.cache.internal.locklistener.FileLockCommunicator] Confirming lock release to Gradle process at port 53049 for lock with id 5971915532912864870.
2024-07-24T12:35:51.385+0800 [DEBUG] [org.gradle.cache.internal.LockOnDemandCrossProcessCacheAccess] Lock on journal cache (E:\Plain Craft Launcher 2\MC模组开发\the_medical_devices\forge-1.20.1-47.3.0-mdk\DotGradle\caches\journal-1) requested by another process - releasing lock.
2024-07-24T12:35:51.385+0800 [DEBUG] [org.gradle.cache.internal.LockOnDemandCrossProcessCacheAccess] Releasing file lock for journal cache (E:\Plain Craft Launcher 2\MC模组开发\the_medical_devices\forge-1.20.1-47.3.0-mdk\DotGradle\caches\journal-1)
2024-07-24T12:35:51.386+0800 [DEBUG] [org.gradle.cache.internal.btree.BTreePersistentIndexedCache] Closing cache file-access.bin (E:\Plain Craft Launcher 2\MC模组开发\the_medical_devices\forge-1.20.1-47.3.0-mdk\DotGradle\caches\journal-1\file-access.bin)
2024-07-24T12:35:51.386+0800 [DEBUG] [org.gradle.cache.internal.DefaultFileLockManager] Releasing lock on journal cache (E:\Plain Craft Launcher 2\MC模组开发\the_medical_devices\forge-1.20.1-47.3.0-mdk\DotGradle\caches\journal-1).
2024-07-24T12:35:51.386+0800 [DEBUG] [org.gradle.cache.internal.locklistener.FileLockCommunicator] Confirming lock release to Gradle process at port 53049 for lock with id -2063188485092550697.
2024-07-24T12:35:51.386+0800 [DEBUG] [org.gradle.cache.internal.locklistener.FileLockCommunicator] Confirming lock release to Gradle process at port 53049 for lock with id -2063188485092550697.
2024-07-24T12:35:51.387+0800 [DEBUG] [org.gradle.cache.internal.LockOnDemandCrossProcessCacheAccess] Lock on jars (E:\Plain Craft Launcher 2\MC模组开发\the_medical_devices\forge-1.20.1-47.3.0-mdk\DotGradle\caches\jars-9) requested by another process - releasing lock.
2024-07-24T12:35:51.387+0800 [DEBUG] [org.gradle.cache.internal.LockOnDemandCrossProcessCacheAccess] Releasing file lock for jars (E:\Plain Craft Launcher 2\MC模组开发\the_medical_devices\forge-1.20.1-47.3.0-mdk\DotGradle\caches\jars-9)
2024-07-24T12:35:51.387+0800 [DEBUG] [org.gradle.cache.internal.DefaultFileLockManager] Releasing lock on jars (E:\Plain Craft Launcher 2\MC模组开发\the_medical_devices\forge-1.20.1-47.3.0-mdk\DotGradle\caches\jars-9).
2024-07-24T12:35:51.388+0800 [DEBUG] [org.gradle.cache.internal.locklistener.FileLockCommunicator] Confirming lock release to Gradle process at port 53049 for lock with id 2815542986615600142.
2024-07-24T12:35:51.388+0800 [DEBUG] [org.gradle.cache.internal.locklistener.FileLockCommunicator] Confirming lock release to Gradle process at port 53049 for lock with id 2815542986615600142.
2024-07-24T12:35:51.389+0800 [DEBUG] [org.gradle.cache.internal.LockOnDemandCrossProcessCacheAccess] Lock on file hash cache (E:\Plain Craft Launcher 2\MC模组开发\the_medical_devices\forge-1.20.1-47.3.0-mdk\DotGradle\caches\8.1.1\fileHashes) requested by another process - releasing lock.
2024-07-24T12:35:51.389+0800 [DEBUG] [org.gradle.cache.internal.LockOnDemandCrossProcessCacheAccess] Releasing file lock for file hash cache (E:\Plain Craft Launcher 2\MC模组开发\the_medical_devices\forge-1.20.1-47.3.0-mdk\DotGradle\caches\8.1.1\fileHashes)
2024-07-24T12:35:51.389+0800 [DEBUG] [org.gradle.cache.internal.btree.BTreePersistentIndexedCache] Closing cache fileHashes.bin (E:\Plain Craft Launcher 2\MC模组开发\the_medical_devices\forge-1.20.1-47.3.0-mdk\DotGradle\caches\8.1.1\fileHashes\fileHashes.bin)
2024-07-24T12:35:51.389+0800 [DEBUG] [org.gradle.cache.internal.btree.BTreePersistentIndexedCache] Closing cache resourceHashesCache.bin (E:\Plain Craft Launcher 2\MC模组开发\the_medical_devices\forge-1.20.1-47.3.0-mdk\DotGradle\caches\8.1.1\fileHashes\resourceHashesCache.bin)
2024-07-24T12:35:51.389+0800 [DEBUG] [org.gradle.cache.internal.DefaultFileLockManager] Releasing lock on file hash cache (E:\Plain Craft Launcher 2\MC模组开发\the_medical_devices\forge-1.20.1-47.3.0-mdk\DotGradle\caches\8.1.1\fileHashes).
2024-07-24T12:35:51.390+0800 [DEBUG] [org.gradle.cache.internal.locklistener.FileLockCommunicator] Confirming lock release to Gradle process at port 53049 for lock with id -7638014200504371536.
2024-07-24T12:35:51.390+0800 [DEBUG] [org.gradle.cache.internal.locklistener.FileLockCommunicator] Confirming lock release to Gradle process at port 53049 for lock with id -7638014200504371536.
2024-07-24T12:35:51.454+0800 [DEBUG] [org.gradle.cache.internal.DefaultFileLockManager] Waiting to acquire shared lock on daemon addresses registry.
2024-07-24T12:35:51.454+0800 [DEBUG] [org.gradle.cache.internal.DefaultFileLockManager] Lock acquired on daemon addresses registry.
2024-07-24T12:35:51.455+0800 [DEBUG] [org.gradle.cache.internal.DefaultFileLockManager] Releasing lock on daemon addresses registry.
2024-07-24T12:35:51.455+0800 [DEBUG] [org.gradle.cache.internal.DefaultFileLockManager] Waiting to acquire shared lock on daemon addresses registry.
2024-07-24T12:35:51.455+0800 [DEBUG] [org.gradle.cache.internal.DefaultFileLockManager] Lock acquired on daemon addresses registry.
2024-07-24T12:35:51.456+0800 [DEBUG] [org.gradle.cache.internal.DefaultFileLockManager] Releasing lock on daemon addresses registry.
2024-07-24T12:35:51.456+0800 [DEBUG] [org.gradle.cache.internal.DefaultFileLockManager] Waiting to acquire shared lock on daemon addresses registry.
2024-07-24T12:35:51.456+0800 [DEBUG] [org.gradle.cache.internal.DefaultFileLockManager] Lock acquired on daemon addresses registry.
2024-07-24T12:35:51.457+0800 [DEBUG] [org.gradle.cache.internal.DefaultFileLockManager] Releasing lock on daemon addresses registry.
2024-07-24T12:36:01.457+0800 [DEBUG] [org.gradle.cache.internal.DefaultFileLockManager] Waiting to acquire shared lock on daemon addresses registry.
2024-07-24T12:36:01.457+0800 [DEBUG] [org.gradle.cache.internal.DefaultFileLockManager] Lock acquired on daemon addresses registry.
2024-07-24T12:36:01.457+0800 [DEBUG] [org.gradle.cache.internal.DefaultFileLockManager] Releasing lock on daemon addresses registry.
2024-07-24T12:36:01.458+0800 [DEBUG] [org.gradle.cache.internal.DefaultFileLockManager] Waiting to acquire shared lock on daemon addresses registry.
2024-07-24T12:36:01.458+0800 [DEBUG] [org.gradle.cache.internal.DefaultFileLockManager] Lock acquired on daemon addresses registry.
2024-07-24T12:36:01.458+0800 [DEBUG] [org.gradle.cache.internal.DefaultFileLockManager] Releasing lock on daemon addresses registry.
2024-07-24T12:36:01.459+0800 [DEBUG] [org.gradle.cache.internal.DefaultFileLockManager] Waiting to acquire shared lock on daemon addresses registry.
2024-07-24T12:36:01.459+0800 [DEBUG] [org.gradle.cache.internal.DefaultFileLockManager] Lock acquired on daemon addresses registry.
2024-07-24T12:36:01.459+0800 [DEBUG] [org.gradle.cache.internal.DefaultFileLockManager] Releasing lock on daemon addresses registry.
2024-07-24T12:36:01.460+0800 [DEBUG] [org.gradle.cache.internal.DefaultFileLockManager] Waiting to acquire shared lock on daemon addresses registry.
2024-07-24T12:36:01.460+0800 [DEBUG] [org.gradle.cache.internal.DefaultFileLockManager] Lock acquired on daemon addresses registry.
2024-07-24T12:36:01.460+0800 [DEBUG] [org.gradle.cache.internal.DefaultFileLockManager] Releasing lock on daemon addresses registry.
2024-07-24T12:36:01.460+0800 [DEBUG] [org.gradle.launcher.daemon.server.DaemonRegistryUpdater] Storing daemon stop event: other compatible daemons were started and after being idle for 0 minutes and not recently used
2024-07-24T12:36:01.460+0800 [DEBUG] [org.gradle.launcher.daemon.registry.PersistentDaemonRegistry] Storing daemon stop event with timestamp 1721795761461
2024-07-24T12:36:01.462+0800 [DEBUG] [org.gradle.cache.internal.DefaultFileLockManager] Waiting to acquire exclusive lock on daemon addresses registry.
2024-07-24T12:36:01.462+0800 [DEBUG] [org.gradle.cache.internal.DefaultFileLockManager] Lock acquired on daemon addresses registry.
2024-07-24T12:36:01.463+0800 [DEBUG] [org.gradle.cache.internal.DefaultFileLockManager] Releasing lock on daemon addresses registry.
2024-07-24T12:36:01.464+0800 [LIFECYCLE] [org.gradle.launcher.daemon.server.DaemonStateCoordinator] Daemon will be stopped at the end of the build other compatible daemons were started and after being idle for 0 minutes and not recently used
2024-07-24T12:36:01.464+0800 [DEBUG] [org.gradle.launcher.daemon.server.DaemonStateCoordinator] Marking daemon stopped due to other compatible daemons were started and after being idle for 0 minutes and not recently used. The daemon is running a build: false
2024-07-24T12:36:01.464+0800 [DEBUG] [org.gradle.launcher.daemon.server.DaemonStateCoordinator] daemon has stopped.
2024-07-24T12:36:01.464+0800 [DEBUG] [org.gradle.launcher.daemon.server.Daemon] stop() called on daemon
2024-07-24T12:36:01.464+0800 [INFO] [org.gradle.launcher.daemon.server.Daemon] Stop requested. Daemon is removing its presence from the registry...
2024-07-24T12:36:01.464+0800 [DEBUG] [org.gradle.launcher.daemon.server.DaemonRegistryUpdater] Removing our presence to clients, eg. removing this address from the registry: [399a5011-f354-45c1-aaa0-9cd39696ba24 port:58815, addresses:[localhost/127.0.0.1]]
2024-07-24T12:36:01.464+0800 [DEBUG] [org.gradle.launcher.daemon.registry.PersistentDaemonRegistry] Removing daemon address: [399a5011-f354-45c1-aaa0-9cd39696ba24 port:58815, addresses:[localhost/127.0.0.1]]
2024-07-24T12:36:01.466+0800 [DEBUG] [org.gradle.cache.internal.DefaultFileLockManager] Waiting to acquire exclusive lock on daemon addresses registry.
2024-07-24T12:36:01.466+0800 [DEBUG] [org.gradle.cache.internal.DefaultFileLockManager] Lock acquired on daemon addresses registry.
2024-07-24T12:36:01.467+0800 [DEBUG] [org.gradle.cache.internal.DefaultFileLockManager] Releasing lock on daemon addresses registry.
2024-07-24T12:36:01.468+0800 [DEBUG] [org.gradle.launcher.daemon.server.DaemonRegistryUpdater] Address removed from registry.
2024-07-24T12:36:01.477+0800 [DEBUG] [org.gradle.cache.internal.DefaultPersistentDirectoryStore] jars (E:\Plain Craft Launcher 2\MC模组开发\the_medical_devices\forge-1.20.1-47.3.0-mdk\DotGradle\caches\jars-9) has last been fully cleaned up 11 hours ago
2024-07-24T12:36:01.477+0800 [DEBUG] [org.gradle.cache.internal.DefaultCacheCoordinator] Cache jars (E:\Plain Craft Launcher 2\MC模组开发\the_medical_devices\forge-1.20.1-47.3.0-mdk\DotGradle\caches\jars-9) was closed 2 times.
2024-07-24T12:36:01.477+0800 [DEBUG] [org.gradle.cache.internal.DefaultPersistentDirectoryStore] Artifact transforms cache (E:\Plain Craft Launcher 2\MC模组开发\the_medical_devices\forge-1.20.1-47.3.0-mdk\DotGradle\caches\transforms-3) has last been fully cleaned up 11 hours ago
2024-07-24T12:36:01.477+0800 [DEBUG] [org.gradle.cache.internal.DefaultCacheCoordinator] Cache Artifact transforms cache (E:\Plain Craft Launcher 2\MC模组开发\the_medical_devices\forge-1.20.1-47.3.0-mdk\DotGradle\caches\transforms-3) was closed 0 times.
2024-07-24T12:36:01.479+0800 [DEBUG] [org.gradle.cache.internal.LockOnDemandCrossProcessCacheAccess] Releasing file lock for file content cache (E:\Plain Craft Launcher 2\MC模组开发\the_medical_devices\forge-1.20.1-47.3.0-mdk\DotGradle\caches\8.1.1\fileContent)
2024-07-24T12:36:01.479+0800 [DEBUG] [org.gradle.cache.internal.DefaultFileLockManager] Releasing lock on file content cache (E:\Plain Craft Launcher 2\MC模组开发\the_medical_devices\forge-1.20.1-47.3.0-mdk\DotGradle\caches\8.1.1\fileContent).
2024-07-24T12:36:01.479+0800 [DEBUG] [org.gradle.cache.internal.DefaultCacheCoordinator] Cache file content cache (E:\Plain Craft Launcher 2\MC模组开发\the_medical_devices\forge-1.20.1-47.3.0-mdk\DotGradle\caches\8.1.1\fileContent) was closed 2 times.
2024-07-24T12:36:01.479+0800 [DEBUG] [org.gradle.internal.watch.vfs.impl.WatchingVirtualFileSystem] Closing VFS, dropping state
2024-07-24T12:36:01.480+0800 [DEBUG] [org.gradle.internal.watch.registry.impl.DefaultFileWatcherRegistry] Finished listening to file system change events
2024-07-24T12:36:01.480+0800 [DEBUG] [org.gradle.cache.internal.DefaultCacheCoordinator] Cache Generated Gradle JARs cache (E:\Plain Craft Launcher 2\MC模组开发\the_medical_devices\forge-1.20.1-47.3.0-mdk\DotGradle\caches\8.1.1\generated-gradle-jars) was closed 0 times.
2024-07-24T12:36:01.480+0800 [DEBUG] [org.gradle.cache.internal.DefaultPersistentDirectoryStore] artifact cache (E:\Plain Craft Launcher 2\MC模组开发\the_medical_devices\forge-1.20.1-47.3.0-mdk\DotGradle\caches\modules-2) has last been fully cleaned up 11 hours ago
2024-07-24T12:36:01.480+0800 [DEBUG] [org.gradle.cache.internal.DefaultCacheCoordinator] Cache artifact cache (E:\Plain Craft Launcher 2\MC模组开发\the_medical_devices\forge-1.20.1-47.3.0-mdk\DotGradle\caches\modules-2) was closed 3 times.
2024-07-24T12:36:01.481+0800 [DEBUG] [org.gradle.cache.internal.DefaultCacheCoordinator] Cache journal cache (E:\Plain Craft Launcher 2\MC模组开发\the_medical_devices\forge-1.20.1-47.3.0-mdk\DotGradle\caches\journal-1) was closed 4 times.
2024-07-24T12:36:01.481+0800 [DEBUG] [org.gradle.cache.internal.DefaultCacheCoordinator] Cache file hash cache (E:\Plain Craft Launcher 2\MC模组开发\the_medical_devices\forge-1.20.1-47.3.0-mdk\DotGradle\caches\8.1.1\fileHashes) was closed 5 times.
2024-07-24T12:36:01.481+0800 [DEBUG] [org.gradle.cache.internal.LockOnDemandCrossProcessCacheAccess] Releasing file lock for execution history cache (E:\Plain Craft Launcher 2\MC模组开发\the_medical_devices\forge-1.20.1-47.3.0-mdk\DotGradle\caches\8.1.1\executionHistory)
2024-07-24T12:36:01.481+0800 [DEBUG] [org.gradle.cache.internal.DefaultFileLockManager] Releasing lock on execution history cache (E:\Plain Craft Launcher 2\MC模组开发\the_medical_devices\forge-1.20.1-47.3.0-mdk\DotGradle\caches\8.1.1\executionHistory).
2024-07-24T12:36:01.482+0800 [DEBUG] [org.gradle.cache.internal.LockOnDemandCrossProcessCacheAccess] Releasing file lock for Java compile cache (E:\Plain Craft Launcher 2\MC模组开发\the_medical_devices\forge-1.20.1-47.3.0-mdk\DotGradle\caches\8.1.1\javaCompile)
2024-07-24T12:36:01.482+0800 [DEBUG] [org.gradle.cache.internal.DefaultFileLockManager] Releasing lock on Java compile cache (E:\Plain Craft Launcher 2\MC模组开发\the_medical_devices\forge-1.20.1-47.3.0-mdk\DotGradle\caches\8.1.1\javaCompile).
Daemon vm is shutting down... The daemon has exited normally or was terminated in response to a user interrupt.
2024-07-24T12:36:01.483+0800 [DEBUG] [org.gradle.launcher.daemon.registry.PersistentDaemonRegistry] Removing daemon address: [399a5011-f354-45c1-aaa0-9cd39696ba24 port:58815, addresses:[localhost/127.0.0.1]]
2024-07-24T12:36:01.484+0800 [DEBUG] [org.gradle.cache.internal.DefaultFileLockManager] Waiting to acquire exclusive lock on daemon addresses registry.
2024-07-24T12:36:01.484+0800 [DEBUG] [org.gradle.cache.internal.DefaultFileLockManager] Lock acquired on daemon addresses registry.
2024-07-24T12:36:01.485+0800 [DEBUG] [org.gradle.cache.internal.DefaultFileLockManager] Releasing lock on daemon addresses registry.
